This is pdfTeX, Version 3.1415926-1.40.10 (TeX Live 2009/Debian) (format=latex 2012.1.24)  30 JAN 2012 21:08
entering extended mode
 %&-line parsing enabled.
**"Response Time Analysis of G-EDF and G-RMA based Multiprocessors with Content
ion Manager.tex"

(./Response Time Analysis of G-EDF and G-RMA based Multiprocessors with Content
ion Manager.tex
LaTeX2e <2009/09/24>
Babel <v3.8l> and hyphenation patterns for english, usenglishmax, dumylang, noh
yphenation, loaded.
(/usr/share/texmf-texlive/tex/latex/base/article.cls
Document Class: article 2007/10/19 v1.4h Standard LaTeX document class
(/usr/share/texmf-texlive/tex/latex/base/size10.clo
File: size10.clo 2007/10/19 v1.4h Standard LaTeX file (size option)
)
\c@part=\count79
\c@section=\count80
\c@subsection=\count81
\c@subsubsection=\count82
\c@paragraph=\count83
\c@subparagraph=\count84
\c@figure=\count85
\c@table=\count86
\abovecaptionskip=\skip41
\belowcaptionskip=\skip42
\bibindent=\dimen102
)
(/usr/share/texmf-texlive/tex/latex/base/fontenc.sty
Package: fontenc 2005/09/27 v1.99g Standard LaTeX package

(/usr/share/texmf-texlive/tex/latex/base/t1enc.def
File: t1enc.def 2005/09/27 v1.99g Standard LaTeX file
LaTeX Font Info:    Redeclaring font encoding T1 on input line 43.
))
(/usr/share/texmf-texlive/tex/latex/base/inputenc.sty
Package: inputenc 2008/03/30 v1.1d Input encoding file
\inpenc@prehook=\toks14
\inpenc@posthook=\toks15

(/usr/share/texmf-texlive/tex/latex/base/latin9.def
File: latin9.def 2008/03/30 v1.1d Input encoding file
))
(/usr/share/texmf-texlive/tex/latex/tools/array.sty
Package: array 2008/09/09 v2.4c Tabular extension package (FMi)
\col@sep=\dimen103
\extrarowheight=\dimen104
\NC@list=\toks16
\extratabsurround=\skip43
\backup@length=\skip44
)
(/usr/share/texmf-texlive/tex/latex/tools/verbatim.sty
Package: verbatim 2003/08/22 v1.5q LaTeX2e package for verbatim enhancements
\every@verbatim=\toks17
\verbatim@line=\toks18
\verbatim@in@stream=\read1
)
(/usr/share/texmf-texlive/tex/latex/base/textcomp.sty
Package: textcomp 2005/09/27 v1.99g Standard LaTeX package
Package textcomp Info: Sub-encoding information:
(textcomp)               5 = only ISO-Adobe without \textcurrency
(textcomp)               4 = 5 + \texteuro
(textcomp)               3 = 4 + \textohm
(textcomp)               2 = 3 + \textestimated + \textcurrency
(textcomp)               1 = TS1 - \textcircled - \t
(textcomp)               0 = TS1 (full)
(textcomp)             Font families with sub-encoding setting implement
(textcomp)             only a restricted character set as indicated.
(textcomp)             Family '?' is the default used for unknown fonts.
(textcomp)             See the documentation for details.
Package textcomp Info: Setting ? sub-encoding to TS1/1 on input line 71.

(/usr/share/texmf-texlive/tex/latex/base/ts1enc.def
File: ts1enc.def 2001/06/05 v3.0e (jk/car/fm) Standard LaTeX file
)
LaTeX Info: Redefining \oldstylenums on input line 266.
Package textcomp Info: Setting cmr sub-encoding to TS1/0 on input line 281.
Package textcomp Info: Setting cmss sub-encoding to TS1/0 on input line 282.
Package textcomp Info: Setting cmtt sub-encoding to TS1/0 on input line 283.
Package textcomp Info: Setting cmvtt sub-encoding to TS1/0 on input line 284.
Package textcomp Info: Setting cmbr sub-encoding to TS1/0 on input line 285.
Package textcomp Info: Setting cmtl sub-encoding to TS1/0 on input line 286.
Package textcomp Info: Setting ccr sub-encoding to TS1/0 on input line 287.
Package textcomp Info: Setting ptm sub-encoding to TS1/4 on input line 288.
Package textcomp Info: Setting pcr sub-encoding to TS1/4 on input line 289.
Package textcomp Info: Setting phv sub-encoding to TS1/4 on input line 290.
Package textcomp Info: Setting ppl sub-encoding to TS1/3 on input line 291.
Package textcomp Info: Setting pag sub-encoding to TS1/4 on input line 292.
Package textcomp Info: Setting pbk sub-encoding to TS1/4 on input line 293.
Package textcomp Info: Setting pnc sub-encoding to TS1/4 on input line 294.
Package textcomp Info: Setting pzc sub-encoding to TS1/4 on input line 295.
Package textcomp Info: Setting bch sub-encoding to TS1/4 on input line 296.
Package textcomp Info: Setting put sub-encoding to TS1/5 on input line 297.
Package textcomp Info: Setting uag sub-encoding to TS1/5 on input line 298.
Package textcomp Info: Setting ugq sub-encoding to TS1/5 on input line 299.
Package textcomp Info: Setting ul8 sub-encoding to TS1/4 on input line 300.
Package textcomp Info: Setting ul9 sub-encoding to TS1/4 on input line 301.
Package textcomp Info: Setting augie sub-encoding to TS1/5 on input line 302.
Package textcomp Info: Setting dayrom sub-encoding to TS1/3 on input line 303.
Package textcomp Info: Setting dayroms sub-encoding to TS1/3 on input line 304.

Package textcomp Info: Setting pxr sub-encoding to TS1/0 on input line 305.
Package textcomp Info: Setting pxss sub-encoding to TS1/0 on input line 306.
Package textcomp Info: Setting pxtt sub-encoding to TS1/0 on input line 307.
Package textcomp Info: Setting txr sub-encoding to TS1/0 on input line 308.
Package textcomp Info: Setting txss sub-encoding to TS1/0 on input line 309.
Package textcomp Info: Setting txtt sub-encoding to TS1/0 on input line 310.
Package textcomp Info: Setting futs sub-encoding to TS1/4 on input line 311.
Package textcomp Info: Setting futx sub-encoding to TS1/4 on input line 312.
Package textcomp Info: Setting futj sub-encoding to TS1/4 on input line 313.
Package textcomp Info: Setting hlh sub-encoding to TS1/3 on input line 314.
Package textcomp Info: Setting hls sub-encoding to TS1/3 on input line 315.
Package textcomp Info: Setting hlst sub-encoding to TS1/3 on input line 316.
Package textcomp Info: Setting hlct sub-encoding to TS1/5 on input line 317.
Package textcomp Info: Setting hlx sub-encoding to TS1/5 on input line 318.
Package textcomp Info: Setting hlce sub-encoding to TS1/5 on input line 319.
Package textcomp Info: Setting hlcn sub-encoding to TS1/5 on input line 320.
Package textcomp Info: Setting hlcw sub-encoding to TS1/5 on input line 321.
Package textcomp Info: Setting hlcf sub-encoding to TS1/5 on input line 322.
Package textcomp Info: Setting pplx sub-encoding to TS1/3 on input line 323.
Package textcomp Info: Setting pplj sub-encoding to TS1/3 on input line 324.
Package textcomp Info: Setting ptmx sub-encoding to TS1/4 on input line 325.
Package textcomp Info: Setting ptmj sub-encoding to TS1/4 on input line 326.
)
(/usr/share/texmf-texlive/tex/latex/amscls/amsthm.sty
Package: amsthm 2004/08/06 v2.20
\thm@style=\toks19
\thm@bodyfont=\toks20
\thm@headfont=\toks21
\thm@notefont=\toks22
\thm@headpunct=\toks23
\thm@preskip=\skip45
\thm@postskip=\skip46
\thm@headsep=\skip47
\dth@everypar=\toks24
)
(/usr/share/texmf-texlive/tex/latex/amsmath/amsmath.sty
Package: amsmath 2000/07/18 v2.13 AMS math features
\@mathmargin=\skip48

For additional information on amsmath, use the `?' option.
(/usr/share/texmf-texlive/tex/latex/amsmath/amstext.sty
Package: amstext 2000/06/29 v2.01

(/usr/share/texmf-texlive/tex/latex/amsmath/amsgen.sty
File: amsgen.sty 1999/11/30 v2.0
\@emptytoks=\toks25
\ex@=\dimen105
))
(/usr/share/texmf-texlive/tex/latex/amsmath/amsbsy.sty
Package: amsbsy 1999/11/29 v1.2d
\pmbraise@=\dimen106
)
(/usr/share/texmf-texlive/tex/latex/amsmath/amsopn.sty
Package: amsopn 1999/12/14 v2.01 operator names
)
\inf@bad=\count87
LaTeX Info: Redefining \frac on input line 211.
\uproot@=\count88
\leftroot@=\count89
LaTeX Info: Redefining \overline on input line 307.
\classnum@=\count90
\DOTSCASE@=\count91
LaTeX Info: Redefining \ldots on input line 379.
LaTeX Info: Redefining \dots on input line 382.
LaTeX Info: Redefining \cdots on input line 467.
\Mathstrutbox@=\box26
\strutbox@=\box27
\big@size=\dimen107
LaTeX Font Info:    Redeclaring font encoding OML on input line 567.
LaTeX Font Info:    Redeclaring font encoding OMS on input line 568.
\macc@depth=\count92
\c@MaxMatrixCols=\count93
\dotsspace@=\muskip10
\c@parentequation=\count94
\dspbrk@lvl=\count95
\tag@help=\toks26
\row@=\count96
\column@=\count97
\maxfields@=\count98
\andhelp@=\toks27
\eqnshift@=\dimen108
\alignsep@=\dimen109
\tagshift@=\dimen110
\tagwidth@=\dimen111
\totwidth@=\dimen112
\lineht@=\dimen113
\@envbody=\toks28
\multlinegap=\skip49
\multlinetaggap=\skip50
\mathdisplay@stack=\toks29
LaTeX Info: Redefining \[ on input line 2666.
LaTeX Info: Redefining \] on input line 2667.
)
(/usr/share/texmf-texlive/tex/latex/amsfonts/amssymb.sty
Package: amssymb 2009/06/22 v3.00

(/usr/share/texmf-texlive/tex/latex/amsfonts/amsfonts.sty
Package: amsfonts 2009/06/22 v3.00 Basic AMSFonts support
\symAMSa=\mathgroup4
\symAMSb=\mathgroup5
LaTeX Font Info:    Overwriting math alphabet `\mathfrak' in version `bold'
(Font)                  U/euf/m/n --> U/euf/b/n on input line 96.
))
(/usr/share/texmf-texlive/tex/latex/graphics/graphicx.sty
Package: graphicx 1999/02/16 v1.0f Enhanced LaTeX Graphics (DPC,SPQR)

(/usr/share/texmf-texlive/tex/latex/graphics/keyval.sty
Package: keyval 1999/03/16 v1.13 key=value parser (DPC)
\KV@toks@=\toks30
)
(/usr/share/texmf-texlive/tex/latex/graphics/graphics.sty
Package: graphics 2009/02/05 v1.0o Standard LaTeX Graphics (DPC,SPQR)

(/usr/share/texmf-texlive/tex/latex/graphics/trig.sty
Package: trig 1999/03/16 v1.09 sin cos tan (DPC)
)
(/etc/texmf/tex/latex/config/graphics.cfg
File: graphics.cfg 2009/08/28 v1.8 graphics configuration of TeX Live
)
Package graphics Info: Driver file: dvips.def on input line 91.

(/usr/share/texmf-texlive/tex/latex/graphics/dvips.def
File: dvips.def 1999/02/16 v3.0i Driver-dependant file (DPC,SPQR)
))
\Gin@req@height=\dimen114
\Gin@req@width=\dimen115
)
(/usr/share/texmf-texlive/tex/latex/ltxmisc/ulem.sty
\UL@box=\box28
\UL@hyphenbox=\box29
\UL@skip=\skip51
\UL@hook=\toks31
\UL@pe=\count99
\UL@pixel=\dimen116
\ULC@box=\box30
Package: ulem 2000/05/26
\ULdepth=\dimen117
) (./algorithm2e.sty
Package: algorithm2e 2008/00/00 v3.10 algorithms environments
\c@AlgoLine=\count100

(/usr/share/texmf-texlive/tex/latex/base/ifthen.sty
Package: ifthen 2001/05/26 v1.1c Standard LaTeX ifthen package (DPC)
)
(/usr/share/texmf-texlive/tex/latex/tools/xspace.sty
Package: xspace 2006/05/08 v1.12 Space after command names (DPC,MH)
)
(/usr/share/texmf-texlive/tex/latex/ltxmisc/relsize.sty
Package: relsize 2003/07/04 ver 3.1
)
********************************************************
Package `algorithm2e' Release 4.01 -- december 14 2009 --
- algorithm2e-announce@lirmm.fr mailing list for announcement about releases
- algorithm2e-discussion@lirmm.fr mailing list for discussion about package
subscribe by emailing sympa@lirmm.fr with 'subscribe <list> <firstname name>'
- Author: Christophe Fiorio (fiorio@lirmm.fr)
********************************************************
\skiptotal=\skip52
\skiplinenumber=\skip53
\skiprule=\skip54
\skiphlne=\skip55
\skiptext=\skip56
\skiplength=\skip57
\algomargin=\skip58
\skipalgocfslide=\skip59
\algowidth=\dimen118
\inoutsize=\dimen119
\inoutline=\dimen120
\interspacetitleruled=\dimen121
\interspacealgoruled=\dimen122
\interspacetitleboxruled=\dimen123
\algocf@inoutbox=\box31
\algocf@inputbox=\box32
\AlCapSkip=\skip60
\AlCapHSkip=\skip61
\algocf@nlbox=\box33
\algocf@hangingbox=\box34
\algocf@capbox=\box35
\algoheightruledefault=\skip62
\algoheightrule=\skip63
\algotitleheightruledefault=\skip64
\algotitleheightrule=\skip65
\c@algocfline=\count101
\c@algocfproc=\count102
\c@algocf=\count103
\algocf@algoframe=\box36
\algocf@algobox=\box37
)
\c@clm=\count104
\c@mydef=\count105
 (/usr/share/texmf-texlive/tex/latex/subfig/subfig.sty
Package: subfig 2005/06/28 ver: 1.3 subfig package

(/usr/share/texmf-texlive/tex/latex/caption/caption.sty
Package: caption 2009/10/09 v3.1k Customizing captions (AR)

(/usr/share/texmf-texlive/tex/latex/caption/caption3.sty
Package: caption3 2009/10/09 v3.1k caption3 kernel (AR)
\captionmargin=\dimen124
\captionmargin@=\dimen125
\captionwidth=\dimen126
\caption@indent=\dimen127
\caption@parindent=\dimen128
\caption@hangindent=\dimen129
)
\c@ContinuedFloat=\count106
)
\c@KVtest=\count107
\sf@farskip=\skip66
\sf@captopadj=\dimen130
\sf@capskip=\skip67
\sf@nearskip=\skip68
\c@subfigure=\count108
\c@subfigure@save=\count109
\c@lofdepth=\count110
\c@subtable=\count111
\c@subtable@save=\count112
\c@lotdepth=\count113
\sf@top=\skip69
\sf@bottom=\skip70
)
(/usr/share/texmf-texlive/tex/generic/babel/babel.sty
Package: babel 2008/07/06 v3.8l The Babel package

(/usr/share/texmf-texlive/tex/generic/babel/english.ldf
Language: english 2005/03/30 v3.3o English support from the babel system

(/usr/share/texmf-texlive/tex/generic/babel/babel.def
File: babel.def 2008/07/06 v3.8l Babel common definitions
\babel@savecnt=\count114
\U@D=\dimen131
)
\l@british = a dialect from \language\l@english 
\l@UKenglish = a dialect from \language\l@english 
\l@canadian = a dialect from \language\l@american 
\l@australian = a dialect from \language\l@british 
\l@newzealand = a dialect from \language\l@british 
))
(./Response Time Analysis of G-EDF and G-RMA based Multiprocessors with Content
ion Manager.aux

LaTeX Warning: Label `fig16' multiply defined.


LaTeX Warning: Label `fig17' multiply defined.


LaTeX Warning: Label `tab:Task-set-1' multiply defined.


LaTeX Warning: Label `tab:Task-sets-(a)' multiply defined.


LaTeX Warning: Label `tab:Task-sets-(b)' multiply defined.


LaTeX Warning: Label `tab:Task-sets-(c)' multiply defined.


LaTeX Warning: Label `fig:RC_results' multiply defined.


LaTeX Warning: Label `fig:res_results-1' multiply defined.

)
\openout1 = `"Response Time Analysis of G-EDF and G-RMA based Multiprocessors w
ith Contention Manager.aux"'.

LaTeX Font Info:    Checking defaults for OML/cmm/m/it on input line 38.
LaTeX Font Info:    ... okay on input line 38.
LaTeX Font Info:    Checking defaults for T1/cmr/m/n on input line 38.
LaTeX Font Info:    ... okay on input line 38.
LaTeX Font Info:    Checking defaults for OT1/cmr/m/n on input line 38.
LaTeX Font Info:    ... okay on input line 38.
LaTeX Font Info:    Checking defaults for OMS/cmsy/m/n on input line 38.
LaTeX Font Info:    ... okay on input line 38.
LaTeX Font Info:    Checking defaults for OMX/cmex/m/n on input line 38.
LaTeX Font Info:    ... okay on input line 38.
LaTeX Font Info:    Checking defaults for U/cmr/m/n on input line 38.
LaTeX Font Info:    ... okay on input line 38.
LaTeX Font Info:    Checking defaults for TS1/cmr/m/n on input line 38.
LaTeX Font Info:    Try loading font information for TS1+cmr on input line 38.
 (/usr/share/texmf-texlive/tex/latex/base/ts1cmr.fd
File: ts1cmr.fd 1999/05/25 v2.5h Standard LaTeX font definitions
)
LaTeX Font Info:    ... okay on input line 38.
Package caption Info: Begin \AtBeginDocument code.
Package caption3 Info: subfig package 1.2 or 1.3 is loaded.
LaTeX Info: Redefining \subref on input line 38.
Package caption Info: End \AtBeginDocument code.
LaTeX Font Info:    Try loading font information for U+msa on input line 45.

(/usr/share/texmf-texlive/tex/latex/amsfonts/umsa.fd
File: umsa.fd 2009/06/22 v3.00 AMS symbols A
)
LaTeX Font Info:    Try loading font information for U+msb on input line 45.

(/usr/share/texmf-texlive/tex/latex/amsfonts/umsb.fd
File: umsb.fd 2009/06/22 v3.00 AMS symbols B
)
Overfull \hbox (191.1496pt too wide) in paragraph at lines 62--117
[]  
 []

[1

]
Overfull \vbox (2.45209pt too high) has occurred while \output is active []


[2]
File: figures/figure1.eps Graphic file (type eps)
 <figures/figure1.eps>
File: figures/figure2.eps Graphic file (type eps)
 <figures/figure2.eps>
File: figures/figure3.eps Graphic file (type eps)
 <figures/figure3.eps> [3]
File: figures/figure4.eps Graphic file (type eps)

<figures/figure4.eps> [4]
File: figures/figure9-a.eps Graphic file (type eps)
 <figures/figure9-a.eps>
File: figures/figure9-b.eps Graphic file (type eps)
 <figures/figure9-b.eps>
[5]
File: figures/figure5-a.eps Graphic file (type eps)
 <figures/figure5-a.eps>
File: figures/figure5-b.eps Graphic file (type eps)
 <figures/figure5-b.eps>
File: figures/figure5-c.eps Graphic file (type eps)
 <figures/figure5-c.eps>
File: figures/figure6-a.eps Graphic file (type eps)

<figures/figure6-a.eps>
File: figures/figure6-b.eps Graphic file (type eps)
 <figures/figure6-b.eps>
File: figures/circle.eps Graphic file (type eps)
 <figures/circle.eps>
File: figures/dotted_circle.eps Graphic file (type eps)

<figures/dotted_circle.eps> [6] [7] [8]
File: figures/figure7.eps Graphic file (type eps)
 <figures/figure7.eps>
Overfull \hbox (35.3059pt too wide) detected at line 487
\OML/cmm/m/it/10 RC[]\OT1/cmr/m/n/10 (\OML/cmm/m/it/10 T[]\OT1/cmr/m/n/10 ) = [
] \OML/cmm/m/it/10 min []
 []

[9]
File: figures/figure8.eps Graphic file (type eps)
 <figures/figure8.eps> [10]
File: figures/figure10.eps Graphic file (type eps)
 <figures/figure10.eps> [11]
Overfull \hbox (105.85555pt too wide) detected at line 657
\OML/cmm/m/it/10 RC[]\OT1/cmr/m/n/10 (\OML/cmm/m/it/10 t\OT1/cmr/m/n/10 (\OML/c
mm/m/it/10 T[]\OT1/cmr/m/n/10 )) = [] \OML/cmm/m/it/10 min []
 []


Overfull \hbox (27.681pt too wide) detected at line 684
\OML/cmm/m/it/10 RC[]\OT1/cmr/m/n/10 (\OML/cmm/m/it/10 L\OT1/cmr/m/n/10 (\OML/c
mm/m/it/10 T[]\OT1/cmr/m/n/10 )) = [] \OML/cmm/m/it/10 min []
 []

[12]
File: figures/figure11.eps Graphic file (type eps)
 <figures/figure11.eps> [13]
File: figures/figure12-a.eps Graphic file (type eps)
 <figures/figure12-a.eps>
File: figures/figure12-b.eps Graphic file (type eps)

<figures/figure12-b.eps> [14]
File: figures/figure13.eps Graphic file (type eps)
 <figures/figure13.eps>
Overfull \hbox (9.42896pt too wide) in paragraph at lines 848--850
[]\T1/cmr/m/n/10 The rest of anal-y-sis for both sched-ulers is done as be-fore
, only $\OML/cmm/m/it/10 RC[]\OT1/cmr/m/n/10 (\OML/cmm/m/it/10 L\OT1/cmr/m/n/10
 (\OML/cmm/m/it/10 T[]\OT1/cmr/m/n/10 ))$
 []

[15]
Overfull \hbox (77.5324pt too wide) in alignment at lines 873--876
 [][][] []
 []


Overfull \hbox (87.95909pt too wide) in alignment at lines 905--908
 [][][] []
 []

[16] [17]
Overfull \hbox (122.4582pt too wide) in alignment at lines 990--995
 [][][] []
 []

File: figures/figure14.eps Graphic file (type eps)
<figures/figure14.eps> [18]
Overfull \hbox (207.50401pt too wide) in alignment at lines 1057--1060
 [][][] []
 []


Overfull \hbox (135.28207pt too wide) in paragraph at lines 1060--1068
\T1/cmr/m/n/10 Let $\OML/cmm/m/it/10 ^^P[] \OT1/cmr/m/n/10 = [][]([][](\OMS/cms
y/m/n/10 d[]e \OT1/cmr/m/n/10 + 1)\OML/cmm/m/it/10 :^^L[]\OT1/cmr/m/n/10 )\OML/
cmm/m/it/10 =t\OT1/cmr/m/n/10 (\OML/cmm/m/it/10 T[]\OT1/cmr/m/n/10 )$ \T1/cmr/m
/n/10 and $\OML/cmm/m/it/10 ^^P[] \OT1/cmr/m/n/10 = [][]([][](\OMS/cmsy/m/n/10 
d[]e \OT1/cmr/m/n/10 +
 []


Overfull \hbox (13.41234pt too wide) in paragraph at lines 1060--1068
\T1/cmr/m/n/10 quently, $\OMS/cmsy/m/n/10 d[]e \OT1/cmr/m/n/10 = 1$ \T1/cmr/m/n
/10 for all $\OML/cmm/m/it/10 T[]$ \T1/cmr/m/n/10 and $\OML/cmm/m/it/10 ^^P[] \
OT1/cmr/m/n/10 = [][]([][](2\OML/cmm/m/it/10 :^^L[]\OT1/cmr/m/n/10 ))\OML/cmm/m
/it/10 =t\OT1/cmr/m/n/10 (\OML/cmm/m/it/10 T[]\OT1/cmr/m/n/10 )$\T1/cmr/m/n/10 
,
 []

[19]
File: figures/figure15-a.eps Graphic file (type eps)
 <figures/figure15-a.eps>
File: figures/figure15-b.eps Graphic file (type eps)
 <figures/figure15-b.eps> [20]
Overfull \hbox (58.12334pt too wide) in alignment at lines 1223--1227
 [][][] []
 []

[21]
Overfull \hbox (69.5622pt too wide) detected at line 1231
[] \OMS/cmsy/m/n/10 ^^T []
 []


Overfull \hbox (69.5622pt too wide) detected at line 1235
[] \OMS/cmsy/m/n/10 ^^T []
 []

[22] [23] [24]
Overfull \hbox (9.30019pt too wide) in paragraph at lines 1347--1347
[]\T1/cmr/bx/n/14.4 Further im-prove-ments to ECM and RCM: multi-
 []


Overfull \hbox (2.851pt too wide) in paragraph at lines 1406--1406
[][]\T1/cmr/bx/n/12 Priority Con-tention Man-ager with Neg-a-tive val-ues and
 []

! Undefined control sequence.
l.1410 \linesnumbered
                     
The control sequence at the end of the top line
of your error message was never \def'ed. If you have
misspelled it (e.g., `\hobx'), type `I' and the correct
spelling (e.g., `I\hbox'). Otherwise just continue,
and I'll forget about whatever was undefined.

[25] [26] [27] [28]
File: figures/figure16.eps Graphic file (type eps)
 <figures/figure16.eps> [29] [30] [31]
Overfull \hbox (71.52174pt too wide) detected at line 1758
\OML/cmm/m/it/10 RC\OT1/cmr/m/n/10 (\OML/cmm/m/it/10 t\OT1/cmr/m/n/10 (\OML/cmm
/m/it/10 T[]\OT1/cmr/m/n/10 )) \OMS/cmsy/m/n/10 ^^T [] \OML/cmm/m/it/10 min []
 []


Overfull \hbox (187.20322pt too wide) detected at line 1777
\OML/cmm/m/it/10 RC\OT1/cmr/m/n/10 (\OML/cmm/m/it/10 t\OT1/cmr/m/n/10 (\OML/cmm
/m/it/10 T[]\OT1/cmr/m/n/10 )) \OMS/cmsy/m/n/10 ^^T [] \OML/cmm/m/it/10 min []
 []

[32]
File: figures/figure17-a.eps Graphic file (type eps)
 <figures/figure17-a.eps>
File: figures/figure17-b.eps Graphic file (type eps)
 <figures/figure17-b.eps> [33]
Overfull \hbox (82.72472pt too wide) detected at line 1872
\OML/cmm/m/it/10 BR\OT1/cmr/m/n/10 (\OML/cmm/m/it/10 t\OT1/cmr/m/n/10 (\OML/cmm
/m/it/10 T[]\OT1/cmr/m/n/10 )) \OMS/cmsy/m/n/10 ^^T [] \OML/cmm/m/it/10 min []
 []


Overfull \hbox (131.79796pt too wide) detected at line 1913
\OML/cmm/m/it/10 CO\OT1/cmr/m/n/10 (\OML/cmm/m/it/10 t\OT1/cmr/m/n/10 (\OML/cmm
/m/it/10 T[]\OT1/cmr/m/n/10 )) \OMS/cmsy/m/n/10 ^^T [] \OML/cmm/m/it/10 max []
 []


Overfull \hbox (237.47334pt too wide) detected at line 1939
\OML/cmm/m/it/10 CO\OT1/cmr/m/n/10 (\OML/cmm/m/it/10 t\OT1/cmr/m/n/10 (\OML/cmm
/m/it/10 T[]\OT1/cmr/m/n/10 )) \OMS/cmsy/m/n/10 ^^T [] \OML/cmm/m/it/10 max []
 []

[34]
Overfull \hbox (73.07637pt too wide) detected at line 1966
\OML/cmm/m/it/10 RC\OT1/cmr/m/n/10 (\OML/cmm/m/it/10 L\OT1/cmr/m/n/10 (\OML/cmm
/m/it/10 T[]\OT1/cmr/m/n/10 )) = [] \OML/cmm/m/it/10 min []
 []

[35]
Overfull \hbox (79.13954pt too wide) detected at line 2005
\OML/cmm/m/it/10 CO\OT1/cmr/m/n/10 (\OML/cmm/m/it/10 T[]\OT1/cmr/m/n/10 ) \OMS/
cmsy/m/n/10 ^^T [] \OML/cmm/m/it/10 max []
 []

[36]
Overfull \hbox (2.18909pt too wide) in paragraph at lines 2073--2078
\T1/cmr/m/n/10 Because $\OML/cmm/m/it/10 []$ \T1/cmr/m/n/10 is al-ways less th
an or equal to 1, then per-for-mance of G-EDF/LCM
 []


Overfull \hbox (35.6489pt too wide) in alignment at lines 2087--2089
 [][][] []
 []

[37]

LaTeX Warning: Citation `stmconcurrencycontrol:emsoft11' on page 38 undefined o
n input line 2114.


LaTeX Warning: Citation `stmconcurrencycontrol:emsoft11' on page 38 undefined o
n input line 2139.


LaTeX Warning: Citation `stmconcurrencycontrol:emsoft11' on page 38 undefined o
n input line 2145.

[38]
Overfull \hbox (25.76611pt too wide) in alignment at lines 2209--2212
 [][][] []
 []

[39]
Overfull \hbox (87.27997pt too wide) in alignment at lines 2244--2246
 [][][] []
 []


Overfull \hbox (0.24516pt too wide) in alignment at lines 2254--2257
 [][][] []
 []

[40] [41]
Overfull \hbox (101.62656pt too wide) in paragraph at lines 2329--2334
\T1/cmr/m/n/10 placed by $\OT1/cmr/m/n/10 1 + \OML/cmm/m/it/10 []$\T1/cmr/m/n/
10 , then in-equal-ity (70[]) is en-sured be-cause $[] \OMS/cmsy/m/n/10 ^^T
 []

[42]
Overfull \hbox (161.79059pt too wide) in paragraph at lines 2406--2408
[]\T1/cmr/m/n/10 If $\OMS/cmsy/m/n/10 d[]e ! \OT1/cmr/m/n/10 1$\T1/cmr/m/n/10 ,
 then in-equal-ity (70[])$\OMS/cmsy/m/n/10 ! [] ^^T []$\T1/cmr/m/n/10 , 
 []


Overfull \hbox (9.2621pt too wide) in paragraph at lines 2428--2435
\T1/cmr/m/n/10 As block-ing time of $\OML/cmm/m/it/10 T[]$ \T1/cmr/m/n/10 un-de
r OMLP is up-per bounded by $\OT1/cmr/m/n/10 2\OML/cmm/m/it/10 :\OT1/cmr/m/n/10
 (\OML/cmm/m/it/10 m \OMS/cmsy/m/n/10 ^^@ \OT1/cmr/m/n/10 1)\OML/cmm/m/it/10 :L
[] [][] N[]$
 []

[43]

LaTeX Warning: Citation `dellinger2011chronos' on page 44 undefined on input li
ne 2456.


LaTeX Warning: Citation `marathe2006lowering' on page 44 undefined on input lin
e 2457.

[44] [45]
File: /e/lectures/real-time/PhD-work/stm/Practical/results_uno/figures/Abr_Dur/
Abr_dur_5t_nl_g_30_0.5_0.5_0.5_1.eps Graphic file (type eps)

</e/lectures/real-time/PhD-work/stm/Practical/results_uno/figures/Abr_Dur/Abr_d
ur_5t_nl_g_30_0.5_0.5_0.5_1.eps>
File: /e/lectures/real-time/PhD-work/stm/Practical/results_uno/figures/Abr_Dur/
Abr_dur_10t_nl_g_30_0.5_0.5_0.5_1.eps Graphic file (type eps)

</e/lectures/real-time/PhD-work/stm/Practical/results_uno/figures/Abr_Dur/Abr_d
ur_10t_nl_g_30_0.5_0.5_0.5_1.eps>
File: /e/lectures/real-time/PhD-work/stm/Practical/results_uno/figures/Abr_Dur/
Abr_dur_12t_nl_g_30_0.5_0.5_0.5_1.eps Graphic file (type eps)

</e/lectures/real-time/PhD-work/stm/Practical/results_uno/figures/Abr_Dur/Abr_d
ur_12t_nl_g_30_0.5_0.5_0.5_1.eps>
File: /e/lectures/real-time/PhD-work/stm/Practical/results_uno/figures/Res_Time
/Res_Time_5t_nl_g_30_0.5_0.5_0.5_1.eps Graphic file (type eps)

</e/lectures/real-time/PhD-work/stm/Practical/results_uno/figures/Res_Time/Res_
Time_5t_nl_g_30_0.5_0.5_0.5_1.eps>
File: /e/lectures/real-time/PhD-work/stm/Practical/results_uno/figures/Res_Time
/Res_Time_10t_nl_g_30_0.5_0.5_0.5_1.eps Graphic file (type eps)

</e/lectures/real-time/PhD-work/stm/Practical/results_uno/figures/Res_Time/Res_
Time_10t_nl_g_30_0.5_0.5_0.5_1.eps>
File: /e/lectures/real-time/PhD-work/stm/Practical/results_uno/figures/Res_Time
/Res_Time_12t_nl_g_30_0.5_0.5_0.5_1.eps Graphic file (type eps)

</e/lectures/real-time/PhD-work/stm/Practical/results_uno/figures/Res_Time/Res_
Time_12t_nl_g_30_0.5_0.5_0.5_1.eps> [46] [47] [48] [49]

LaTeX Warning: Citation `Ramadan:2009:CCT:1594835.1504201' on page 50 undefined
 on input line 2740.


LaTeX Warning: Citation `Zhang:2010:BAE:1835698.1835715' on page 50 undefined o
n input line 2768.


LaTeX Warning: Citation `zhangenhancing' on page 50 undefined on input line 276
8.


LaTeX Warning: Citation `zhangenhancing' on page 50 undefined on input line 276
9.


Overfull \hbox (19.03136pt too wide) in paragraph at lines 2793--2795
[]\T1/cmr/m/n/10 A read op-er-a-tion to ob-ject $\OML/cmm/m/it/10 o$ \T1/cmr/m/
n/10 re-turns the value $\OML/cmm/m/it/10 o:v[]$ \T1/cmr/m/n/10 , where $\OML/c
mm/m/it/10 o:v[]:writestatus \OT1/cmr/m/n/10 =
 []

[50]
Overfull \hbox (13.58167pt too wide) in paragraph at lines 2805--2809
[]\T1/cmr/m/n/10 A trans-ac-tion is aborted when the cor-rect-ness cri-te-rion 
(which is the progressive-
 []

[51]

LaTeX Warning: Citation `key-3' on page 52 undefined on input line 2829.


LaTeX Warning: Citation `key-3' on page 52 undefined on input line 2831.


LaTeX Warning: Citation `key-3' on page 52 undefined on input line 2839.

[52] [53]

LaTeX Warning: Citation `key-3' on page 54 undefined on input line 2986.


LaTeX Warning: Citation `barrosmanaging' on page 54 undefined on input line 299
3.


LaTeX Warning: Citation `shavit2011data' on page 54 undefined on input line 300
1.

[54]

LaTeX Warning: Citation `sarni2009real' on page 55 undefined on input line 3017
.


LaTeX Warning: Citation `schoeberl2010rttm' on page 55 undefined on input line 
3036.


LaTeX Warning: Citation `schoeberl2010design' on page 55 undefined on input lin
e 3036.


LaTeX Warning: Citation `schoeberl:2009-19' on page 55 undefined on input line 
3036.


LaTeX Warning: Citation `schoeberl2010design' on page 55 undefined on input lin
e 3038.


LaTeX Warning: Citation `schoeberl2010rttm' on page 55 undefined on input line 
3038.


LaTeX Warning: Citation `schoeberl:2009-19' on page 55 undefined on input line 
3043.


LaTeX Warning: Citation `fahmy2009response' on page 55 undefined on input line 
3052.

[55]

LaTeX Warning: Citation `ras2010response' on page 56 undefined on input line 30
65.


Overfull \hbox (0.83112pt too wide) in paragraph at lines 3076--3079
\T1/cmr/m/n/10 The fol-low-ing ref-er-ences in-tro-duce some in-for-ma-tion on 
CON-SER-VA-TIVE CON-
 []

[56] [57] [58]
Overfull \hbox (17.06384pt too wide) in paragraph at lines 3136--3136
 []|\T1/cmr/m/n/9 Multiprocessor| 
 []


Overfull \hbox (2.94093pt too wide) in paragraph at lines 3138--3138
 []|\T1/cmr/m/n/9 Partitioned| 
 []


LaTeX Warning: Citation `key-3' on page 59 undefined on input line 3170.


Overfull \hbox (190.0786pt too wide) in paragraph at lines 3134--3173
[][] 
 []


(./Response Time Analysis of G-EDF and G-RMA based Multiprocessors with Content
ion Manager.bbl [59] [60] [61]) [62]
(./Response Time Analysis of G-EDF and G-RMA based Multiprocessors with Content
ion Manager.aux)

LaTeX Warning: There were undefined references.


LaTeX Warning: There were multiply-defined labels.

 ) 
Here is how much of TeX's memory you used:
 5190 strings out of 495062
 71239 string characters out of 1182644
 153092 words of memory out of 3000000
 8264 multiletter control sequences out of 15000+50000
 24814 words of font info for 65 fonts, out of 3000000 for 9000
 28 hyphenation exceptions out of 8191
 44i,21n,45p,785b,460s stack positions out of 5000i,500n,10000p,200000b,50000s

Output written on "Response Time Analysis of G-EDF and G-RMA based Multiprocess
ors with Contention Manager.dvi" (62 pages, 258172 bytes).
