\BOOKMARK [0][-]{chapter.1}{Introduction}{}% 1
\BOOKMARK [1][-]{section.1.1}{Transactional Memory}{chapter.1}% 2
\BOOKMARK [1][-]{section.1.2}{STM for Real-Time Software}{chapter.1}% 3
\BOOKMARK [1][-]{section.1.3}{Research Contributions}{chapter.1}% 4
\BOOKMARK [1][-]{section.1.4}{Summary of Proposed Post Preliminary Research}{chapter.1}% 5
\BOOKMARK [1][-]{section.1.5}{Proposal Organization}{chapter.1}% 6
\BOOKMARK [0][-]{chapter.2}{Past and Related Work}{}% 7
\BOOKMARK [1][-]{section.2.1}{Real-Time Locking Protocols}{chapter.2}% 8
\BOOKMARK [1][-]{section.2.2}{Real-Time Lock-Free and Wait-Free Synchronization}{chapter.2}% 9
\BOOKMARK [1][-]{section.2.3}{Real-Time Database Concurrency Control}{chapter.2}% 10
\BOOKMARK [1][-]{section.2.4}{Real-Time TM Concurrency Control}{chapter.2}% 11
\BOOKMARK [0][-]{chapter.3}{Models and Assumptions}{}% 12
\BOOKMARK [0][-]{chapter.4}{The ECM and RCM Contention Managers}{}% 13
\BOOKMARK [1][-]{section.4.1}{ECM}{chapter.4}% 14
\BOOKMARK [2][-]{subsection.4.1.1}{Illustrative Example}{section.4.1}% 15
\BOOKMARK [2][-]{subsection.4.1.2}{Transitive Retry}{section.4.1}% 16
\BOOKMARK [2][-]{subsection.4.1.3}{G-EDF Interference}{section.4.1}% 17
\BOOKMARK [2][-]{subsection.4.1.4}{Retry Cost of Atomic Sections}{section.4.1}% 18
\BOOKMARK [2][-]{subsection.4.1.5}{Upper Bound on Response Time}{section.4.1}% 19
\BOOKMARK [1][-]{section.4.2}{RCM}{chapter.4}% 20
\BOOKMARK [2][-]{subsection.4.2.1}{Maximum Task Interference}{section.4.2}% 21
\BOOKMARK [2][-]{subsection.4.2.2}{Retry Cost of Atomic Sections}{section.4.2}% 22
\BOOKMARK [2][-]{subsection.4.2.3}{Upper Bound on Response Time}{section.4.2}% 23
\BOOKMARK [1][-]{section.4.3}{STM versus Lock-Free}{chapter.4}% 24
\BOOKMARK [2][-]{subsection.4.3.1}{ECM versus Lock-Free}{section.4.3}% 25
\BOOKMARK [2][-]{subsection.4.3.2}{RCM versus Lock-Free}{section.4.3}% 26
\BOOKMARK [1][-]{section.4.4}{STM versus Locking protocols}{chapter.4}% 27
\BOOKMARK [2][-]{subsection.4.4.1}{Priority Inversion under Global OMLP}{section.4.4}% 28
\BOOKMARK [2][-]{subsection.4.4.2}{ECM versus Global OMLP}{section.4.4}% 29
\BOOKMARK [2][-]{subsection.4.4.3}{RCM versus Global OMLP}{section.4.4}% 30
\BOOKMARK [2][-]{subsection.4.4.4}{Priority Inversion under RNLP}{section.4.4}% 31
\BOOKMARK [2][-]{subsection.4.4.5}{ECM versus RNLP}{section.4.4}% 32
\BOOKMARK [2][-]{subsection.4.4.6}{RCM vs. RNLP}{section.4.4}% 33
\BOOKMARK [1][-]{section.4.5}{Conclusions}{chapter.4}% 34
\BOOKMARK [0][-]{chapter.5}{The LCM Contention Manager}{}% 35
\BOOKMARK [1][-]{section.5.1}{Length-based CM}{chapter.5}% 36
\BOOKMARK [2][-]{subsection.5.1.1}{Design and Rationale}{section.5.1}% 37
\BOOKMARK [2][-]{subsection.5.1.2}{LCM Illustrative Example}{section.5.1}% 38
\BOOKMARK [1][-]{section.5.2}{Properties}{chapter.5}% 39
\BOOKMARK [1][-]{section.5.3}{Response Time of G-EDF/LCM}{chapter.5}% 40
\BOOKMARK [1][-]{section.5.4}{Schedulability of G-EDF/LCM}{chapter.5}% 41
\BOOKMARK [2][-]{subsection.5.4.1}{Schedulability of G-EDF/LCM and ECM}{section.5.4}% 42
\BOOKMARK [2][-]{subsection.5.4.2}{G-EDF/LCM versus Lock-free}{section.5.4}% 43
\BOOKMARK [1][-]{section.5.5}{Response Time of G-RMA/LCM}{chapter.5}% 44
\BOOKMARK [1][-]{section.5.6}{Schedulability of G-RMA/LCM}{chapter.5}% 45
\BOOKMARK [2][-]{subsection.5.6.1}{Schedulability of G-RMA/LCM and RCM}{section.5.6}% 46
\BOOKMARK [2][-]{subsection.5.6.2}{G-RMA/LCM versus Lock-free}{section.5.6}% 47
\BOOKMARK [1][-]{section.5.7}{Conclusions}{chapter.5}% 48
\BOOKMARK [0][-]{chapter.6}{The PNF Contention Manager}{}% 49
\BOOKMARK [1][-]{section.6.1}{Limitations of ECM, RCM, and LCM}{chapter.6}% 50
\BOOKMARK [1][-]{section.6.2}{The PNF Contention Manager}{chapter.6}% 51
\BOOKMARK [2][-]{subsection.6.2.1}{Illustrative Example}{section.6.2}% 52
\BOOKMARK [1][-]{section.6.3}{Properties}{chapter.6}% 53
\BOOKMARK [1][-]{section.6.4}{Retry Cost under PNF}{chapter.6}% 54
\BOOKMARK [1][-]{section.6.5}{PNF vs. Competitors}{chapter.6}% 55
\BOOKMARK [2][-]{subsection.6.5.1}{PNF versus ECM}{section.6.5}% 56
\BOOKMARK [2][-]{subsection.6.5.2}{PNF versus RCM}{section.6.5}% 57
\BOOKMARK [2][-]{subsection.6.5.3}{PNF versus G-EDF/LCM}{section.6.5}% 58
\BOOKMARK [2][-]{subsection.6.5.4}{PNF versus G-RMA/LCM}{section.6.5}% 59
\BOOKMARK [2][-]{subsection.6.5.5}{PNF versus Lock-free Synchronization}{section.6.5}% 60
\BOOKMARK [1][-]{section.6.6}{Conclusion}{chapter.6}% 61
\BOOKMARK [0][-]{chapter.7}{The FBLT Contention Manager}{}% 62
\BOOKMARK [1][-]{section.7.1}{Motivation}{chapter.7}% 63
\BOOKMARK [1][-]{section.7.2}{The FBLT Contention Manager}{chapter.7}% 64
\BOOKMARK [1][-]{section.7.3}{Retry Cost and Response Time Bounds}{chapter.7}% 65
\BOOKMARK [1][-]{section.7.4}{Schedulability Comparison}{chapter.7}% 66
\BOOKMARK [1][-]{section.7.5}{Conclusions}{chapter.7}% 67
\BOOKMARK [0][-]{chapter.8}{Implementation and Experimental Evaluations}{}% 68
\BOOKMARK [0][-]{chapter.9}{Conclusions and Future Work}{}% 69
\BOOKMARK [1][-]{section.9.1}{Conclusions}{chapter.9}% 70
\BOOKMARK [1][-]{section.9.2}{Future Work}{chapter.9}% 71
\BOOKMARK [0][-]{section.9.2}{Bibliography}{}% 72
