This is pdfTeX, Version 3.1415926-1.40.10 (TeX Live 2009/Debian) (format=latex 2012.1.24)  8 APR 2012 08:56
entering extended mode
 %&-line parsing enabled.
**prilim_1.tex
(./prilim_1.tex
LaTeX2e <2009/09/24>
Babel <v3.8l> and hyphenation patterns for english, usenglishmax, dumylang, noh
yphenation, loaded.
(/usr/share/texmf-texlive/tex/latex/base/report.cls
Document Class: report 2007/10/19 v1.4h Standard LaTeX document class
(/usr/share/texmf-texlive/tex/latex/base/size12.clo
File: size12.clo 2007/10/19 v1.4h Standard LaTeX file (size option)
)
\c@part=\count79
\c@chapter=\count80
\c@section=\count81
\c@subsection=\count82
\c@subsubsection=\count83
\c@paragraph=\count84
\c@subparagraph=\count85
\c@figure=\count86
\c@table=\count87
\abovecaptionskip=\skip41
\belowcaptionskip=\skip42
\bibindent=\dimen102
)
(/usr/share/texmf-texlive/tex/latex/subfigure/subfigure.sty
Package: subfigure 2002/03/15 v2.1.5 subfigure package
\subfigtopskip=\skip43
\subfigcapskip=\skip44
\subfigcaptopadj=\dimen103
\subfigbottomskip=\skip45
\subfigcapmargin=\dimen104
\subfiglabelskip=\skip46
\c@subfigure=\count88
\c@lofdepth=\count89
\c@subtable=\count90
\c@lotdepth=\count91

****************************************
* Local config file subfigure.cfg used *
****************************************
(/usr/share/texmf-texlive/tex/latex/subfigure/subfigure.cfg)
\subfig@top=\skip47
\subfig@bottom=\skip48
)
(/usr/share/texmf-texlive/tex/latex/paralist/paralist.sty
Package: paralist 2002/03/18 v2.3b Extended list environments (BS)
\pltopsep=\skip49
\plpartopsep=\skip50
\plitemsep=\skip51
\plparsep=\skip52
\pl@lab=\toks14
)
(/usr/share/texmf-texlive/tex/latex/comment/comment.sty
\CommentStream=\write3

Excluding comment 'comment')
(/usr/share/texmf-texlive/tex/latex/tools/array.sty
Package: array 2008/09/09 v2.4c Tabular extension package (FMi)
\col@sep=\dimen105
\extrarowheight=\dimen106
\NC@list=\toks15
\extratabsurround=\skip53
\backup@length=\skip54
)
(/usr/share/texmf-texlive/tex/latex/amsmath/amsmath.sty
Package: amsmath 2000/07/18 v2.13 AMS math features
\@mathmargin=\skip55

For additional information on amsmath, use the `?' option.
(/usr/share/texmf-texlive/tex/latex/amsmath/amstext.sty
Package: amstext 2000/06/29 v2.01

(/usr/share/texmf-texlive/tex/latex/amsmath/amsgen.sty
File: amsgen.sty 1999/11/30 v2.0
\@emptytoks=\toks16
\ex@=\dimen107
))
(/usr/share/texmf-texlive/tex/latex/amsmath/amsbsy.sty
Package: amsbsy 1999/11/29 v1.2d
\pmbraise@=\dimen108
)
(/usr/share/texmf-texlive/tex/latex/amsmath/amsopn.sty
Package: amsopn 1999/12/14 v2.01 operator names
)
\inf@bad=\count92
LaTeX Info: Redefining \frac on input line 211.
\uproot@=\count93
\leftroot@=\count94
LaTeX Info: Redefining \overline on input line 307.
\classnum@=\count95
\DOTSCASE@=\count96
LaTeX Info: Redefining \ldots on input line 379.
LaTeX Info: Redefining \dots on input line 382.
LaTeX Info: Redefining \cdots on input line 467.
\Mathstrutbox@=\box26
\strutbox@=\box27
\big@size=\dimen109
LaTeX Font Info:    Redeclaring font encoding OML on input line 567.
LaTeX Font Info:    Redeclaring font encoding OMS on input line 568.
\macc@depth=\count97
\c@MaxMatrixCols=\count98
\dotsspace@=\muskip10
\c@parentequation=\count99
\dspbrk@lvl=\count100
\tag@help=\toks17
\row@=\count101
\column@=\count102
\maxfields@=\count103
\andhelp@=\toks18
\eqnshift@=\dimen110
\alignsep@=\dimen111
\tagshift@=\dimen112
\tagwidth@=\dimen113
\totwidth@=\dimen114
\lineht@=\dimen115
\@envbody=\toks19
\multlinegap=\skip56
\multlinetaggap=\skip57
\mathdisplay@stack=\toks20
LaTeX Info: Redefining \[ on input line 2666.
LaTeX Info: Redefining \] on input line 2667.
)
(/usr/share/texmf-texlive/tex/latex/graphics/graphicx.sty
Package: graphicx 1999/02/16 v1.0f Enhanced LaTeX Graphics (DPC,SPQR)

(/usr/share/texmf-texlive/tex/latex/graphics/keyval.sty
Package: keyval 1999/03/16 v1.13 key=value parser (DPC)
\KV@toks@=\toks21
)
(/usr/share/texmf-texlive/tex/latex/graphics/graphics.sty
Package: graphics 2009/02/05 v1.0o Standard LaTeX Graphics (DPC,SPQR)

(/usr/share/texmf-texlive/tex/latex/graphics/trig.sty
Package: trig 1999/03/16 v1.09 sin cos tan (DPC)
)
(/etc/texmf/tex/latex/config/graphics.cfg
File: graphics.cfg 2009/08/28 v1.8 graphics configuration of TeX Live
)
Package graphics Info: Driver file: dvips.def on input line 91.

(/usr/share/texmf-texlive/tex/latex/graphics/dvips.def
File: dvips.def 1999/02/16 v3.0i Driver-dependant file (DPC,SPQR)
))
\Gin@req@height=\dimen116
\Gin@req@width=\dimen117
)
(/usr/share/texmf-texlive/tex/latex/amsfonts/amssymb.sty
Package: amssymb 2009/06/22 v3.00

(/usr/share/texmf-texlive/tex/latex/amsfonts/amsfonts.sty
Package: amsfonts 2009/06/22 v3.00 Basic AMSFonts support
\symAMSa=\mathgroup4
\symAMSb=\mathgroup5
LaTeX Font Info:    Overwriting math alphabet `\mathfrak' in version `bold'
(Font)                  U/euf/m/n --> U/euf/b/n on input line 96.
))
(/usr/share/texmf-texlive/tex/latex/cite/cite.sty
LaTeX Info: Redefining \cite on input line 285.
LaTeX Info: Redefining \nocite on input line 356.
Package: cite 2009/08/29  v 5.2
)
(/usr/share/texmf-texlive/tex/latex/ltxmisc/url.sty
\Urlmuskip=\muskip11
Package: url 2006/04/12  ver 3.3  Verb mode for urls, etc.
) (./algorithm2e.sty
Package: algorithm2e 2008/00/00 v3.10 algorithms environments
\c@AlgoLine=\count104

(/usr/share/texmf-texlive/tex/latex/base/ifthen.sty
Package: ifthen 2001/05/26 v1.1c Standard LaTeX ifthen package (DPC)
)
(/usr/share/texmf-texlive/tex/latex/tools/xspace.sty
Package: xspace 2006/05/08 v1.12 Space after command names (DPC,MH)
)
(/usr/share/texmf-texlive/tex/latex/ltxmisc/relsize.sty
Package: relsize 2003/07/04 ver 3.1
)
********************************************************
Package `algorithm2e' Release 4.01 -- december 14 2009 --
- algorithm2e-announce@lirmm.fr mailing list for announcement about releases
- algorithm2e-discussion@lirmm.fr mailing list for discussion about package
subscribe by emailing sympa@lirmm.fr with 'subscribe <list> <firstname name>'
- Author: Christophe Fiorio (fiorio@lirmm.fr)
********************************************************
\skiptotal=\skip58
\skiplinenumber=\skip59
\skiprule=\skip60
\skiphlne=\skip61
\skiptext=\skip62
\skiplength=\skip63
\algomargin=\skip64
\skipalgocfslide=\skip65
\algowidth=\dimen118
\inoutsize=\dimen119
\inoutline=\dimen120
\interspacetitleruled=\dimen121
\interspacealgoruled=\dimen122
\interspacetitleboxruled=\dimen123
\algocf@inoutbox=\box28
\algocf@inputbox=\box29
\AlCapSkip=\skip66
\AlCapHSkip=\skip67
\algocf@nlbox=\box30
\algocf@hangingbox=\box31
\algocf@capbox=\box32
\algoheightruledefault=\skip68
\algoheightrule=\skip69
\algotitleheightruledefault=\skip70
\algotitleheightrule=\skip71
\c@algocfline=\count105
\c@algocfproc=\count106
\c@algocf=\count107
\algocf@algoframe=\box33
\algocf@algobox=\box34
) (/usr/share/texmf-texlive/tex/generic/babel/babel.sty
Package: babel 2008/07/06 v3.8l The Babel package

(/usr/share/texmf-texlive/tex/generic/babel/english.ldf
Language: english 2005/03/30 v3.3o English support from the babel system

(/usr/share/texmf-texlive/tex/generic/babel/babel.def
File: babel.def 2008/07/06 v3.8l Babel common definitions
\babel@savecnt=\count108
\U@D=\dimen124
)
\l@british = a dialect from \language\l@english 
\l@UKenglish = a dialect from \language\l@english 
\l@canadian = a dialect from \language\l@american 
\l@australian = a dialect from \language\l@british 
\l@newzealand = a dialect from \language\l@british 
))
\c@clm=\count109
\c@proof=\count110
\c@mydef=\count111
 (./prilim_1.aux

LaTeX Warning: Label `step_sicommits' multiply defined.


LaTeX Warning: Label `step_siaborts' multiply defined.


LaTeX Warning: Label `step_sicommits' multiply defined.


LaTeX Warning: Label `step_siaborts' multiply defined.


LaTeX Warning: Label `PNF lock-free comparison' multiply defined.


LaTeX Warning: Label `fig-RC-set1' multiply defined.


LaTeX Warning: Label `sub@fig-RC-set1' multiply defined.


LaTeX Warning: Label `fig-res-set1-1' multiply defined.


LaTeX Warning: Label `sub@fig-res-set1-1' multiply defined.


LaTeX Warning: Label `fig-res-set2-1' multiply defined.


LaTeX Warning: Label `sub@fig-res-set2-1' multiply defined.


LaTeX Warning: Label `fig-res-set3-1' multiply defined.


LaTeX Warning: Label `sub@fig-res-set3-1' multiply defined.


LaTeX Warning: Label `fig-RC-set1' multiply defined.


LaTeX Warning: Label `sub@fig-RC-set1' multiply defined.


LaTeX Warning: Label `fig-res-set1-1' multiply defined.


LaTeX Warning: Label `sub@fig-res-set1-1' multiply defined.


LaTeX Warning: Label `fig-res-set2-1' multiply defined.


LaTeX Warning: Label `sub@fig-res-set2-1' multiply defined.


LaTeX Warning: Label `fig-res-set3-1' multiply defined.


LaTeX Warning: Label `sub@fig-res-set3-1' multiply defined.

)
\openout1 = `prilim_1.aux'.

LaTeX Font Info:    Checking defaults for OML/cmm/m/it on input line 77.
LaTeX Font Info:    ... okay on input line 77.
LaTeX Font Info:    Checking defaults for T1/cmr/m/n on input line 77.
LaTeX Font Info:    ... okay on input line 77.
LaTeX Font Info:    Checking defaults for OT1/cmr/m/n on input line 77.
LaTeX Font Info:    ... okay on input line 77.
LaTeX Font Info:    Checking defaults for OMS/cmsy/m/n on input line 77.
LaTeX Font Info:    ... okay on input line 77.
LaTeX Font Info:    Checking defaults for OMX/cmex/m/n on input line 77.
LaTeX Font Info:    ... okay on input line 77.
LaTeX Font Info:    Checking defaults for U/cmr/m/n on input line 77.
LaTeX Font Info:    ... okay on input line 77.
 [1

] [2] [3] [4] (./prilim_1.toc
LaTeX Font Info:    Try loading font information for U+msa on input line 3.

(/usr/share/texmf-texlive/tex/latex/amsfonts/umsa.fd
File: umsa.fd 2009/06/22 v3.00 AMS symbols A
)
LaTeX Font Info:    Try loading font information for U+msb on input line 3.

(/usr/share/texmf-texlive/tex/latex/amsfonts/umsb.fd
File: umsb.fd 2009/06/22 v3.00 AMS symbols B
) [5

] [6])
\tf@toc=\write4
\openout4 = `prilim_1.toc'.

 [7]
(./prilim_1.lof
Overfull \hbox (6.14023pt too wide) in paragraph at lines 36--36
 [][] []\OT1/cmr/m/n/12 Task retry costs un-der LCM and com-peti-tor syn-chro-n
iza-tion meth-ods (0.5,0.2,0.2) []  
 []


Overfull \hbox (6.14023pt too wide) in paragraph at lines 44--44
 [][] []\OT1/cmr/m/n/12 Task retry costs un-der LCM and com-peti-tor syn-chro-n
iza-tion meth-ods (0.8,0.5,0.2) []  
 []

[8

])
\tf@lof=\write5
\openout5 = `prilim_1.lof'.

 [9] (./prilim_1.lot)
\tf@lot=\write6
\openout6 = `prilim_1.lot'.

 [10

] (./prilim_1.loa)
\tf@loa=\write7
\openout7 = `prilim_1.loa'.

 [11

]
Chapter 1.
[1

]
LaTeX Font Info:    Try loading font information for OMS+cmr on input line 225.

 (/usr/share/texmf-texlive/tex/latex/base/omscmr.fd
File: omscmr.fd 1999/05/25 v2.5h Standard LaTeX font definitions
)
LaTeX Font Info:    Font shape `OMS/cmr/m/n' in size <12> not available
(Font)              Font shape `OMS/cmsy/m/n' tried instead on input line 225.
 [2] [3] [4]
Chapter 2.
[5

] [6] [7]
Chapter 3.
[8

]
File: figures/figure9-a.eps Graphic file (type eps)
 <figures/figure9-a.eps>
File: figures/figure9-b.eps Graphic file (type eps)
 <figures/figure9-b.eps>
File: figures/figure5-a.eps Graphic file (type eps)
 <figures/figure5-a.eps>
File: figures/figure5-b-1.eps Graphic file (type eps)

<figures/figure5-b-1.eps>
File: figures/figure5-c-1.eps Graphic file (type eps)
 <figures/figure5-c-1.eps>
Underfull \hbox (badness 10000) in paragraph at lines 420--420
[]\OT1/cmr/m/n/10 (c) Lazy val-i-da-tion with
 []

[9] [10]
File: figures/figure6-a-1.eps Graphic file (type eps)
 <figures/figure6-a-1.eps>
Underfull \hbox (badness 1014) in paragraph at lines 492--492
[]\OT1/cmr/m/n/10 (a) Other atomic sec-tions
 []

File: figures/figure6-b.eps Graphic file (type eps)
<figures/figure6-b.eps>
File: figures/circle.eps Graphic file (type eps)
 <figures/circle.eps>
File: figures/dotted_circle.eps Graphic file (type eps)
 <figures/dotted_circle.eps>
[11]
File: figures/figure7.eps Graphic file (type eps)
 <figures/figure7.eps> [12] [13]
File: figures/figure10.eps Graphic file (type eps)
 <figures/figure10.eps> [14] [15]
File: figures/figure11.eps Graphic file (type eps)

<figures/figure11.eps> [16]
LaTeX Font Info:    Font shape `OMS/cmr/m/it' in size <12> not available
(Font)              Font shape `OMS/cmsy/m/n' tried instead on input line 705.
 [17] [18]
File: figures/figure14.eps Graphic file (type eps)
 <figures/figure14.eps> [19]
Overfull \hbox (34.7357pt too wide) in paragraph at lines 882--884
[]\OT1/cmr/m/it/12 Consider the same as-sump-tions as in Sec-tion 3.3.1[]. Let 
$\OML/cmm/m/it/12 [] \OT1/cmr/m/n/12 = [][] [] \OML/cmm/m/it/12 :\OT1/cmr/m/n/
12 2\OML/cmm/m/it/12 :^^L[]$\OT1/cmr/m/it/12 .
 []

[20] [21]
File: figures/figure15-a.eps Graphic file (type eps)
 <figures/figure15-a.eps>
File: figures/figure15-b.eps Graphic file (type eps)
 <figures/figure15-b.eps> [22]
Chapter 4.
[23

]
File: figures/figure16.eps Graphic file (type eps)
 <figures/figure16.eps> [24] [25] [26] [27]
File: figures/figure18.eps Graphic file (type eps)
 <figures/figure18.eps> [28]
[29] [30] [31] [32] [33] [34] [35]
Chapter 5.
[36

] [37] [38] [39] [40] [41] [42] [43] [44] [45]
File: figures/figure8.eps Graphic file (type eps)
 <figures/figure8.eps>
[46] [47]
Overfull \hbox (8.22755pt too wide) in paragraph at lines 2095--2100
\OT1/cmr/m/it/12 where $\OML/cmm/m/it/12 RC[]$ \OT1/cmr/m/it/12 and $\OML/cmm/m
/it/12 ^^P[]$ \OT1/cmr/m/it/12 are de-fined by (5.10[]). Let $\OML/cmm/m/it/12 
^^M[] \OT1/cmr/m/n/12 = \OML/cmm/m/it/12 ^^P[] \OMS/cmsy/m/n/12 [ []$\OT1/cmr/m
/it/12 , where $[] \OT1/cmr/m/n/12 = []$\OT1/cmr/m/it/12 ,
 []

[48] [49] [50] [51] [52] [53]
Chapter 6.
[54

]
File: figures/Abr_dur_5t_nl_g_30_0.2_0.2_0.2_1.eps Graphic file (type eps)
 <figures/Abr_dur_5t_nl_g_30_0.2_0.2_0.2_1.eps>
File: figures/Abr_dur_10t_nl_g_30_0.2_0.2_0.2_1.eps Graphic file (type eps)

<figures/Abr_dur_10t_nl_g_30_0.2_0.2_0.2_1.eps>
File: figures/Abr_dur_12t_nl_g_30_0.2_0.2_0.2_1.eps Graphic file (type eps)

<figures/Abr_dur_12t_nl_g_30_0.2_0.2_0.2_1.eps> [55] [56]
File: figures/Res_Time_5t_nl_g_30_0.2_0.2_0.2_1.eps Graphic file (type eps)

<figures/Res_Time_5t_nl_g_30_0.2_0.2_0.2_1.eps>
File: figures/Res_Time_10t_nl_g_30_0.2_0.2_0.2_1.eps Graphic file (type eps)

<figures/Res_Time_10t_nl_g_30_0.2_0.2_0.2_1.eps>
File: figures/Res_Time_12t_nl_g_30_0.2_0.2_0.2_1.eps Graphic file (type eps)

<figures/Res_Time_12t_nl_g_30_0.2_0.2_0.2_1.eps>
Underfull \hbox (badness 10000) in paragraph at lines 2417--2426
[][] []
 []

File: figures/Abr_dur_5t_nl_g_30_0.5_0.2_0.2_1.eps Graphic file (type eps)
<figures/Abr_dur_5t_nl_g_30_0.5_0.2_0.2_1.eps>
File: figures/Abr_dur_10t_nl_g_30_0.5_0.2_0.2_1.eps Graphic file (type eps)

<figures/Abr_dur_10t_nl_g_30_0.5_0.2_0.2_1.eps>
File: figures/Abr_dur_12t_nl_g_30_0.5_0.2_0.2_1.eps Graphic file (type eps)

<figures/Abr_dur_12t_nl_g_30_0.5_0.2_0.2_1.eps>
Underfull \hbox (badness 1178) in paragraph at lines 2450--2450
[]\OT1/cmr/m/n/12 Figure 6.3: Task retry costs un-der LCM and com-peti-tor syn-
chro-niza-tion meth-ods
 []

File: figures/Res_Time_5t_nl_g_30_0.5_0.2_0.2_1.eps Graphic file (type eps)
<figures/Res_Time_5t_nl_g_30_0.5_0.2_0.2_1.eps>
File: figures/Res_Time_10t_nl_g_30_0.5_0.2_0.2_1.eps Graphic file (type eps)

<figures/Res_Time_10t_nl_g_30_0.5_0.2_0.2_1.eps>
File: figures/Res_Time_12t_nl_g_30_0.5_0.2_0.2_1.eps Graphic file (type eps)

<figures/Res_Time_12t_nl_g_30_0.5_0.2_0.2_1.eps>
Underfull \hbox (badness 10000) in paragraph at lines 2458--2467
[][] []
 []

File: figures/Abr_dur_5t_nl_g_30_0.8_0.5_0.2_1.eps Graphic file (type eps)
<figures/Abr_dur_5t_nl_g_30_0.8_0.5_0.2_1.eps>
File: figures/Abr_dur_10t_nl_g_30_0.8_0.5_0.2_1.eps Graphic file (type eps)

<figures/Abr_dur_10t_nl_g_30_0.8_0.5_0.2_1.eps>
File: figures/Abr_dur_12t_nl_g_30_0.8_0.5_0.2_1.eps Graphic file (type eps)

<figures/Abr_dur_12t_nl_g_30_0.8_0.5_0.2_1.eps>
Underfull \hbox (badness 1178) in paragraph at lines 2486--2486
[]\OT1/cmr/m/n/12 Figure 6.5: Task retry costs un-der LCM and com-peti-tor syn-
chro-niza-tion meth-ods
 []

File: figures/Res_Time_5t_nl_g_30_0.8_0.5_0.2_1.eps Graphic file (type eps)
<figures/Res_Time_5t_nl_g_30_0.8_0.5_0.2_1.eps>
File: figures/Res_Time_10t_nl_g_30_0.8_0.5_0.2_1.eps Graphic file (type eps)

<figures/Res_Time_10t_nl_g_30_0.8_0.5_0.2_1.eps>
File: figures/Res_Time_12t_nl_g_30_0.8_0.5_0.2_1.eps Graphic file (type eps)

<figures/Res_Time_12t_nl_g_30_0.8_0.5_0.2_1.eps>
Underfull \hbox (badness 10000) in paragraph at lines 2494--2503
[][] []
 []

[57] [58] [59] [60] [61] [62]
File: figures/Abr_dur_5t_1obj_1wr.eps Graphic file (type eps)
 <figures/Abr_dur_5t_1obj_1wr.eps>
File: figures/Abr_dur_5t_1obj_1wr_without_lf.eps Graphic file (type eps)

<figures/Abr_dur_5t_1obj_1wr_without_lf.eps>
File: figures/Abr_dur_4t_5obj_1wr.eps Graphic file (type eps)
 <figures/Abr_dur_4t_5obj_1wr.eps>
File: figures/Abr_dur_8t_9obj_1wr.eps Graphic file (type eps)

<figures/Abr_dur_8t_9obj_1wr.eps>
File: figures/Abr_dur_20t_21obj_1wr.eps Graphic file (type eps)
 <figures/Abr_dur_20t_21obj_1wr.eps>

LaTeX Warning: Float too large for page by 21.72046pt on input line 2652.

[63] [64] [65]
Chapter 7.
[66

] [67] [68] (./prilim_1.bbl [69] [70

]
Missing character: There is no Ã in font cmr12!
Missing character: There is no ¶ in font cmr12!
Missing character: There is no Ã in font cmr12!
Missing character: There is no © in font cmr12!
 [71] [72] [73] [74] [75]) [76]
[77] (./prilim_1.aux)

LaTeX Warning: There were multiply-defined labels.

 ) 
Here is how much of TeX's memory you used:
 3872 strings out of 495062
 50036 string characters out of 1182644
 125301 words of memory out of 3000000
 6957 multiletter control sequences out of 15000+50000
 14301 words of font info for 54 fonts, out of 3000000 for 9000
 28 hyphenation exceptions out of 8191
 34i,20n,33p,1758b,572s stack positions out of 5000i,500n,10000p,200000b,50000s

Output written on prilim_1.dvi (88 pages, 301444 bytes).
