\BOOKMARK [0][-]{chapter.1}{Introduction}{}% 1
\BOOKMARK [1][-]{section.1.1}{Transactional Memory}{chapter.1}% 2
\BOOKMARK [1][-]{section.1.2}{STM for Real-Time Software}{chapter.1}% 3
\BOOKMARK [1][-]{section.1.3}{Research Contributions}{chapter.1}% 4
\BOOKMARK [1][-]{section.1.4}{Summary of Proposed Post Preliminary Research}{chapter.1}% 5
\BOOKMARK [1][-]{section.1.5}{Proposal Organization}{chapter.1}% 6
\BOOKMARK [0][-]{chapter.2}{Past and Related Work}{}% 7
\BOOKMARK [1][-]{section.2.1}{Real-Time Locking Protocols}{chapter.2}% 8
\BOOKMARK [1][-]{section.2.2}{Real-Time Lock-Free and Wait-Free Synchronization}{chapter.2}% 9
\BOOKMARK [1][-]{section.2.3}{Real-Time Database Concurrency Control}{chapter.2}% 10
\BOOKMARK [1][-]{section.2.4}{Real-Time TM Concurrency Control}{chapter.2}% 11
\BOOKMARK [0][-]{chapter.3}{Models and Assumptions}{}% 12
\BOOKMARK [0][-]{chapter.4}{The ECM and RCM Contention Managers}{}% 13
\BOOKMARK [1][-]{section.4.1}{ECM}{chapter.4}% 14
\BOOKMARK [2][-]{subsection.4.1.1}{Illustrative Example}{section.4.1}% 15
\BOOKMARK [2][-]{subsection.4.1.2}{Transitive Retry}{section.4.1}% 16
\BOOKMARK [2][-]{subsection.4.1.3}{G-EDF Interference}{section.4.1}% 17
\BOOKMARK [2][-]{subsection.4.1.4}{Retry Cost of Atomic Sections}{section.4.1}% 18
\BOOKMARK [2][-]{subsection.4.1.5}{Upper Bound on Response Time}{section.4.1}% 19
\BOOKMARK [1][-]{section.4.2}{RCM}{chapter.4}% 20
\BOOKMARK [2][-]{subsection.4.2.1}{Maximum Task Interference}{section.4.2}% 21
\BOOKMARK [2][-]{subsection.4.2.2}{Retry Cost of Atomic Sections}{section.4.2}% 22
\BOOKMARK [2][-]{subsection.4.2.3}{Upper Bound on Response Time}{section.4.2}% 23
\BOOKMARK [1][-]{section.4.3}{STM versus Lock-Free}{chapter.4}% 24
\BOOKMARK [2][-]{subsection.4.3.1}{ECM versus Lock-Free}{section.4.3}% 25
\BOOKMARK [2][-]{subsection.4.3.2}{RCM versus Lock-Free}{section.4.3}% 26
\BOOKMARK [1][-]{section.4.4}{STM versus Locking protocols}{chapter.4}% 27
\BOOKMARK [2][-]{subsection.4.4.1}{Priority Inversion under Global OMLP}{section.4.4}% 28
\BOOKMARK [2][-]{subsection.4.4.2}{ECM versus Global OMLP}{section.4.4}% 29
\BOOKMARK [2][-]{subsection.4.4.3}{RCM versus Global OMLP}{section.4.4}% 30
\BOOKMARK [2][-]{subsection.4.4.4}{Priority Inversion under RNLP}{section.4.4}% 31
\BOOKMARK [2][-]{subsection.4.4.5}{ECM versus RNLP}{section.4.4}% 32
\BOOKMARK [2][-]{subsection.4.4.6}{RCM vs. RNLP}{section.4.4}% 33
\BOOKMARK [1][-]{section.4.5}{Conclusions}{chapter.4}% 34
\BOOKMARK [0][-]{chapter.5}{The LCM Contention Manager}{}% 35
\BOOKMARK [1][-]{section.5.1}{Length-based CM}{chapter.5}% 36
\BOOKMARK [2][-]{subsection.5.1.1}{Design and Rationale}{section.5.1}% 37
\BOOKMARK [2][-]{subsection.5.1.2}{LCM Illustrative Example}{section.5.1}% 38
\BOOKMARK [1][-]{section.5.2}{Properties}{chapter.5}% 39
\BOOKMARK [1][-]{section.5.3}{Retry Cost and Response Time of G-EDF/LCM}{chapter.5}% 40
\BOOKMARK [1][-]{section.5.4}{Schedulability of G-EDF/LCM}{chapter.5}% 41
\BOOKMARK [2][-]{subsection.5.4.1}{G-EDF/LCM versus ECM}{section.5.4}% 42
\BOOKMARK [2][-]{subsection.5.4.2}{G-EDF/LCM versus Lock-free}{section.5.4}% 43
\BOOKMARK [2][-]{subsection.5.4.3}{G-EDF/LCM versus Global OMLP}{section.5.4}% 44
\BOOKMARK [2][-]{subsection.5.4.4}{G-EDF/LCM versus RNLP}{section.5.4}% 45
\BOOKMARK [1][-]{section.5.5}{Retry Cost and Response Time of G-RMA/LCM}{chapter.5}% 46
\BOOKMARK [1][-]{section.5.6}{Schedulability of G-RMA/LCM}{chapter.5}% 47
\BOOKMARK [2][-]{subsection.5.6.1}{G-RMA/LCM versus RCM}{section.5.6}% 48
\BOOKMARK [2][-]{subsection.5.6.2}{G-RMA/LCM versus Lock-free}{section.5.6}% 49
\BOOKMARK [2][-]{subsection.5.6.3}{G-RMA/LCM versus Global OMLP}{section.5.6}% 50
\BOOKMARK [2][-]{subsection.5.6.4}{G-RMA/LCM versus RNLP}{section.5.6}% 51
\BOOKMARK [1][-]{section.5.7}{Conclusions}{chapter.5}% 52
\BOOKMARK [0][-]{chapter.6}{The PNF Contention Manager}{}% 53
\BOOKMARK [1][-]{section.6.1}{Limitations of ECM, RCM, and LCM}{chapter.6}% 54
\BOOKMARK [1][-]{section.6.2}{The PNF Contention Manager}{chapter.6}% 55
\BOOKMARK [2][-]{subsection.6.2.1}{Illustrative Example}{section.6.2}% 56
\BOOKMARK [1][-]{section.6.3}{Properties}{chapter.6}% 57
\BOOKMARK [1][-]{section.6.4}{Retry Cost and Response Time Under PNF}{chapter.6}% 58
\BOOKMARK [1][-]{section.6.5}{PNF versus Competitors}{chapter.6}% 59
\BOOKMARK [2][-]{subsection.6.5.1}{PNF versus ECM}{section.6.5}% 60
\BOOKMARK [2][-]{subsection.6.5.2}{PNF versus RCM}{section.6.5}% 61
\BOOKMARK [2][-]{subsection.6.5.3}{PNF versus G-EDF/LCM}{section.6.5}% 62
\BOOKMARK [2][-]{subsection.6.5.4}{PNF versus G-RMA/LCM}{section.6.5}% 63
\BOOKMARK [2][-]{subsection.6.5.5}{PNF versus Lock-free Synchronization}{section.6.5}% 64
\BOOKMARK [2][-]{subsection.6.5.6}{PNF versus Locking Protocols}{section.6.5}% 65
\BOOKMARK [1][-]{section.6.6}{Conclusions}{chapter.6}% 66
\BOOKMARK [0][-]{chapter.7}{The FBLT Contention Manager}{}% 67
\BOOKMARK [1][-]{section.7.1}{Motivation}{chapter.7}% 68
\BOOKMARK [1][-]{section.7.2}{The FBLT Contention Manager}{chapter.7}% 69
\BOOKMARK [2][-]{subsection.7.2.1}{Illustrative Example}{section.7.2}% 70
\BOOKMARK [1][-]{section.7.3}{Retry Cost and Response Time Bounds}{chapter.7}% 71
\BOOKMARK [1][-]{section.7.4}{Schedulability Comparison}{chapter.7}% 72
\BOOKMARK [2][-]{subsection.7.4.1}{FBLT versus ECM}{section.7.4}% 73
\BOOKMARK [2][-]{subsection.7.4.2}{FBLT versus RCM}{section.7.4}% 74
\BOOKMARK [2][-]{subsection.7.4.3}{FBLT versus G-EDF/LCM}{section.7.4}% 75
\BOOKMARK [2][-]{subsection.7.4.4}{FBLT versus G-RMA/LCM}{section.7.4}% 76
\BOOKMARK [2][-]{subsection.7.4.5}{FBLT versus G-EDF/PNF}{section.7.4}% 77
\BOOKMARK [2][-]{subsection.7.4.6}{FBLT versus G-RMA/PNF}{section.7.4}% 78
\BOOKMARK [2][-]{subsection.7.4.7}{FBLT versus Lock-free}{section.7.4}% 79
\BOOKMARK [2][-]{subsection.7.4.8}{FBLT versus Locking Protocols}{section.7.4}% 80
\BOOKMARK [1][-]{section.7.5}{Conclusions}{chapter.7}% 81
\BOOKMARK [0][-]{chapter.8}{FBLT Contention Manager with Checkpointing}{}% 82
\BOOKMARK [1][-]{section.8.1}{Motivation}{chapter.8}% 83
\BOOKMARK [1][-]{section.8.2}{Checkpointing FBLT \(CPFBLT\)}{chapter.8}% 84
\BOOKMARK [2][-]{subsection.8.2.1}{Checkpointing LCM \(CPLCM\)}{section.8.2}% 85
\BOOKMARK [2][-]{subsection.8.2.2}{CPFBLT}{section.8.2}% 86
\BOOKMARK [1][-]{section.8.3}{CPFBLT Retry Cost}{chapter.8}% 87
\BOOKMARK [1][-]{section.8.4}{CPFBLT versus FBLT}{chapter.8}% 88
\BOOKMARK [1][-]{section.8.5}{Conclusion}{chapter.8}% 89
\BOOKMARK [0][-]{chapter.9}{Implementation and Experimental Evaluations}{}% 90
\BOOKMARK [1][-]{section.9.1}{Methodology}{chapter.9}% 91
\BOOKMARK [1][-]{section.9.2}{Tasksets}{chapter.9}% 92
\BOOKMARK [1][-]{section.9.3}{Performance Measurements}{chapter.9}% 93
\BOOKMARK [1][-]{section.9.4}{Results}{chapter.9}% 94
\BOOKMARK [0][-]{chapter.10}{Conclusions and Future Work}{}% 95
\BOOKMARK [1][-]{section.10.1}{Conclusions}{chapter.10}% 96
\BOOKMARK [1][-]{section.10.2}{Future Work}{chapter.10}% 97
\BOOKMARK [0][-]{section.10.2}{Bibliography}{}% 98
