This is pdfTeX, Version 3.1415926-1.40.10 (TeX Live 2009/Debian) (format=latex 2013.1.2)  7 MAR 2013 16:37
entering extended mode
 %&-line parsing enabled.
**LCTES_sh.tex
(./LCTES_sh.tex
LaTeX2e <2009/09/24>
Babel <v3.8l> and hyphenation patterns for english, usenglishmax, dumylang, noh
yphenation, loaded.
(./sigplanconf.cls
Document Class: sigplanconf 2011/11/08 v2.5 ACM SIGPLAN Proceedings
\@numheaddepth=\count79
(/usr/share/texmf-texlive/tex/latex/base/article.cls
Document Class: article 2007/10/19 v1.4h Standard LaTeX document class
(/usr/share/texmf-texlive/tex/latex/base/size10.clo
File: size10.clo 2007/10/19 v1.4h Standard LaTeX file (size option)
)
\c@part=\count80
\c@section=\count81
\c@subsection=\count82
\c@subsubsection=\count83
\c@paragraph=\count84
\c@subparagraph=\count85
\c@figure=\count86
\c@table=\count87
\abovecaptionskip=\skip41
\belowcaptionskip=\skip42
\bibindent=\dimen102
)
\standardtextwidth=\dimen103
\standardvspace=\skip43

Using natbib package with 'numbers' citation style.
(/usr/share/texmf-texlive/tex/latex/natbib/natbib.sty
Package: natbib 2009/07/16 8.31 (PWD, AO)
\bibhang=\skip44
\bibsep=\skip45
LaTeX Info: Redefining \cite on input line 694.
\c@NAT@ctr=\count88
)
\@sectionaboveskip=\skip46
\@sectionbelowskip=\skip47
\@subsectionaboveskip=\skip48
\@subsectionbelowskip=\skip49
\@paragraphaboveskip=\skip50
\@authorcount=\count89
\@titlenotecount=\count90
\@titlenotetext=\toks14
\@fnmark=\toks15
\@authori=\count91
\@measbox=\box26
)
(/usr/share/texmf-texlive/tex/latex/paralist/paralist.sty
Package: paralist 2002/03/18 v2.3b Extended list environments (BS)
\pltopsep=\skip51
\plpartopsep=\skip52
\plitemsep=\skip53
\plparsep=\skip54
\pl@lab=\toks16
)
(/usr/share/texmf-texlive/tex/latex/comment/comment.sty
\CommentStream=\write3

Excluding comment 'comment')
(/usr/share/texmf-texlive/tex/latex/amscls/amsthm.sty
Package: amsthm 2004/08/06 v2.20
\thm@style=\toks17
\thm@bodyfont=\toks18
\thm@headfont=\toks19
\thm@notefont=\toks20
\thm@headpunct=\toks21
\thm@preskip=\skip55
\thm@postskip=\skip56
\thm@headsep=\skip57
\dth@everypar=\toks22
)
(/usr/share/texmf-texlive/tex/latex/amsfonts/amssymb.sty
Package: amssymb 2009/06/22 v3.00

(/usr/share/texmf-texlive/tex/latex/amsfonts/amsfonts.sty
Package: amsfonts 2009/06/22 v3.00 Basic AMSFonts support
\@emptytoks=\toks23
\symAMSa=\mathgroup4
\symAMSb=\mathgroup5
LaTeX Font Info:    Overwriting math alphabet `\mathfrak' in version `bold'
(Font)                  U/euf/m/n --> U/euf/b/n on input line 96.
))
(/usr/share/texmf-texlive/tex/latex/amsmath/amsmath.sty
Package: amsmath 2000/07/18 v2.13 AMS math features
\@mathmargin=\skip58

For additional information on amsmath, use the `?' option.
(/usr/share/texmf-texlive/tex/latex/amsmath/amstext.sty
Package: amstext 2000/06/29 v2.01

(/usr/share/texmf-texlive/tex/latex/amsmath/amsgen.sty
File: amsgen.sty 1999/11/30 v2.0
\@emptytoks=\toks24
\ex@=\dimen104
))
(/usr/share/texmf-texlive/tex/latex/amsmath/amsbsy.sty
Package: amsbsy 1999/11/29 v1.2d
\pmbraise@=\dimen105
)
(/usr/share/texmf-texlive/tex/latex/amsmath/amsopn.sty
Package: amsopn 1999/12/14 v2.01 operator names
)
\inf@bad=\count92
LaTeX Info: Redefining \frac on input line 211.
\uproot@=\count93
\leftroot@=\count94
LaTeX Info: Redefining \overline on input line 307.
\classnum@=\count95
\DOTSCASE@=\count96
LaTeX Info: Redefining \ldots on input line 379.
LaTeX Info: Redefining \dots on input line 382.
LaTeX Info: Redefining \cdots on input line 467.
\Mathstrutbox@=\box27
\strutbox@=\box28
\big@size=\dimen106
LaTeX Font Info:    Redeclaring font encoding OML on input line 567.
LaTeX Font Info:    Redeclaring font encoding OMS on input line 568.
\macc@depth=\count97
\c@MaxMatrixCols=\count98
\dotsspace@=\muskip10
\c@parentequation=\count99
\dspbrk@lvl=\count100
\tag@help=\toks25
\row@=\count101
\column@=\count102
\maxfields@=\count103
\andhelp@=\toks26
\eqnshift@=\dimen107
\alignsep@=\dimen108
\tagshift@=\dimen109
\tagwidth@=\dimen110
\totwidth@=\dimen111
\lineht@=\dimen112
\@envbody=\toks27
\multlinegap=\skip59
\multlinetaggap=\skip60
\mathdisplay@stack=\toks28
LaTeX Info: Redefining \[ on input line 2666.
LaTeX Info: Redefining \] on input line 2667.
)
(/usr/share/texmf-texlive/tex/latex/subfigure/subfigure.sty
Package: subfigure 2002/03/15 v2.1.5 subfigure package
\subfigtopskip=\skip61
\subfigcapskip=\skip62
\subfigcaptopadj=\dimen113
\subfigbottomskip=\skip63
\subfigcapmargin=\dimen114
\subfiglabelskip=\skip64
\c@subfigure=\count104
\c@lofdepth=\count105
\c@subtable=\count106
\c@lotdepth=\count107

****************************************
* Local config file subfigure.cfg used *
****************************************
(/usr/share/texmf-texlive/tex/latex/subfigure/subfigure.cfg)
\subfig@top=\skip65
\subfig@bottom=\skip66
)
(/usr/share/texmf-texlive/tex/latex/ltxmisc/url.sty
\Urlmuskip=\muskip11
Package: url 2006/04/12  ver 3.3  Verb mode for urls, etc.
)
(/usr/share/texmf-texlive/tex/latex/graphics/graphicx.sty
Package: graphicx 1999/02/16 v1.0f Enhanced LaTeX Graphics (DPC,SPQR)

(/usr/share/texmf-texlive/tex/latex/graphics/keyval.sty
Package: keyval 1999/03/16 v1.13 key=value parser (DPC)
\KV@toks@=\toks29
)
(/usr/share/texmf-texlive/tex/latex/graphics/graphics.sty
Package: graphics 2009/02/05 v1.0o Standard LaTeX Graphics (DPC,SPQR)

(/usr/share/texmf-texlive/tex/latex/graphics/trig.sty
Package: trig 1999/03/16 v1.09 sin cos tan (DPC)
)
(/etc/texmf/tex/latex/config/graphics.cfg
File: graphics.cfg 2009/08/28 v1.8 graphics configuration of TeX Live
)
Package graphics Info: Driver file: dvips.def on input line 91.

(/usr/share/texmf-texlive/tex/latex/graphics/dvips.def
File: dvips.def 1999/02/16 v3.0i Driver-dependant file (DPC,SPQR)
))
\Gin@req@height=\dimen115
\Gin@req@width=\dimen116
) (./algorithm2e.sty
Package: algorithm2e 2008/00/00 v3.10 algorithms environments
\c@AlgoLine=\count108

(/usr/share/texmf-texlive/tex/latex/base/ifthen.sty
Package: ifthen 2001/05/26 v1.1c Standard LaTeX ifthen package (DPC)
)
(/usr/share/texmf-texlive/tex/latex/tools/xspace.sty
Package: xspace 2006/05/08 v1.12 Space after command names (DPC,MH)
)
(/usr/share/texmf-texlive/tex/latex/ltxmisc/relsize.sty
Package: relsize 2003/07/04 ver 3.1
)
********************************************************
Package `algorithm2e' Release 4.01 -- december 14 2009 --
- algorithm2e-announce@lirmm.fr mailing list for announcement about releases
- algorithm2e-discussion@lirmm.fr mailing list for discussion about package
subscribe by emailing sympa@lirmm.fr with 'subscribe <list> <firstname name>'
- Author: Christophe Fiorio (fiorio@lirmm.fr)
********************************************************
\skiptotal=\skip67
\skiplinenumber=\skip68
\skiprule=\skip69
\skiphlne=\skip70
\skiptext=\skip71
\skiplength=\skip72
\algomargin=\skip73
\skipalgocfslide=\skip74
\algowidth=\dimen117
\inoutsize=\dimen118
\inoutline=\dimen119
\interspacetitleruled=\dimen120
\interspacealgoruled=\dimen121
\interspacetitleboxruled=\dimen122
\algocf@inoutbox=\box29
\algocf@inputbox=\box30
\AlCapSkip=\skip75
\AlCapHSkip=\skip76
\algocf@nlbox=\box31
\algocf@hangingbox=\box32
\algocf@capbox=\box33
\algoheightruledefault=\skip77
\algoheightrule=\skip78
\algotitleheightruledefault=\skip79
\algotitleheightrule=\skip80
\c@algocfline=\count109
\c@algocfproc=\count110
\c@algocf=\count111
\algocf@algoframe=\box34
\algocf@algobox=\box35
)
\c@clm=\count112
 (/usr/share/texmf-texlive/tex/latex/pslatex/pslatex.sty
Package: pslatex 1996/07/24 v1.2 pslatex emulation (DPC)
LaTeX Font Info:    Redeclaring symbol font `operators' on input line 65.
LaTeX Font Info:    Overwriting symbol font `operators' in version `normal'
(Font)                  OT1/cmr/m/n --> OT1/ptmcm/m/n on input line 65.
LaTeX Font Info:    Overwriting symbol font `operators' in version `bold'
(Font)                  OT1/cmr/bx/n --> OT1/ptmcm/m/n on input line 65.
LaTeX Font Info:    Redeclaring symbol font `letters' on input line 66.
LaTeX Font Info:    Overwriting symbol font `letters' in version `normal'
(Font)                  OML/cmm/m/it --> OML/ptmcm/m/it on input line 66.
LaTeX Font Info:    Overwriting symbol font `letters' in version `bold'
(Font)                  OML/cmm/b/it --> OML/ptmcm/m/it on input line 66.
LaTeX Font Info:    Redeclaring symbol font `symbols' on input line 67.
LaTeX Font Info:    Overwriting symbol font `symbols' in version `normal'
(Font)                  OMS/cmsy/m/n --> OMS/pzccm/m/n on input line 67.
LaTeX Font Info:    Overwriting symbol font `symbols' in version `bold'
(Font)                  OMS/cmsy/b/n --> OMS/pzccm/m/n on input line 67.
LaTeX Font Info:    Redeclaring symbol font `largesymbols' on input line 68.
LaTeX Font Info:    Overwriting symbol font `largesymbols' in version `normal'
(Font)                  OMX/cmex/m/n --> OMX/psycm/m/n on input line 68.
LaTeX Font Info:    Overwriting symbol font `largesymbols' in version `bold'
(Font)                  OMX/cmex/m/n --> OMX/psycm/m/n on input line 68.
\symbold=\mathgroup6
\symitalic=\mathgroup7
LaTeX Font Info:    Redeclaring math alphabet \mathbf on input line 74.
LaTeX Font Info:    Overwriting math alphabet `\mathbf' in version `normal'
(Font)                  OT1/cmr/bx/n --> OT1/ptm/bx/n on input line 74.
LaTeX Font Info:    Overwriting math alphabet `\mathbf' in version `bold'
(Font)                  OT1/cmr/bx/n --> OT1/ptm/bx/n on input line 74.
LaTeX Font Info:    Redeclaring math alphabet \mathit on input line 75.
LaTeX Font Info:    Overwriting math alphabet `\mathit' in version `normal'
(Font)                  OT1/cmr/m/it --> OT1/ptm/m/it on input line 75.
LaTeX Font Info:    Overwriting math alphabet `\mathit' in version `bold'
(Font)                  OT1/cmr/bx/it --> OT1/ptm/m/it on input line 75.
) (./LCTES_sh.aux

LaTeX Warning: Label `fig:4t_grma_res' multiply defined.


LaTeX Warning: Label `sub@fig:4t_grma_res' multiply defined.

)
\openout1 = `LCTES_sh.aux'.

LaTeX Font Info:    Checking defaults for OML/cmm/m/it on input line 18.
LaTeX Font Info:    ... okay on input line 18.
LaTeX Font Info:    Checking defaults for T1/cmr/m/n on input line 18.
LaTeX Font Info:    ... okay on input line 18.
LaTeX Font Info:    Checking defaults for OT1/cmr/m/n on input line 18.
LaTeX Font Info:    ... okay on input line 18.
LaTeX Font Info:    Checking defaults for OMS/pzccm/m/n on input line 18.
LaTeX Font Info:    Try loading font information for OMS+pzccm on input line 18
.
 (/usr/share/texmf-texlive/tex/latex/psnfss/omspzccm.fd
File: omspzccm.fd 2000/01/03 Fontinst v1.801 font definitions for OMS/pzccm.
)
LaTeX Font Info:    ... okay on input line 18.
LaTeX Font Info:    Checking defaults for OMX/cmex/m/n on input line 18.
LaTeX Font Info:    ... okay on input line 18.
LaTeX Font Info:    Checking defaults for U/cmr/m/n on input line 18.
LaTeX Font Info:    ... okay on input line 18.
LaTeX Font Info:    Font shape `OT1/ptm/bx/n' in size <18> not available
(Font)              Font shape `OT1/ptm/b/n' tried instead on input line 46.
LaTeX Font Info:    Font shape `OT1/phv/m/n' will be
(Font)              scaled to size 8.09995pt on input line 46.
LaTeX Font Info:    Font shape `OT1/ptm/bx/n' in size <11> not available
(Font)              Font shape `OT1/ptm/b/n' tried instead on input line 48.
LaTeX Font Info:    Font shape `OT1/ptm/bx/n' in size <9> not available
(Font)              Font shape `OT1/ptm/b/n' tried instead on input line 53.
LaTeX Font Info:    Font shape `OT1/ptm/bx/it' in size <9> not available
(Font)              Font shape `OT1/ptm/b/it' tried instead on input line 53.

Underfull \vbox (badness 10000) has occurred while \output is active []

 [1


]
LaTeX Font Info:    Try loading font information for OT1+ptmcm on input line 11
2.

(/usr/share/texmf-texlive/tex/latex/psnfss/ot1ptmcm.fd
File: ot1ptmcm.fd 2000/01/03 Fontinst v1.801 font definitions for OT1/ptmcm.
)
LaTeX Font Info:    Try loading font information for OML+ptmcm on input line 11
2.

(/usr/share/texmf-texlive/tex/latex/psnfss/omlptmcm.fd
File: omlptmcm.fd 2000/01/03 Fontinst v1.801 font definitions for OML/ptmcm.
)
LaTeX Font Info:    Try loading font information for OMX+psycm on input line 11
2.

(/usr/share/texmf-texlive/tex/latex/psnfss/omxpsycm.fd
File: omxpsycm.fd 2000/01/03 Fontinst v1.801 font definitions for OMX/psycm.
)
LaTeX Font Info:    Try loading font information for U+msa on input line 112.

(/usr/share/texmf-texlive/tex/latex/amsfonts/umsa.fd
File: umsa.fd 2009/06/22 v3.00 AMS symbols A
)
LaTeX Font Info:    Try loading font information for U+msb on input line 112.

(/usr/share/texmf-texlive/tex/latex/amsfonts/umsb.fd
File: umsb.fd 2009/06/22 v3.00 AMS symbols B
)
LaTeX Font Info:    Font shape `OT1/ptm/bx/n' in size <7> not available
(Font)              Font shape `OT1/ptm/b/n' tried instead on input line 112.
LaTeX Font Info:    Font shape `OT1/ptm/bx/n' in size <5> not available
(Font)              Font shape `OT1/ptm/b/n' tried instead on input line 112.
LaTeX Font Info:    Font shape `OMS/ptm/m/n' in size <9> not available
(Font)              Font shape `OMS/pzccm/m/n' tried instead on input line 119.

 [2]
LaTeX Font Info:    Font shape `OT1/ptm/bx/n' in size <8> not available
(Font)              Font shape `OT1/ptm/b/n' tried instead on input line 158.
LaTeX Font Info:    Font shape `OT1/ptm/bx/n' in size <6> not available
(Font)              Font shape `OT1/ptm/b/n' tried instead on input line 158.
LaTeX Font Info:    Font shape `OT1/ptm/bx/n' in size <5.55556> not available
(Font)              Font shape `OT1/ptm/b/n' tried instead on input line 160.

Underfull \vbox (badness 4940) has occurred while \output is active []

 [3]
[4]
Overfull \hbox (10.24055pt too wide) in alignment at lines 426--430
 [][][] []
 []

[5]
Underfull \hbox (badness 1184) in paragraph at lines 440--441
\OT1/ptm/m/n/9 mod-i-fied RSTM to in-clude im-ple-men-ta-tions of CPF-BLT and
 []

File: /e/lectures/real-time/PhD-work/STM/Dropbox/Practical/results_uno/figures/
4_tasks/Res_Time/fblt/NCP_vs_CP_Res_4t_50obj_100wr_-1eta_gedf.eps Graphic file 
(type eps)

</e/lectures/real-time/PhD-work/STM/Dropbox/Practical/results_uno/figures/4_tas
ks/Res_Time/fblt/NCP_vs_CP_Res_4t_50obj_100wr_-1eta_gedf.eps>
File: /e/lectures/real-time/PhD-work/STM/Dropbox/Practical/results_uno/figures/
4_tasks/Res_Time/fblt/NCP_vs_CP_Res_4t_50obj_100wr_-1eta_grma.eps Graphic file 
(type eps)

</e/lectures/real-time/PhD-work/STM/Dropbox/Practical/results_uno/figures/4_tas
ks/Res_Time/fblt/NCP_vs_CP_Res_4t_50obj_100wr_-1eta_grma.eps>
Overfull \hbox (17.44388pt too wide) in paragraph at lines 449--456
 [][] 
 []


Overfull \hbox (17.44388pt too wide) in paragraph at lines 449--456
 [] 
 []

File: /e/lectures/real-time/PhD-work/STM/Dropbox/Practical/results_uno/figures/
8_tasks/Res_Time/fblt/NCP_vs_CP_Res_8t_90obj_100wr_-1eta_gedf.eps Graphic file 
(type eps)

</e/lectures/real-time/PhD-work/STM/Dropbox/Practical/results_uno/figures/8_tas
ks/Res_Time/fblt/NCP_vs_CP_Res_8t_90obj_100wr_-1eta_gedf.eps>
File: /e/lectures/real-time/PhD-work/STM/Dropbox/Practical/results_uno/figures/
8_tasks/Res_Time/fblt/NCP_vs_CP_Res_8t_90obj_100wr_-1eta_grma.eps Graphic file 
(type eps)

</e/lectures/real-time/PhD-work/STM/Dropbox/Practical/results_uno/figures/8_tas
ks/Res_Time/fblt/NCP_vs_CP_Res_8t_90obj_100wr_-1eta_grma.eps>
Overfull \hbox (17.44388pt too wide) in paragraph at lines 466--473
 [][] 
 []


Overfull \hbox (17.44388pt too wide) in paragraph at lines 466--473
 [] 
 []

File: /e/lectures/real-time/PhD-work/STM/Dropbox/Practical/results_uno/figures/
20_tasks/Res_Time/fblt/NCP_vs_CP_Res_20t_210obj_100wr_-1eta_gedf.eps Graphic fi
le (type eps)

</e/lectures/real-time/PhD-work/STM/Dropbox/Practical/results_uno/figures/20_ta
sks/Res_Time/fblt/NCP_vs_CP_Res_20t_210obj_100wr_-1eta_gedf.eps>
File: /e/lectures/real-time/PhD-work/STM/Dropbox/Practical/results_uno/figures/
20_tasks/Res_Time/fblt/NCP_vs_CP_Res_20t_210obj_100wr_-1eta_grma.eps Graphic fi
le (type eps)

</e/lectures/real-time/PhD-work/STM/Dropbox/Practical/results_uno/figures/20_ta
sks/Res_Time/fblt/NCP_vs_CP_Res_20t_210obj_100wr_-1eta_grma.eps>
Overfull \hbox (17.44388pt too wide) in paragraph at lines 484--491
 [][] 
 []


Overfull \hbox (17.44388pt too wide) in paragraph at lines 484--491
 [] 
 []

File: /e/lectures/real-time/PhD-work/STM/Dropbox/Practical/results_uno/figures/
4_tasks/Abr_Dur/fblt/NCP_vs_CP_Abr_dur_4t_50obj_100wr_-1eta_gedf.eps Graphic fi
le (type eps)

</e/lectures/real-time/PhD-work/STM/Dropbox/Practical/results_uno/figures/4_tas
ks/Abr_Dur/fblt/NCP_vs_CP_Abr_dur_4t_50obj_100wr_-1eta_gedf.eps>
File: /e/lectures/real-time/PhD-work/STM/Dropbox/Practical/results_uno/figures/
4_tasks/Abr_Dur/fblt/NCP_vs_CP_Abr_dur_4t_50obj_100wr_-1eta_grma.eps Graphic fi
le (type eps)

</e/lectures/real-time/PhD-work/STM/Dropbox/Practical/results_uno/figures/4_tas
ks/Abr_Dur/fblt/NCP_vs_CP_Abr_dur_4t_50obj_100wr_-1eta_grma.eps>
Overfull \hbox (17.44388pt too wide) in paragraph at lines 502--509
 [][] 
 []


Overfull \hbox (17.44388pt too wide) in paragraph at lines 502--509
 [] 
 []

File: /e/lectures/real-time/PhD-work/STM/Dropbox/Practical/results_uno/figures/
8_tasks/Abr_Dur/fblt/NCP_vs_CP_Abr_dur_8t_90obj_100wr_-1eta_gedf.eps Graphic fi
le (type eps)

</e/lectures/real-time/PhD-work/STM/Dropbox/Practical/results_uno/figures/8_tas
ks/Abr_Dur/fblt/NCP_vs_CP_Abr_dur_8t_90obj_100wr_-1eta_gedf.eps>
File: /e/lectures/real-time/PhD-work/STM/Dropbox/Practical/results_uno/figures/
8_tasks/Abr_Dur/fblt/NCP_vs_CP_Abr_dur_8t_90obj_100wr_-1eta_grma.eps Graphic fi
le (type eps)

</e/lectures/real-time/PhD-work/STM/Dropbox/Practical/results_uno/figures/8_tas
ks/Abr_Dur/fblt/NCP_vs_CP_Abr_dur_8t_90obj_100wr_-1eta_grma.eps>
Overfull \hbox (17.44388pt too wide) in paragraph at lines 520--527
 [][] 
 []


Overfull \hbox (17.44388pt too wide) in paragraph at lines 520--527
 [] 
 []

File: /e/lectures/real-time/PhD-work/STM/Dropbox/Practical/results_uno/figures/
20_tasks/Abr_Dur/fblt/NCP_vs_CP_Abr_dur_20t_210obj_100wr_-1eta_gedf.eps Graphic
 file (type eps)

</e/lectures/real-time/PhD-work/STM/Dropbox/Practical/results_uno/figures/20_ta
sks/Abr_Dur/fblt/NCP_vs_CP_Abr_dur_20t_210obj_100wr_-1eta_gedf.eps>
File: /e/lectures/real-time/PhD-work/STM/Dropbox/Practical/results_uno/figures/
20_tasks/Abr_Dur/fblt/NCP_vs_CP_Abr_dur_20t_210obj_100wr_-1eta_grma.eps Graphic
 file (type eps)

</e/lectures/real-time/PhD-work/STM/Dropbox/Practical/results_uno/figures/20_ta
sks/Abr_Dur/fblt/NCP_vs_CP_Abr_dur_20t_210obj_100wr_-1eta_grma.eps>
Overfull \hbox (17.44388pt too wide) in paragraph at lines 538--545
 [][] 
 []


Overfull \hbox (17.44388pt too wide) in paragraph at lines 538--545
 [] 
 []

[6] (./LCTES_sh.bbl
Underfull \vbox (badness 10000) has occurred while \output is active []


Underfull \vbox (badness 1424) has occurred while \output is active []

 [7]
[8]
Underfull \hbox (badness 3375) in paragraph at lines 168--174
[]\OT1/ptm/m/n/8 A. Turcu.  \OT1/ptm/m/it/8 On Im-prov-ing Dis-tributed Trans-a
c-tional Mem-ory
 []

) [9

] (./LCTES_sh.aux)

LaTeX Warning: There were multiply-defined labels.

 ) 
Here is how much of TeX's memory you used:
 4020 strings out of 495062
 54012 string characters out of 1182645
 144483 words of memory out of 3000000
 7139 multiletter control sequences out of 15000+50000
 26567 words of font info for 69 fonts, out of 3000000 for 9000
 28 hyphenation exceptions out of 8191
 33i,20n,31p,2491b,498s stack positions out of 5000i,500n,10000p,200000b,50000s

Output written on LCTES_sh.dvi (9 pages, 72812 bytes).
