This is pdfTeX, Version 3.1415926-1.40.10 (TeX Live 2009/Debian) (format=latex 2012.5.17)  14 JUN 2012 16:10
entering extended mode
 %&-line parsing enabled.
**shambake_prelim.tex
(./shambake_prelim.tex
LaTeX2e <2009/09/24>
Babel <v3.8l> and hyphenation patterns for english, usenglishmax, dumylang, noh
yphenation, loaded.
(/usr/share/texmf-texlive/tex/latex/base/report.cls
Document Class: report 2007/10/19 v1.4h Standard LaTeX document class
(/usr/share/texmf-texlive/tex/latex/base/size12.clo
File: size12.clo 2007/10/19 v1.4h Standard LaTeX file (size option)
)
\c@part=\count79
\c@chapter=\count80
\c@section=\count81
\c@subsection=\count82
\c@subsubsection=\count83
\c@paragraph=\count84
\c@subparagraph=\count85
\c@figure=\count86
\c@table=\count87
\abovecaptionskip=\skip41
\belowcaptionskip=\skip42
\bibindent=\dimen102
)
(/usr/share/texmf-texlive/tex/latex/subfigure/subfigure.sty
Package: subfigure 2002/03/15 v2.1.5 subfigure package
\subfigtopskip=\skip43
\subfigcapskip=\skip44
\subfigcaptopadj=\dimen103
\subfigbottomskip=\skip45
\subfigcapmargin=\dimen104
\subfiglabelskip=\skip46
\c@subfigure=\count88
\c@lofdepth=\count89
\c@subtable=\count90
\c@lotdepth=\count91

****************************************
* Local config file subfigure.cfg used *
****************************************
(/usr/share/texmf-texlive/tex/latex/subfigure/subfigure.cfg)
\subfig@top=\skip47
\subfig@bottom=\skip48
)
(/usr/share/texmf-texlive/tex/latex/paralist/paralist.sty
Package: paralist 2002/03/18 v2.3b Extended list environments (BS)
\pltopsep=\skip49
\plpartopsep=\skip50
\plitemsep=\skip51
\plparsep=\skip52
\pl@lab=\toks14
)
(/usr/share/texmf-texlive/tex/latex/comment/comment.sty
\CommentStream=\write3

Excluding comment 'comment')
(/usr/share/texmf-texlive/tex/latex/tools/array.sty
Package: array 2008/09/09 v2.4c Tabular extension package (FMi)
\col@sep=\dimen105
\extrarowheight=\dimen106
\NC@list=\toks15
\extratabsurround=\skip53
\backup@length=\skip54
)
(/usr/share/texmf-texlive/tex/latex/amsmath/amsmath.sty
Package: amsmath 2000/07/18 v2.13 AMS math features
\@mathmargin=\skip55

For additional information on amsmath, use the `?' option.
(/usr/share/texmf-texlive/tex/latex/amsmath/amstext.sty
Package: amstext 2000/06/29 v2.01

(/usr/share/texmf-texlive/tex/latex/amsmath/amsgen.sty
File: amsgen.sty 1999/11/30 v2.0
\@emptytoks=\toks16
\ex@=\dimen107
))
(/usr/share/texmf-texlive/tex/latex/amsmath/amsbsy.sty
Package: amsbsy 1999/11/29 v1.2d
\pmbraise@=\dimen108
)
(/usr/share/texmf-texlive/tex/latex/amsmath/amsopn.sty
Package: amsopn 1999/12/14 v2.01 operator names
)
\inf@bad=\count92
LaTeX Info: Redefining \frac on input line 211.
\uproot@=\count93
\leftroot@=\count94
LaTeX Info: Redefining \overline on input line 307.
\classnum@=\count95
\DOTSCASE@=\count96
LaTeX Info: Redefining \ldots on input line 379.
LaTeX Info: Redefining \dots on input line 382.
LaTeX Info: Redefining \cdots on input line 467.
\Mathstrutbox@=\box26
\strutbox@=\box27
\big@size=\dimen109
LaTeX Font Info:    Redeclaring font encoding OML on input line 567.
LaTeX Font Info:    Redeclaring font encoding OMS on input line 568.
\macc@depth=\count97
\c@MaxMatrixCols=\count98
\dotsspace@=\muskip10
\c@parentequation=\count99
\dspbrk@lvl=\count100
\tag@help=\toks17
\row@=\count101
\column@=\count102
\maxfields@=\count103
\andhelp@=\toks18
\eqnshift@=\dimen110
\alignsep@=\dimen111
\tagshift@=\dimen112
\tagwidth@=\dimen113
\totwidth@=\dimen114
\lineht@=\dimen115
\@envbody=\toks19
\multlinegap=\skip56
\multlinetaggap=\skip57
\mathdisplay@stack=\toks20
LaTeX Info: Redefining \[ on input line 2666.
LaTeX Info: Redefining \] on input line 2667.
)
(/usr/share/texmf-texlive/tex/latex/graphics/graphicx.sty
Package: graphicx 1999/02/16 v1.0f Enhanced LaTeX Graphics (DPC,SPQR)

(/usr/share/texmf-texlive/tex/latex/graphics/keyval.sty
Package: keyval 1999/03/16 v1.13 key=value parser (DPC)
\KV@toks@=\toks21
)
(/usr/share/texmf-texlive/tex/latex/graphics/graphics.sty
Package: graphics 2009/02/05 v1.0o Standard LaTeX Graphics (DPC,SPQR)

(/usr/share/texmf-texlive/tex/latex/graphics/trig.sty
Package: trig 1999/03/16 v1.09 sin cos tan (DPC)
)
(/etc/texmf/tex/latex/config/graphics.cfg
File: graphics.cfg 2009/08/28 v1.8 graphics configuration of TeX Live
)
Package graphics Info: Driver file: dvips.def on input line 91.

(/usr/share/texmf-texlive/tex/latex/graphics/dvips.def
File: dvips.def 1999/02/16 v3.0i Driver-dependant file (DPC,SPQR)
))
\Gin@req@height=\dimen116
\Gin@req@width=\dimen117
)
(/usr/share/texmf-texlive/tex/latex/amsfonts/amssymb.sty
Package: amssymb 2009/06/22 v3.00

(/usr/share/texmf-texlive/tex/latex/amsfonts/amsfonts.sty
Package: amsfonts 2009/06/22 v3.00 Basic AMSFonts support
\symAMSa=\mathgroup4
\symAMSb=\mathgroup5
LaTeX Font Info:    Overwriting math alphabet `\mathfrak' in version `bold'
(Font)                  U/euf/m/n --> U/euf/b/n on input line 96.
))
(/usr/share/texmf-texlive/tex/latex/cite/cite.sty
LaTeX Info: Redefining \cite on input line 285.
LaTeX Info: Redefining \nocite on input line 356.
Package: cite 2009/08/29  v 5.2
)
(/usr/share/texmf-texlive/tex/latex/ltxmisc/url.sty
\Urlmuskip=\muskip11
Package: url 2006/04/12  ver 3.3  Verb mode for urls, etc.
) (./algorithm2e.sty
Package: algorithm2e 2008/00/00 v3.10 algorithms environments
\c@AlgoLine=\count104

(/usr/share/texmf-texlive/tex/latex/base/ifthen.sty
Package: ifthen 2001/05/26 v1.1c Standard LaTeX ifthen package (DPC)
)
(/usr/share/texmf-texlive/tex/latex/tools/xspace.sty
Package: xspace 2006/05/08 v1.12 Space after command names (DPC,MH)
)
(/usr/share/texmf-texlive/tex/latex/ltxmisc/relsize.sty
Package: relsize 2003/07/04 ver 3.1
)
********************************************************
Package `algorithm2e' Release 4.01 -- december 14 2009 --
- algorithm2e-announce@lirmm.fr mailing list for announcement about releases
- algorithm2e-discussion@lirmm.fr mailing list for discussion about package
subscribe by emailing sympa@lirmm.fr with 'subscribe <list> <firstname name>'
- Author: Christophe Fiorio (fiorio@lirmm.fr)
********************************************************
\skiptotal=\skip58
\skiplinenumber=\skip59
\skiprule=\skip60
\skiphlne=\skip61
\skiptext=\skip62
\skiplength=\skip63
\algomargin=\skip64
\skipalgocfslide=\skip65
\algowidth=\dimen118
\inoutsize=\dimen119
\inoutline=\dimen120
\interspacetitleruled=\dimen121
\interspacealgoruled=\dimen122
\interspacetitleboxruled=\dimen123
\algocf@inoutbox=\box28
\algocf@inputbox=\box29
\AlCapSkip=\skip66
\AlCapHSkip=\skip67
\algocf@nlbox=\box30
\algocf@hangingbox=\box31
\algocf@capbox=\box32
\algoheightruledefault=\skip68
\algoheightrule=\skip69
\algotitleheightruledefault=\skip70
\algotitleheightrule=\skip71
\c@algocfline=\count105
\c@algocfproc=\count106
\c@algocf=\count107
\algocf@algoframe=\box33
\algocf@algobox=\box34
) (/usr/share/texmf-texlive/tex/generic/babel/babel.sty
Package: babel 2008/07/06 v3.8l The Babel package

(/usr/share/texmf-texlive/tex/generic/babel/english.ldf
Language: english 2005/03/30 v3.3o English support from the babel system

(/usr/share/texmf-texlive/tex/generic/babel/babel.def
File: babel.def 2008/07/06 v3.8l Babel common definitions
\babel@savecnt=\count108
\U@D=\dimen124
)
\l@british = a dialect from \language\l@english 
\l@UKenglish = a dialect from \language\l@english 
\l@canadian = a dialect from \language\l@american 
\l@australian = a dialect from \language\l@british 
\l@newzealand = a dialect from \language\l@british 
))
(/usr/share/texmf-texlive/tex/latex/listings/listings.sty
\lst@mode=\count109
\lst@gtempboxa=\box35
\lst@token=\toks22
\lst@length=\count110
\lst@currlwidth=\dimen125
\lst@column=\count111
\lst@pos=\count112
\lst@lostspace=\dimen126
\lst@width=\dimen127
\lst@newlines=\count113
\lst@lineno=\count114
\lst@maxwidth=\dimen128

(/usr/share/texmf-texlive/tex/latex/listings/lstmisc.sty
File: lstmisc.sty 2007/02/22 1.4 (Carsten Heinz)
\c@lstnumber=\count115
\lst@skipnumbers=\count116
\lst@framebox=\box36
)
(/usr/share/texmf-texlive/tex/latex/listings/listings.cfg
File: listings.cfg 2007/02/22 1.4 listings configuration
))
Package: listings 2007/02/22 1.4 (Carsten Heinz)

(/usr/share/texmf-texlive/tex/latex/hyperref/hyperref.sty
Package: hyperref 2009/10/09 v6.79a Hypertext links for LaTeX

(/usr/share/texmf-texlive/tex/generic/oberdiek/ifpdf.sty
Package: ifpdf 2009/04/10 v2.0 Provides the ifpdf switch (HO)
Package ifpdf Info: pdfTeX in pdf mode not detected.
)
(/usr/share/texmf-texlive/tex/generic/oberdiek/ifvtex.sty
Package: ifvtex 2008/11/04 v1.4 Switches for detecting VTeX and its modes (HO)
Package ifvtex Info: VTeX not detected.
)
(/usr/share/texmf-texlive/tex/generic/ifxetex/ifxetex.sty
Package: ifxetex 2009/01/23 v0.5 Provides ifxetex conditional
)
(/usr/share/texmf-texlive/tex/latex/oberdiek/hycolor.sty
Package: hycolor 2009/10/02 v1.5 Code for color options of hyperref/bookmark (H
O)

(/usr/share/texmf-texlive/tex/latex/oberdiek/xcolor-patch.sty
Package: xcolor-patch 2009/10/02 xcolor patch
))
\@linkdim=\dimen129
\Hy@linkcounter=\count117
\Hy@pagecounter=\count118

(/usr/share/texmf-texlive/tex/latex/hyperref/pd1enc.def
File: pd1enc.def 2009/10/09 v6.79a Hyperref: PDFDocEncoding definition (HO)
)
(/usr/share/texmf-texlive/tex/generic/oberdiek/etexcmds.sty
Package: etexcmds 2007/12/12 v1.2 Prefix for e-TeX command names (HO)

(/usr/share/texmf-texlive/tex/generic/oberdiek/infwarerr.sty
Package: infwarerr 2007/09/09 v1.2 Providing info/warning/message (HO)
)
Package etexcmds Info: Could not find \expanded.
(etexcmds)             That can mean that you are not using pdfTeX 1.50 or
(etexcmds)             that some package has redefined \expanded.
(etexcmds)             In the latter case, load this package earlier.
)
(/usr/share/texmf-texlive/tex/latex/latexconfig/hyperref.cfg
File: hyperref.cfg 2002/06/06 v1.2 hyperref configuration of TeXLive
)
(/usr/share/texmf-texlive/tex/latex/oberdiek/kvoptions.sty
Package: kvoptions 2009/08/13 v3.4 Keyval support for LaTeX options (HO)

(/usr/share/texmf-texlive/tex/generic/oberdiek/kvsetkeys.sty
Package: kvsetkeys 2009/07/30 v1.5 Key value parser with default handler suppor
t (HO)
))
Package hyperref Info: Option `breaklinks' set `true' on input line 2864.
Package hyperref Info: Option `colorlinks' set `false' on input line 2864.
Package hyperref Info: Hyper figures OFF on input line 2975.
Package hyperref Info: Link nesting OFF on input line 2980.
Package hyperref Info: Hyper index ON on input line 2983.
Package hyperref Info: Plain pages OFF on input line 2990.
Package hyperref Info: Backreferencing OFF on input line 2995.

Implicit mode ON; LaTeX internals redefined
Package hyperref Info: Bookmarks ON on input line 3191.
LaTeX Info: Redefining \url on input line 3428.
(/usr/share/texmf-texlive/tex/generic/oberdiek/bitset.sty
Package: bitset 2007/09/28 v1.0 Data type bit set (HO)

(/usr/share/texmf-texlive/tex/generic/oberdiek/intcalc.sty
Package: intcalc 2007/09/27 v1.1 Expandable integer calculations (HO)
)
(/usr/share/texmf-texlive/tex/generic/oberdiek/bigintcalc.sty
Package: bigintcalc 2007/11/11 v1.1 Expandable big integer calculations (HO)

(/usr/share/texmf-texlive/tex/generic/oberdiek/pdftexcmds.sty
Package: pdftexcmds 2009/09/23 v0.6 LuaTeX support for pdfTeX utility functions
 (HO)

(/usr/share/texmf-texlive/tex/generic/oberdiek/ifluatex.sty
Package: ifluatex 2009/04/17 v1.2 Provides the ifluatex switch (HO)
Package ifluatex Info: LuaTeX not detected.
)
(/usr/share/texmf-texlive/tex/generic/oberdiek/ltxcmds.sty
Package: ltxcmds 2009/08/05 v1.0 Some LaTeX kernel commands for general use (HO
)
)
Package pdftexcmds Info: LuaTeX not detected.
Package pdftexcmds Info: \pdf@primitive is available.
Package pdftexcmds Info: \pdf@ifprimitive is available.
)))
\Fld@menulength=\count119
\Field@Width=\dimen130
\Fld@charsize=\dimen131
\Field@toks=\toks23
Package hyperref Info: Hyper figures OFF on input line 4377.
Package hyperref Info: Link nesting OFF on input line 4382.
Package hyperref Info: Hyper index ON on input line 4385.
Package hyperref Info: backreferencing OFF on input line 4392.
Package hyperref Info: Link coloring OFF on input line 4397.
Package hyperref Info: Link coloring with OCG OFF on input line 4402.
Package hyperref Info: PDF/A mode OFF on input line 4407.

(/usr/share/texmf-texlive/tex/generic/oberdiek/atbegshi.sty
Package: atbegshi 2008/07/31 v1.9 At begin shipout hook (HO)
)
\Hy@abspage=\count120
\c@Item=\count121
\c@Hfootnote=\count122
)

Package hyperref Warning: Wrong driver `hpdftex.def';
(hyperref)                pdfTeX is not running in PDF mode.
(hyperref)                Using default driver.

*hyperref using default driver hdvips*
(/usr/share/texmf-texlive/tex/latex/hyperref/hdvips.def
File: hdvips.def 2009/10/09 v6.79a Hyperref driver for dvips

(/usr/share/texmf-texlive/tex/latex/hyperref/pdfmark.def
File: pdfmark.def 2009/10/09 v6.79a Hyperref definitions for pdfmark specials


Package hyperref Warning: You have enabled option `breaklinks'.
(hyperref)                But driver `hdvips.def' does not suppport this.
(hyperref)                Expect trouble with the link areas of broken links.

\pdf@docset=\toks24
\pdf@box=\box37
\pdf@toks=\toks25
\pdf@defaulttoks=\toks26
\Fld@listcount=\count123
)) (/usr/share/texmf-texlive/tex/latex/oberdiek/hypcap.sty
Package: hypcap 2008/09/08 v1.10 Adjusting anchors of captions (HO)
)
\c@clm=\count124
\c@proof=\count125
\c@mydef=\count126

(./shambake_prelim.aux)
\openout1 = `shambake_prelim.aux'.

LaTeX Font Info:    Checking defaults for OML/cmm/m/it on input line 80.
LaTeX Font Info:    ... okay on input line 80.
LaTeX Font Info:    Checking defaults for T1/cmr/m/n on input line 80.
LaTeX Font Info:    ... okay on input line 80.
LaTeX Font Info:    Checking defaults for OT1/cmr/m/n on input line 80.
LaTeX Font Info:    ... okay on input line 80.
LaTeX Font Info:    Checking defaults for OMS/cmsy/m/n on input line 80.
LaTeX Font Info:    ... okay on input line 80.
LaTeX Font Info:    Checking defaults for OMX/cmex/m/n on input line 80.
LaTeX Font Info:    ... okay on input line 80.
LaTeX Font Info:    Checking defaults for U/cmr/m/n on input line 80.
LaTeX Font Info:    ... okay on input line 80.
LaTeX Font Info:    Checking defaults for PD1/pdf/m/n on input line 80.
LaTeX Font Info:    ... okay on input line 80.
\c@lstlisting=\count127
Package hyperref Info: Link coloring OFF on input line 80.

(/usr/share/texmf-texlive/tex/latex/hyperref/nameref.sty
Package: nameref 2007/05/29 v2.31 Cross-referencing by name of section

(/usr/share/texmf-texlive/tex/latex/oberdiek/refcount.sty
Package: refcount 2008/08/11 v3.1 Data extraction from references (HO)
)
\c@section@level=\count128
)
LaTeX Info: Redefining \ref on input line 80.
LaTeX Info: Redefining \pageref on input line 80.

(./shambake_prelim.out) (./shambake_prelim.out)
\@outlinefile=\write4
\openout4 = `shambake_prelim.out'.

\AtBeginShipoutBox=\box38
 [1

] [2] [3]
(./shambake_prelim.toc
LaTeX Font Info:    Try loading font information for U+msa on input line 3.
 (/usr/share/texmf-texlive/tex/latex/amsfonts/umsa.fd
File: umsa.fd 2009/06/22 v3.00 AMS symbols A
)
LaTeX Font Info:    Try loading font information for U+msb on input line 3.

(/usr/share/texmf-texlive/tex/latex/amsfonts/umsb.fd
File: umsb.fd 2009/06/22 v3.00 AMS symbols B
) [4

] [5])
\tf@toc=\write5
\openout5 = `shambake_prelim.toc'.

 [6]
(./shambake_prelim.lof [7

])
\tf@lof=\write6
\openout6 = `shambake_prelim.lof'.

 [8] (./shambake_prelim.lot)
\tf@lot=\write7
\openout7 = `shambake_prelim.lot'.

 [9

]
(./shambake_prelim.loa)
\tf@loa=\write8
\openout8 = `shambake_prelim.loa'.

 [10

]
Chapter 1.
[1

] (/usr/share/texmf-texlive/tex/latex/listings/lstlang1.sty
File: lstlang1.sty 2004/09/05 1.3 listings language file
)
(/usr/share/texmf-texlive/tex/latex/listings/lstlang1.sty
File: lstlang1.sty 2004/09/05 1.3 listings language file
)
(/usr/share/texmf-texlive/tex/latex/listings/lstmisc.sty
File: lstmisc.sty 2007/02/22 1.4 (Carsten Heinz)
)
LaTeX Font Info:    Try loading font information for OML+cmr on input line 223.


(/usr/share/texmf-texlive/tex/latex/base/omlcmr.fd
File: omlcmr.fd 1999/05/25 v2.5h Standard LaTeX font definitions
)
LaTeX Font Info:    Font shape `OML/cmr/m/n' in size <12> not available
(Font)              Font shape `OML/cmm/m/it' tried instead on input line 223.
 [2] [3] [4] [5] [6]
Chapter 2.
[7

] [8] [9] [10] [11] [12] [13] [14] [15] [16] [17] [18] [19] [20]
Chapter 3.
[21

] [22]
Chapter 4.
[23

]
LaTeX Font Info:    Try loading font information for OMS+cmr on input line 1068
.
 (/usr/share/texmf-texlive/tex/latex/base/omscmr.fd
File: omscmr.fd 1999/05/25 v2.5h Standard LaTeX font definitions
)
LaTeX Font Info:    Font shape `OMS/cmr/m/n' in size <12> not available
(Font)              Font shape `OMS/cmsy/m/n' tried instead on input line 1068.

 [24]
File: figures/figure9-a.eps Graphic file (type eps)

<figures/figure9-a.eps>
File: figures/figure9-b.eps Graphic file (type eps)
 <figures/figure9-b.eps>
File: figures/figure5-a.eps Graphic file (type eps)
 <figures/figure5-a.eps>
File: figures/figure5-b-1.eps Graphic file (type eps)

<figures/figure5-b-1.eps>
File: figures/figure5-c-1.eps Graphic file (type eps)
 <figures/figure5-c-1.eps>
Underfull \hbox (badness 10000) in paragraph at lines 1132--1132
[]\OT1/cmr/m/n/10 (c) Lazy val-i-da-tion with
 []

[25] [26]
File: figures/figure6-a-1.eps Graphic file (type eps)
 <figures/figure6-a-1.eps>
Underfull \hbox (badness 1014) in paragraph at lines 1208--1208
[]\OT1/cmr/m/n/10 (a) Other atomic sec-tions
 []

File: figures/figure6-b.eps Graphic file (type eps)
<figures/figure6-b.eps>
File: figures/circle.eps Graphic file (type eps)
 <figures/circle.eps>
File: figures/dotted_circle.eps Graphic file (type eps)
 <figures/dotted_circle.eps>
[27]
File: figures/figure7.eps Graphic file (type eps)
 <figures/figure7.eps> [28]
File: figures/figure10.eps Graphic file (type eps)
 <figures/figure10.eps> [29] [30] [31]
File: figures/figure11.eps Graphic file (type eps)

<figures/figure11.eps>
LaTeX Font Info:    Font shape `OMS/cmr/m/it' in size <12> not available
(Font)              Font shape `OMS/cmsy/m/n' tried instead on input line 1429.

 [32] [33] [34]
File: figures/figure14.eps Graphic file (type eps)
 <figures/figure14.eps>
Overfull \hbox (30.93106pt too wide) in paragraph at lines 1606--1608
[]\OT1/cmr/m/n/12 Consider the same as-sump-tions as in Sec-tion []4.3.1[][]. L
et $\OML/cmm/m/it/12 [] \OT1/cmr/m/n/12 = [][] [] \OML/cmm/m/it/12 :\OT1/cmr/m
/n/12 2\OML/cmm/m/it/12 :^^L[]$\OT1/cmr/m/n/12 .
 []

[35] [36]
File: figures/figure15-a.eps Graphic file (type eps)
 <figures/figure15-a.eps>
File: figures/figure15-b.eps Graphic file (type eps)
 <figures/figure15-b.eps> [37] [38]
Chapter 5.
[39

]
File: figures/figure16.eps Graphic file (type eps)
 <figures/figure16.eps> [40] [41] [42] [43] [44]
File: figures/figure18.eps Graphic file (type eps)
 <figures/figure18.eps>
[45] [46] [47] [48] [49] [50] [51] [52]
Chapter 6.
[53

] [54] [55] [56] [57] [58] [59] [60] [61] [62] [63] [64] [65] [66] [67]
[68] [69] [70]
Chapter 7.
[71

] [72]
File: figures/Abr_dur_4t_5obj_all_100wr.eps Graphic file (type eps)
 <figures/Abr_dur_4t_5obj_all_100wr.eps>
File: figures/Abr_dur_8t_9obj_all_100wr.eps Graphic file (type eps)

<figures/Abr_dur_8t_9obj_all_100wr.eps>
File: figures/Abr_dur_20t_21obj_all_100wr.eps Graphic file (type eps)

<figures/Abr_dur_20t_21obj_all_100wr.eps>

LaTeX Warning: Float too large for page by 27.05377pt on input line 3352.

File: figures/Abr_dur_4t_5obj_100wr.eps Graphic file (type eps)
<figures/Abr_dur_4t_5obj_100wr.eps>
File: figures/Abr_dur_8t_9obj_100wr.eps Graphic file (type eps)
 <figures/Abr_dur_8t_9obj_100wr.eps>
File: figures/Abr_dur_20t_21obj_100wr.eps Graphic file (type eps)

<figures/Abr_dur_20t_21obj_100wr.eps>

LaTeX Warning: Float too large for page by 27.05377pt on input line 3376.

File: figures/Abr_dur_4t_50obj_40wr.eps Graphic file (type eps)
<figures/Abr_dur_4t_50obj_40wr.eps>
File: figures/Abr_dur_8t_90obj_40wr.eps Graphic file (type eps)
 <figures/Abr_dur_8t_90obj_40wr.eps>
File: figures/Abr_dur_20t_210obj_40wr.eps Graphic file (type eps)

<figures/Abr_dur_20t_210obj_40wr.eps>

LaTeX Warning: Float too large for page by 27.72046pt on input line 3400.

File: figures/Abr_dur_4t_50obj_80wr.eps Graphic file (type eps)
<figures/Abr_dur_4t_50obj_80wr.eps>
File: figures/Abr_dur_8t_90obj_80wr.eps Graphic file (type eps)
 <figures/Abr_dur_8t_90obj_80wr.eps>
File: figures/Abr_dur_20t_210obj_80wr.eps Graphic file (type eps)

<figures/Abr_dur_20t_210obj_80wr.eps>

LaTeX Warning: Float too large for page by 27.72046pt on input line 3425.

File: figures/Abr_dur_4t_50obj_100wr.eps Graphic file (type eps)
<figures/Abr_dur_4t_50obj_100wr.eps>
File: figures/Abr_dur_8t_90obj_100wr.eps Graphic file (type eps)
 <figures/Abr_dur_8t_90obj_100wr.eps>
File: figures/Abr_dur_20t_210obj_100wr.eps Graphic file (type eps)

<figures/Abr_dur_20t_210obj_100wr.eps>

LaTeX Warning: Float too large for page by 27.72046pt on input line 3449.

File: figures/Abr_dur_4t_100obj_40wr.eps Graphic file (type eps)
<figures/Abr_dur_4t_100obj_40wr.eps>
File: figures/Abr_dur_8t_180obj_40wr.eps Graphic file (type eps)
 <figures/Abr_dur_8t_180obj_40wr.eps>
File: figures/Abr_dur_20t_420obj_40wr.eps Graphic file (type eps)

<figures/Abr_dur_20t_420obj_40wr.eps>

LaTeX Warning: Float too large for page by 27.72046pt on input line 3473.

File: figures/Abr_dur_4t_100obj_80wr.eps Graphic file (type eps)
<figures/Abr_dur_4t_100obj_80wr.eps>
File: figures/Abr_dur_8t_180obj_80wr.eps Graphic file (type eps)
 <figures/Abr_dur_8t_180obj_80wr.eps>
File: figures/Abr_dur_20t_420obj_80wr.eps Graphic file (type eps)

<figures/Abr_dur_20t_420obj_80wr.eps>

LaTeX Warning: Float too large for page by 27.72046pt on input line 3497.

File: figures/Abr_dur_4t_100obj_100wr.eps Graphic file (type eps)
<figures/Abr_dur_4t_100obj_100wr.eps>
File: figures/Abr_dur_8t_180obj_100wr.eps Graphic file (type eps)
 <figures/Abr_dur_8t_180obj_100wr.eps>
File: figures/Abr_dur_20t_420obj_100wr.eps Graphic file (type eps)

<figures/Abr_dur_20t_420obj_100wr.eps>

LaTeX Warning: Float too large for page by 27.72046pt on input line 3521.

[73] [74] [75] [76] [77] [78] [79] [80] [81]
Chapter 8.
[82

]
Overfull \hbox (25.66861pt too wide) has occurred while \output is active
\OT1/cmr/m/sl/12 Mohammed El-Shambakey  Chapter []8[][]. Conclusions and Propos
ed Post Preliminary Exam Work   \OT1/cmr/m/n/12 83
 []

[83]
Overfull \hbox (25.66861pt too wide) has occurred while \output is active
\OT1/cmr/m/sl/12 Mohammed El-Shambakey  Chapter []8[][]. Conclusions and Propos
ed Post Preliminary Exam Work   \OT1/cmr/m/n/12 84
 []

[84]
Overfull \hbox (25.66861pt too wide) has occurred while \output is active
\OT1/cmr/m/sl/12 Mohammed El-Shambakey  Chapter []8[][]. Conclusions and Propos
ed Post Preliminary Exam Work   \OT1/cmr/m/n/12 85
 []

[85]
Overfull \hbox (1.07608pt too wide) in paragraph at lines 3591--3591
[]\OT1/cmr/bx/n/14.4 Formal and Ex-per-i-men-tal Com-par-i-son with Real-Time L
ock-
 []


Overfull \hbox (25.66861pt too wide) has occurred while \output is active
\OT1/cmr/m/sl/12 Mohammed El-Shambakey  Chapter []8[][]. Conclusions and Propos
ed Post Preliminary Exam Work   \OT1/cmr/m/n/12 86
 []

[86] (./shambake_prelim.bbl
Missing character: There is no Â in font cmr12!
Missing character: There is no   in font cmr12!
Missing character: There is no Â in font cmr12!
Missing character: There is no   in font cmr12!
 [87

]
Missing character: There is no Ã in font cmr12!
Missing character: There is no ¶ in font cmr12!
Missing character: There is no Ã in font cmr12!
Missing character: There is no © in font cmr12!
Missing character: There is no Ã in font cmr12!
Missing character: There is no   in font cmr12!
 [88] [89] [90] [91]
Underfull \hbox (badness 10000) in paragraph at lines 427--431
[]\OT1/cmr/m/n/12 Intel Cor-po-ra-tion.  In-tel 64 and IA-32 Ar-chi-tec-tures S
oft-ware De-
 []


Underfull \hbox (badness 10000) in paragraph at lines 427--431
\OT1/cmr/m/n/12 vel-oper's Man-ual Vol-ume 2A: In-struc-tion Set Ref-er-ence, A
-M.
 []

[92]
Missing character: There is no â in font cmr12!
Missing character: There is no € in font cmr12!
Missing character: There is no ™ in font cmr12!

Underfull \hbox (badness 10000) in paragraph at lines 433--438
[]\OT1/cmr/m/n/12 Intel Cor-po-ra-tion.  In-tel Ita-nium Ar-chi-tec-ture Soft-w
are De-
 []


Underfull \hbox (badness 10000) in paragraph at lines 433--438
\OT1/cmr/m/n/12 vel-op-ers Man-ual Vol-ume 3: In-struc-tion Set Ref-er-ence.
 []

[93] [94] [95]
Underfull \hbox (badness 10000) in paragraph at lines 709--714
[]\OT1/cmr/m/n/12 University of Rochester.  Rochester Soft-ware Trans-ac-tional
 Mem-ory.
 []


Underfull \hbox (badness 10000) in paragraph at lines 709--714
[]$\OT1/cmtt/m/n/12 http : / / www . cs . rochester . edu / research / synchron
ization / rstm / index . shtml$[][]\OT1/cmr/m/n/12 ,
 []


Underfull \hbox (badness 6204) in paragraph at lines 716--721
[]\OT1/cmr/m/n/12 H. Vo-los, A. Welc, A.R. Adl-Tabatabai, T. Sh-peis-man, X. Ti
an, and
 []

[96]) [97] (./shambake_prelim.aux) ) 
Here is how much of TeX's memory you used:
 8557 strings out of 495062
 121526 string characters out of 1182644
 253906 words of memory out of 3000000
 11541 multiletter control sequences out of 15000+50000
 14301 words of font info for 54 fonts, out of 3000000 for 9000
 28 hyphenation exceptions out of 8191
 38i,20n,58p,1430b,1233s stack positions out of 5000i,500n,10000p,200000b,50000s

Output written on shambake_prelim.dvi (107 pages, 659008 bytes).
