This is pdfTeX, Version 3.1415926-1.40.10 (TeX Live 2009/Debian) (format=latex 2012.1.24)  20 MAR 2012 01:11
entering extended mode
 %&-line parsing enabled.
**prilim.tex
(./prilim.tex
LaTeX2e <2009/09/24>
Babel <v3.8l> and hyphenation patterns for english, usenglishmax, dumylang, noh
yphenation, loaded.
(/usr/share/texmf-texlive/tex/latex/base/report.cls
Document Class: report 2007/10/19 v1.4h Standard LaTeX document class
(/usr/share/texmf-texlive/tex/latex/base/size12.clo
File: size12.clo 2007/10/19 v1.4h Standard LaTeX file (size option)
)
\c@part=\count79
\c@chapter=\count80
\c@section=\count81
\c@subsection=\count82
\c@subsubsection=\count83
\c@paragraph=\count84
\c@subparagraph=\count85
\c@figure=\count86
\c@table=\count87
\abovecaptionskip=\skip41
\belowcaptionskip=\skip42
\bibindent=\dimen102
)
(/usr/share/texmf-texlive/tex/latex/base/fontenc.sty
Package: fontenc 2005/09/27 v1.99g Standard LaTeX package

(/usr/share/texmf-texlive/tex/latex/base/t1enc.def
File: t1enc.def 2005/09/27 v1.99g Standard LaTeX file
LaTeX Font Info:    Redeclaring font encoding T1 on input line 43.
))
(/usr/share/texmf-texlive/tex/latex/base/inputenc.sty
Package: inputenc 2008/03/30 v1.1d Input encoding file
\inpenc@prehook=\toks14
\inpenc@posthook=\toks15

(/usr/share/texmf-texlive/tex/latex/base/latin9.def
File: latin9.def 2008/03/30 v1.1d Input encoding file
))
(/usr/share/texmf-texlive/tex/latex/tools/array.sty
Package: array 2008/09/09 v2.4c Tabular extension package (FMi)
\col@sep=\dimen103
\extrarowheight=\dimen104
\NC@list=\toks16
\extratabsurround=\skip43
\backup@length=\skip44
)
(/usr/share/texmf-texlive/tex/latex/tools/verbatim.sty
Package: verbatim 2003/08/22 v1.5q LaTeX2e package for verbatim enhancements
\every@verbatim=\toks17
\verbatim@line=\toks18
\verbatim@in@stream=\read1
)
(/usr/share/texmf-texlive/tex/latex/base/textcomp.sty
Package: textcomp 2005/09/27 v1.99g Standard LaTeX package
Package textcomp Info: Sub-encoding information:
(textcomp)               5 = only ISO-Adobe without \textcurrency
(textcomp)               4 = 5 + \texteuro
(textcomp)               3 = 4 + \textohm
(textcomp)               2 = 3 + \textestimated + \textcurrency
(textcomp)               1 = TS1 - \textcircled - \t
(textcomp)               0 = TS1 (full)
(textcomp)             Font families with sub-encoding setting implement
(textcomp)             only a restricted character set as indicated.
(textcomp)             Family '?' is the default used for unknown fonts.
(textcomp)             See the documentation for details.
Package textcomp Info: Setting ? sub-encoding to TS1/1 on input line 71.

(/usr/share/texmf-texlive/tex/latex/base/ts1enc.def
File: ts1enc.def 2001/06/05 v3.0e (jk/car/fm) Standard LaTeX file
)
LaTeX Info: Redefining \oldstylenums on input line 266.
Package textcomp Info: Setting cmr sub-encoding to TS1/0 on input line 281.
Package textcomp Info: Setting cmss sub-encoding to TS1/0 on input line 282.
Package textcomp Info: Setting cmtt sub-encoding to TS1/0 on input line 283.
Package textcomp Info: Setting cmvtt sub-encoding to TS1/0 on input line 284.
Package textcomp Info: Setting cmbr sub-encoding to TS1/0 on input line 285.
Package textcomp Info: Setting cmtl sub-encoding to TS1/0 on input line 286.
Package textcomp Info: Setting ccr sub-encoding to TS1/0 on input line 287.
Package textcomp Info: Setting ptm sub-encoding to TS1/4 on input line 288.
Package textcomp Info: Setting pcr sub-encoding to TS1/4 on input line 289.
Package textcomp Info: Setting phv sub-encoding to TS1/4 on input line 290.
Package textcomp Info: Setting ppl sub-encoding to TS1/3 on input line 291.
Package textcomp Info: Setting pag sub-encoding to TS1/4 on input line 292.
Package textcomp Info: Setting pbk sub-encoding to TS1/4 on input line 293.
Package textcomp Info: Setting pnc sub-encoding to TS1/4 on input line 294.
Package textcomp Info: Setting pzc sub-encoding to TS1/4 on input line 295.
Package textcomp Info: Setting bch sub-encoding to TS1/4 on input line 296.
Package textcomp Info: Setting put sub-encoding to TS1/5 on input line 297.
Package textcomp Info: Setting uag sub-encoding to TS1/5 on input line 298.
Package textcomp Info: Setting ugq sub-encoding to TS1/5 on input line 299.
Package textcomp Info: Setting ul8 sub-encoding to TS1/4 on input line 300.
Package textcomp Info: Setting ul9 sub-encoding to TS1/4 on input line 301.
Package textcomp Info: Setting augie sub-encoding to TS1/5 on input line 302.
Package textcomp Info: Setting dayrom sub-encoding to TS1/3 on input line 303.
Package textcomp Info: Setting dayroms sub-encoding to TS1/3 on input line 304.

Package textcomp Info: Setting pxr sub-encoding to TS1/0 on input line 305.
Package textcomp Info: Setting pxss sub-encoding to TS1/0 on input line 306.
Package textcomp Info: Setting pxtt sub-encoding to TS1/0 on input line 307.
Package textcomp Info: Setting txr sub-encoding to TS1/0 on input line 308.
Package textcomp Info: Setting txss sub-encoding to TS1/0 on input line 309.
Package textcomp Info: Setting txtt sub-encoding to TS1/0 on input line 310.
Package textcomp Info: Setting futs sub-encoding to TS1/4 on input line 311.
Package textcomp Info: Setting futx sub-encoding to TS1/4 on input line 312.
Package textcomp Info: Setting futj sub-encoding to TS1/4 on input line 313.
Package textcomp Info: Setting hlh sub-encoding to TS1/3 on input line 314.
Package textcomp Info: Setting hls sub-encoding to TS1/3 on input line 315.
Package textcomp Info: Setting hlst sub-encoding to TS1/3 on input line 316.
Package textcomp Info: Setting hlct sub-encoding to TS1/5 on input line 317.
Package textcomp Info: Setting hlx sub-encoding to TS1/5 on input line 318.
Package textcomp Info: Setting hlce sub-encoding to TS1/5 on input line 319.
Package textcomp Info: Setting hlcn sub-encoding to TS1/5 on input line 320.
Package textcomp Info: Setting hlcw sub-encoding to TS1/5 on input line 321.
Package textcomp Info: Setting hlcf sub-encoding to TS1/5 on input line 322.
Package textcomp Info: Setting pplx sub-encoding to TS1/3 on input line 323.
Package textcomp Info: Setting pplj sub-encoding to TS1/3 on input line 324.
Package textcomp Info: Setting ptmx sub-encoding to TS1/4 on input line 325.
Package textcomp Info: Setting ptmj sub-encoding to TS1/4 on input line 326.
)
(/usr/share/texmf-texlive/tex/latex/amscls/amsthm.sty
Package: amsthm 2004/08/06 v2.20
\thm@style=\toks19
\thm@bodyfont=\toks20
\thm@headfont=\toks21
\thm@notefont=\toks22
\thm@headpunct=\toks23
\thm@preskip=\skip45
\thm@postskip=\skip46
\thm@headsep=\skip47
\dth@everypar=\toks24
)
(/usr/share/texmf-texlive/tex/latex/amsmath/amsmath.sty
Package: amsmath 2000/07/18 v2.13 AMS math features
\@mathmargin=\skip48

For additional information on amsmath, use the `?' option.
(/usr/share/texmf-texlive/tex/latex/amsmath/amstext.sty
Package: amstext 2000/06/29 v2.01

(/usr/share/texmf-texlive/tex/latex/amsmath/amsgen.sty
File: amsgen.sty 1999/11/30 v2.0
\@emptytoks=\toks25
\ex@=\dimen105
))
(/usr/share/texmf-texlive/tex/latex/amsmath/amsbsy.sty
Package: amsbsy 1999/11/29 v1.2d
\pmbraise@=\dimen106
)
(/usr/share/texmf-texlive/tex/latex/amsmath/amsopn.sty
Package: amsopn 1999/12/14 v2.01 operator names
)
\inf@bad=\count88
LaTeX Info: Redefining \frac on input line 211.
\uproot@=\count89
\leftroot@=\count90
LaTeX Info: Redefining \overline on input line 307.
\classnum@=\count91
\DOTSCASE@=\count92
LaTeX Info: Redefining \ldots on input line 379.
LaTeX Info: Redefining \dots on input line 382.
LaTeX Info: Redefining \cdots on input line 467.
\Mathstrutbox@=\box26
\strutbox@=\box27
\big@size=\dimen107
LaTeX Font Info:    Redeclaring font encoding OML on input line 567.
LaTeX Font Info:    Redeclaring font encoding OMS on input line 568.
\macc@depth=\count93
\c@MaxMatrixCols=\count94
\dotsspace@=\muskip10
\c@parentequation=\count95
\dspbrk@lvl=\count96
\tag@help=\toks26
\row@=\count97
\column@=\count98
\maxfields@=\count99
\andhelp@=\toks27
\eqnshift@=\dimen108
\alignsep@=\dimen109
\tagshift@=\dimen110
\tagwidth@=\dimen111
\totwidth@=\dimen112
\lineht@=\dimen113
\@envbody=\toks28
\multlinegap=\skip49
\multlinetaggap=\skip50
\mathdisplay@stack=\toks29
LaTeX Info: Redefining \[ on input line 2666.
LaTeX Info: Redefining \] on input line 2667.
)
(/usr/share/texmf-texlive/tex/latex/amsfonts/amssymb.sty
Package: amssymb 2009/06/22 v3.00

(/usr/share/texmf-texlive/tex/latex/amsfonts/amsfonts.sty
Package: amsfonts 2009/06/22 v3.00 Basic AMSFonts support
\symAMSa=\mathgroup4
\symAMSb=\mathgroup5
LaTeX Font Info:    Overwriting math alphabet `\mathfrak' in version `bold'
(Font)                  U/euf/m/n --> U/euf/b/n on input line 96.
))
(/usr/share/texmf-texlive/tex/latex/graphics/graphicx.sty
Package: graphicx 1999/02/16 v1.0f Enhanced LaTeX Graphics (DPC,SPQR)

(/usr/share/texmf-texlive/tex/latex/graphics/keyval.sty
Package: keyval 1999/03/16 v1.13 key=value parser (DPC)
\KV@toks@=\toks30
)
(/usr/share/texmf-texlive/tex/latex/graphics/graphics.sty
Package: graphics 2009/02/05 v1.0o Standard LaTeX Graphics (DPC,SPQR)

(/usr/share/texmf-texlive/tex/latex/graphics/trig.sty
Package: trig 1999/03/16 v1.09 sin cos tan (DPC)
)
(/etc/texmf/tex/latex/config/graphics.cfg
File: graphics.cfg 2009/08/28 v1.8 graphics configuration of TeX Live
)
Package graphics Info: Driver file: dvips.def on input line 91.

(/usr/share/texmf-texlive/tex/latex/graphics/dvips.def
File: dvips.def 1999/02/16 v3.0i Driver-dependant file (DPC,SPQR)
))
\Gin@req@height=\dimen114
\Gin@req@width=\dimen115
)
(/usr/share/texmf-texlive/tex/latex/ltxmisc/ulem.sty
\UL@box=\box28
\UL@hyphenbox=\box29
\UL@skip=\skip51
\UL@hook=\toks31
\UL@pe=\count100
\UL@pixel=\dimen116
\ULC@box=\box30
Package: ulem 2000/05/26
\ULdepth=\dimen117
)
(/usr/share/texmf-texlive/tex/latex/subfigure/subfigure.sty
Package: subfigure 2002/03/15 v2.1.5 subfigure package
\subfigtopskip=\skip52
\subfigcapskip=\skip53
\subfigcaptopadj=\dimen118
\subfigbottomskip=\skip54
\subfigcapmargin=\dimen119
\subfiglabelskip=\skip55
\c@subfigure=\count101
\c@lofdepth=\count102
\c@subtable=\count103
\c@lotdepth=\count104

****************************************
* Local config file subfigure.cfg used *
****************************************
(/usr/share/texmf-texlive/tex/latex/subfigure/subfigure.cfg)
\subfig@top=\skip56
\subfig@bottom=\skip57
)
(./algorithm2e.sty
Package: algorithm2e 2008/00/00 v3.10 algorithms environments
\c@AlgoLine=\count105
 (/usr/share/texmf-texlive/tex/latex/base/ifthen.sty
Package: ifthen 2001/05/26 v1.1c Standard LaTeX ifthen package (DPC)
)
(/usr/share/texmf-texlive/tex/latex/tools/xspace.sty
Package: xspace 2006/05/08 v1.12 Space after command names (DPC,MH)
)
(/usr/share/texmf-texlive/tex/latex/ltxmisc/relsize.sty
Package: relsize 2003/07/04 ver 3.1
)
********************************************************
Package `algorithm2e' Release 4.01 -- december 14 2009 --
- algorithm2e-announce@lirmm.fr mailing list for announcement about releases
- algorithm2e-discussion@lirmm.fr mailing list for discussion about package
subscribe by emailing sympa@lirmm.fr with 'subscribe <list> <firstname name>'
- Author: Christophe Fiorio (fiorio@lirmm.fr)
********************************************************
\skiptotal=\skip58
\skiplinenumber=\skip59
\skiprule=\skip60
\skiphlne=\skip61
\skiptext=\skip62
\skiplength=\skip63
\algomargin=\skip64
\skipalgocfslide=\skip65
\algowidth=\dimen120
\inoutsize=\dimen121
\inoutline=\dimen122
\interspacetitleruled=\dimen123
\interspacealgoruled=\dimen124
\interspacetitleboxruled=\dimen125
\algocf@inoutbox=\box31
\algocf@inputbox=\box32
\AlCapSkip=\skip66
\AlCapHSkip=\skip67
\algocf@nlbox=\box33
\algocf@hangingbox=\box34
\algocf@capbox=\box35
\algoheightruledefault=\skip68
\algoheightrule=\skip69
\algotitleheightruledefault=\skip70
\algotitleheightrule=\skip71
\c@algocfline=\count106
\c@algocfproc=\count107
\c@algocf=\count108
\algocf@algoframe=\box36
\algocf@algobox=\box37
)
\c@clm=\count109
\c@mydef=\count110
 (/usr/share/texmf-texlive/tex/generic/babel/babel.sty
Package: babel 2008/07/06 v3.8l The Babel package

(/usr/share/texmf-texlive/tex/generic/babel/english.ldf
Language: english 2005/03/30 v3.3o English support from the babel system

(/usr/share/texmf-texlive/tex/generic/babel/babel.def
File: babel.def 2008/07/06 v3.8l Babel common definitions
\babel@savecnt=\count111
\U@D=\dimen126
)
\l@british = a dialect from \language\l@english 
\l@UKenglish = a dialect from \language\l@english 
\l@canadian = a dialect from \language\l@american 
\l@australian = a dialect from \language\l@british 
\l@newzealand = a dialect from \language\l@british 
)) (./prilim.aux

LaTeX Warning: Label `fig-RC-set1' multiply defined.


LaTeX Warning: Label `sub@fig-RC-set1' multiply defined.


LaTeX Warning: Label `fig-RC-set2' multiply defined.


LaTeX Warning: Label `sub@fig-RC-set2' multiply defined.


LaTeX Warning: Label `fig-RC-set3' multiply defined.


LaTeX Warning: Label `sub@fig-RC-set3' multiply defined.


LaTeX Warning: Label `fig-res-set1-1' multiply defined.


LaTeX Warning: Label `sub@fig-res-set1-1' multiply defined.


LaTeX Warning: Label `fig-res-set2-1' multiply defined.


LaTeX Warning: Label `sub@fig-res-set2-1' multiply defined.


LaTeX Warning: Label `fig-res-set3-1' multiply defined.


LaTeX Warning: Label `sub@fig-res-set3-1' multiply defined.


LaTeX Warning: Label `fig-RC-set1' multiply defined.


LaTeX Warning: Label `sub@fig-RC-set1' multiply defined.


LaTeX Warning: Label `fig-RC-set2' multiply defined.


LaTeX Warning: Label `sub@fig-RC-set2' multiply defined.


LaTeX Warning: Label `fig-RC-set3' multiply defined.


LaTeX Warning: Label `sub@fig-RC-set3' multiply defined.


LaTeX Warning: Label `fig-res-set1-1' multiply defined.


LaTeX Warning: Label `sub@fig-res-set1-1' multiply defined.


LaTeX Warning: Label `fig-res-set2-1' multiply defined.


LaTeX Warning: Label `sub@fig-res-set2-1' multiply defined.


LaTeX Warning: Label `fig-res-set3-1' multiply defined.


LaTeX Warning: Label `sub@fig-res-set3-1' multiply defined.

)
\openout1 = `prilim.aux'.

LaTeX Font Info:    Checking defaults for OML/cmm/m/it on input line 76.
LaTeX Font Info:    ... okay on input line 76.
LaTeX Font Info:    Checking defaults for T1/cmr/m/n on input line 76.
LaTeX Font Info:    ... okay on input line 76.
LaTeX Font Info:    Checking defaults for OT1/cmr/m/n on input line 76.
LaTeX Font Info:    ... okay on input line 76.
LaTeX Font Info:    Checking defaults for OMS/cmsy/m/n on input line 76.
LaTeX Font Info:    ... okay on input line 76.
LaTeX Font Info:    Checking defaults for OMX/cmex/m/n on input line 76.
LaTeX Font Info:    ... okay on input line 76.
LaTeX Font Info:    Checking defaults for U/cmr/m/n on input line 76.
LaTeX Font Info:    ... okay on input line 76.
LaTeX Font Info:    Checking defaults for TS1/cmr/m/n on input line 76.
LaTeX Font Info:    Try loading font information for TS1+cmr on input line 76.
 (/usr/share/texmf-texlive/tex/latex/base/ts1cmr.fd
File: ts1cmr.fd 1999/05/25 v2.5h Standard LaTeX font definitions
)
LaTeX Font Info:    ... okay on input line 76.
 [1

] [2] (./prilim.toc
LaTeX Font Info:    Try loading font information for U+msa on input line 4.

(/usr/share/texmf-texlive/tex/latex/amsfonts/umsa.fd
File: umsa.fd 2009/06/22 v3.00 AMS symbols A
)
LaTeX Font Info:    Try loading font information for U+msb on input line 4.

(/usr/share/texmf-texlive/tex/latex/amsfonts/umsb.fd
File: umsb.fd 2009/06/22 v3.00 AMS symbols B
) [3

])
\tf@toc=\write3
\openout3 = `prilim.toc'.

 [4] (./prilim.lof
Overfull \hbox (6.02884pt too wide) in paragraph at lines 32--32
 [][] []\T1/cmr/m/n/12 Task retry costs un-der LCM and com-peti-tor syn-chro-ni
za-tion meth-ods (0.5,0.2,0.2) []  
 []


Overfull \hbox (6.02884pt too wide) in paragraph at lines 40--40
 [][] []\T1/cmr/m/n/12 Task retry costs un-der LCM and com-peti-tor syn-chro-ni
za-tion meth-ods (0.8,0.5,0.2) []  
 []

)
\tf@lof=\write4
\openout4 = `prilim.lof'.

 [5

] (./prilim.lot)
\tf@lot=\write5
\openout5 = `prilim.lot'.

 [6

]
Chapter 1.
[1

]
Chapter 2.

LaTeX Warning: Citation `key-2' on page 2 undefined on input line 253.

[2

]
File: figures/figure9-a.eps Graphic file (type eps)
 <figures/figure9-a.eps>
File: figures/figure9-b.eps Graphic file (type eps)
 <figures/figure9-b.eps>
File: figures/figure5-a.eps Graphic file (type eps)
 <figures/figure5-a.eps>
File: figures/figure5-b-1.eps Graphic file (type eps)

<figures/figure5-b-1.eps>
File: figures/figure5-c-1.eps Graphic file (type eps)
 <figures/figure5-c-1.eps>
Underfull \hbox (badness 10000) in paragraph at lines 301--301
[]\T1/cmr/m/n/10 (c) Lazy val-i-da-tion with
 []

[3]

LaTeX Warning: Citation `austenmc:tcc:dissertation:2009' on page 4 undefined on
 input line 319.

[4]
File: figures/figure6-a-1.eps Graphic file (type eps)
 <figures/figure6-a-1.eps>
Underfull \hbox (badness 1845) in paragraph at lines 373--373
[]\T1/cmr/m/n/10 (a) Other atomic sec-tions
 []

File: figures/figure6-b.eps Graphic file (type eps)
<figures/figure6-b.eps>
File: figures/circle.eps Graphic file (type eps)
 <figures/circle.eps>
File: figures/dotted_circle.eps Graphic file (type eps)
 <figures/dotted_circle.eps>
[5]
File: figures/figure7.eps Graphic file (type eps)
 <figures/figure7.eps> [6]

LaTeX Warning: Citation `key-2' on page 7 undefined on input line 444.

[7]
File: figures/figure10.eps Graphic file (type eps)
 <figures/figure10.eps> [8] [9]
File: figures/figure11.eps Graphic file (type eps)
 <figures/figure11.eps> [10]

LaTeX Warning: Citation `key-2' on page 11 undefined on input line 592.


LaTeX Warning: Citation `key-5' on page 11 undefined on input line 667.


LaTeX Warning: Citation `key-5' on page 11 undefined on input line 673.

[11] [12]
File: figures/figure14.eps Graphic file (type eps)
 <figures/figure14.eps>

LaTeX Warning: Citation `key-5' on page 13 undefined on input line 745.


Overfull \hbox (30.86537pt too wide) in paragraph at lines 754--756
[]\T1/cmr/m/n/12 Consider the same as-sump-tions as in Sec-tion 2.3.1[]. Let $\
OML/cmm/m/it/12 [] \OT1/cmr/m/n/12 = [][] [] \OML/cmm/m/it/12 :\OT1/cmr/m/n/12
 2\OML/cmm/m/it/12 :^^L[]$\T1/cmr/m/n/12 .
 []

[13] [14] [15]
File: figures/figure15-a.eps Graphic file (type eps)
 <figures/figure15-a.eps>
File: figures/figure15-b.eps Graphic file (type eps)
 <figures/figure15-b.eps> [16]
Chapter 3.

LaTeX Warning: Citation `stmconcurrencycontrol:emsoft11' on page 17 undefined o
n input line 999.

[17

]
File: figures/figure16.eps Graphic file (type eps)
 <figures/figure16.eps> [18] [19] [20]

LaTeX Warning: Reference `priority_inversion' on page 21 undefined on input lin
e 1154.


LaTeX Warning: Citation `stmconcurrencycontrol:emsoft11' on page 21 undefined o
n input line 1154.


LaTeX Warning: Citation `stmconcurrencycontrol:emsoft11' on page 21 undefined o
n input line 1158.

File: figures/figure18.eps Graphic file (type eps)
<figures/figure18.eps>

LaTeX Warning: Citation `stmconcurrencycontrol:emsoft11' on page 21 undefined o
n input line 1168.

[21]

LaTeX Warning: Citation `stmconcurrencycontrol:emsoft11' on page 22 undefined o
n input line 1188.

[22]

LaTeX Warning: Citation `key-5' on page 23 undefined on input line 1227.

[23]

LaTeX Warning: Citation `key-5' on page 24 undefined on input line 1230.


LaTeX Warning: Citation `key-5' on page 24 undefined on input line 1234.

[24]

LaTeX Warning: Citation `stmconcurrencycontrol:emsoft11' on page 25 undefined o
n input line 1297.

[25]

LaTeX Warning: Reference `priority_inversion' on page 26 undefined on input lin
e 1319.


LaTeX Warning: Citation `stmconcurrencycontrol:emsoft11' on page 26 undefined o
n input line 1322.


LaTeX Warning: Citation `stmconcurrencycontrol:emsoft11' on page 26 undefined o
n input line 1325.


LaTeX Warning: Citation `stmconcurrencycontrol:emsoft11' on page 26 undefined o
n input line 1345.


LaTeX Warning: Citation `key-5' on page 26 undefined on input line 1359.


LaTeX Warning: Citation `key-5' on page 26 undefined on input line 1360.

[26]

LaTeX Warning: Citation `key-5' on page 27 undefined on input line 1366.

[27]

LaTeX Warning: Citation `dellinger2011chronos' on page 28 undefined on input li
ne 1470.


LaTeX Warning: Citation `marathe2006lowering' on page 28 undefined on input lin
e 1471.

[28] [29]
File: figures/Abr_dur_5t_nl_g_30_0.2_0.2_0.2_1.eps Graphic file (type eps)
 <figures/Abr_dur_5t_nl_g_30_0.2_0.2_0.2_1.eps>
File: figures/Abr_dur_10t_nl_g_30_0.2_0.2_0.2_1.eps Graphic file (type eps)

<figures/Abr_dur_10t_nl_g_30_0.2_0.2_0.2_1.eps>
File: figures/Abr_dur_12t_nl_g_30_0.2_0.2_0.2_1.eps Graphic file (type eps)

<figures/Abr_dur_12t_nl_g_30_0.2_0.2_0.2_1.eps>
File: figures/Res_Time_5t_nl_g_30_0.2_0.2_0.2_1.eps Graphic file (type eps)

<figures/Res_Time_5t_nl_g_30_0.2_0.2_0.2_1.eps>
File: figures/Res_Time_10t_nl_g_30_0.2_0.2_0.2_1.eps Graphic file (type eps)

<figures/Res_Time_10t_nl_g_30_0.2_0.2_0.2_1.eps>
File: figures/Res_Time_12t_nl_g_30_0.2_0.2_0.2_1.eps Graphic file (type eps)

<figures/Res_Time_12t_nl_g_30_0.2_0.2_0.2_1.eps>
Underfull \hbox (badness 10000) in paragraph at lines 1603--1612
[][] []
 []


LaTeX Warning: Citation `stmconcurrencycontrol_techreport' on page 30 undefined
 on input line 1618.

File: figures/Abr_dur_5t_nl_g_30_0.5_0.2_0.2_1.eps Graphic file (type eps)
<figures/Abr_dur_5t_nl_g_30_0.5_0.2_0.2_1.eps>
File: figures/Abr_dur_10t_nl_g_30_0.5_0.2_0.2_1.eps Graphic file (type eps)

<figures/Abr_dur_10t_nl_g_30_0.5_0.2_0.2_1.eps>
File: figures/Abr_dur_12t_nl_g_30_0.5_0.2_0.2_1.eps Graphic file (type eps)

<figures/Abr_dur_12t_nl_g_30_0.5_0.2_0.2_1.eps>
Underfull \hbox (badness 1184) in paragraph at lines 1636--1636
[]\T1/cmr/m/n/12 Figure 3.5: Task retry costs un-der LCM and com-peti-tor syn-c
hro-niza-tion meth-ods
 []

File: figures/Res_Time_5t_nl_g_30_0.5_0.2_0.2_1.eps Graphic file (type eps)
<figures/Res_Time_5t_nl_g_30_0.5_0.2_0.2_1.eps>
File: figures/Res_Time_10t_nl_g_30_0.5_0.2_0.2_1.eps Graphic file (type eps)

<figures/Res_Time_10t_nl_g_30_0.5_0.2_0.2_1.eps>
File: figures/Res_Time_12t_nl_g_30_0.5_0.2_0.2_1.eps Graphic file (type eps)

<figures/Res_Time_12t_nl_g_30_0.5_0.2_0.2_1.eps>
Underfull \hbox (badness 10000) in paragraph at lines 1644--1653
[][] []
 []

File: figures/Abr_dur_5t_nl_g_30_0.8_0.5_0.2_1.eps Graphic file (type eps)
<figures/Abr_dur_5t_nl_g_30_0.8_0.5_0.2_1.eps>
File: figures/Abr_dur_10t_nl_g_30_0.8_0.5_0.2_1.eps Graphic file (type eps)

<figures/Abr_dur_10t_nl_g_30_0.8_0.5_0.2_1.eps>
File: figures/Abr_dur_12t_nl_g_30_0.8_0.5_0.2_1.eps Graphic file (type eps)

<figures/Abr_dur_12t_nl_g_30_0.8_0.5_0.2_1.eps>
Underfull \hbox (badness 1184) in paragraph at lines 1672--1672
[]\T1/cmr/m/n/12 Figure 3.7: Task retry costs un-der LCM and com-peti-tor syn-c
hro-niza-tion meth-ods
 []

File: figures/Res_Time_5t_nl_g_30_0.8_0.5_0.2_1.eps Graphic file (type eps)
<figures/Res_Time_5t_nl_g_30_0.8_0.5_0.2_1.eps>
File: figures/Res_Time_10t_nl_g_30_0.8_0.5_0.2_1.eps Graphic file (type eps)

<figures/Res_Time_10t_nl_g_30_0.8_0.5_0.2_1.eps>
File: figures/Res_Time_12t_nl_g_30_0.8_0.5_0.2_1.eps Graphic file (type eps)

<figures/Res_Time_12t_nl_g_30_0.8_0.5_0.2_1.eps>
Underfull \hbox (badness 10000) in paragraph at lines 1680--1689
[][] []
 []

[30] [31] [32] [33] [34] [35] [36] (./prilim.bbl) [37] (./prilim.aux)

LaTeX Warning: There were undefined references.


LaTeX Warning: There were multiply-defined labels.

 ) 
Here is how much of TeX's memory you used:
 4209 strings out of 495062
 52918 string characters out of 1182644
 129549 words of memory out of 3000000
 7283 multiletter control sequences out of 15000+50000
 21489 words of font info for 57 fonts, out of 3000000 for 9000
 28 hyphenation exceptions out of 8191
 30i,17n,27p,939b,478s stack positions out of 5000i,500n,10000p,200000b,50000s

Output written on prilim.dvi (43 pages, 141500 bytes).
