This is pdfTeXk, Version 3.141592-1.40.3 (Web2C 7.5.6) (format=latex 2011.1.17)  3 DEC 2011 08:02
entering extended mode
 %&-line parsing enabled.
**DAC12.tex
(./DAC12.tex
LaTeX2e <2005/12/01>
Babel <v3.8h> and hyphenation patterns for english, usenglishmax, dumylang, noh
yphenation, loaded.
(./sig-alternate.cls (/usr/share/texmf-texlive/tex/latex/graphics/epsfig.sty
Package: epsfig 1999/02/16 v1.7a (e)psfig emulation (SPQR)

(/usr/share/texmf-texlive/tex/latex/graphics/graphicx.sty
Package: graphicx 1999/02/16 v1.0f Enhanced LaTeX Graphics (DPC,SPQR)

(/usr/share/texmf-texlive/tex/latex/graphics/keyval.sty
Package: keyval 1999/03/16 v1.13 key=value parser (DPC)
\KV@toks@=\toks14
)
(/usr/share/texmf-texlive/tex/latex/graphics/graphics.sty
Package: graphics 2006/02/20 v1.0o Standard LaTeX Graphics (DPC,SPQR)

(/usr/share/texmf-texlive/tex/latex/graphics/trig.sty
Package: trig 1999/03/16 v1.09 sin cos tan (DPC)
)
(/etc/texmf/tex/latex/config/graphics.cfg
File: graphics.cfg 2007/01/18 v1.5 graphics configuration of teTeX/TeXLive
)
Package graphics Info: Driver file: dvips.def on input line 90.

(/usr/share/texmf-texlive/tex/latex/graphics/dvips.def
File: dvips.def 1999/02/16 v3.0i Driver-dependant file (DPC,SPQR)
))
\Gin@req@height=\dimen102
\Gin@req@width=\dimen103
)
\epsfxsize=\dimen104
\epsfysize=\dimen105
)
(/usr/share/texmf-texlive/tex/latex/amsfonts/amssymb.sty
Package: amssymb 2002/01/22 v2.2d

(/usr/share/texmf-texlive/tex/latex/amsfonts/amsfonts.sty
Package: amsfonts 2001/10/25 v2.2f
\@emptytoks=\toks15
\symAMSa=\mathgroup4
\symAMSb=\mathgroup5
LaTeX Font Info:    Overwriting math alphabet `\mathfrak' in version `bold'
(Font)                  U/euf/m/n --> U/euf/b/n on input line 132.
))
(/usr/share/texmf-texlive/tex/latex/amsmath/amsmath.sty
Package: amsmath 2000/07/18 v2.13 AMS math features
\@mathmargin=\skip41

For additional information on amsmath, use the `?' option.
(/usr/share/texmf-texlive/tex/latex/amsmath/amstext.sty
Package: amstext 2000/06/29 v2.01

(/usr/share/texmf-texlive/tex/latex/amsmath/amsgen.sty
File: amsgen.sty 1999/11/30 v2.0
\@emptytoks=\toks16
\ex@=\dimen106
))
(/usr/share/texmf-texlive/tex/latex/amsmath/amsbsy.sty
Package: amsbsy 1999/11/29 v1.2d
\pmbraise@=\dimen107
)
(/usr/share/texmf-texlive/tex/latex/amsmath/amsopn.sty
Package: amsopn 1999/12/14 v2.01 operator names
)
\inf@bad=\count79
LaTeX Info: Redefining \frac on input line 211.
\uproot@=\count80
\leftroot@=\count81
LaTeX Info: Redefining \overline on input line 307.
\classnum@=\count82
\DOTSCASE@=\count83
LaTeX Info: Redefining \ldots on input line 379.
LaTeX Info: Redefining \dots on input line 382.
LaTeX Info: Redefining \cdots on input line 467.
\Mathstrutbox@=\box26
\strutbox@=\box27
\big@size=\dimen108
LaTeX Font Info:    Redeclaring font encoding OML on input line 567.
LaTeX Font Info:    Redeclaring font encoding OMS on input line 568.
\macc@depth=\count84
\c@MaxMatrixCols=\count85
\dotsspace@=\muskip10
\c@parentequation=\count86
\dspbrk@lvl=\count87
\tag@help=\toks17
\row@=\count88
\column@=\count89
\maxfields@=\count90
\andhelp@=\toks18
\eqnshift@=\dimen109
\alignsep@=\dimen110
\tagshift@=\dimen111
\tagwidth@=\dimen112
\totwidth@=\dimen113
\lineht@=\dimen114
\@envbody=\toks19
\multlinegap=\skip42
\multlinetaggap=\skip43
\mathdisplay@stack=\toks20
LaTeX Info: Redefining \[ on input line 2666.
LaTeX Info: Redefining \] on input line 2667.
)
Document Class 'sig-alternate' <22nd. April '09>. Modified by G.K.M. Tobin/Gerr
y Murray
Based in part upon document Style `acmconf' <22 May 89>. Hacked 4/91 by
shivers@cs.cmu.edu, 4/93 by theobald@cs.mcgill.ca
Excerpts were taken from (Journal Style) 'esub2acm.cls'.
****** Bugs/comments/suggestions/technicalities to Gerry Murray -- murray@hq.ac
m.org ******
Questions on the style, SIGS policies, etc. to Adrienne Griscti griscti@acm.org

\footheight=\dimen115
\@maxsep=\dimen116
\@dblmaxsep=\dimen117
\aucount=\count91
\originalaucount=\count92
\auwidth=\dimen118
\auskip=\dimen119
\auskipcount=\count93
\auskip=\dimen120
\allauboxes=\dimen121
\addauthors=\toks21
\addauflag=\count94
\subtitletext=\toks22
\savesection=\count95
\sectioncntr=\count96
\c@figure=\count97
\c@table=\count98
\titleboxnotes=\toks23
\titleboxnoteflag=\count99
Document Class: sig-alternate 2009/04/22 - V2.4 - based on acmproc.cls V1.3 <No
v. 30 '99>
(/usr/share/texmf-texlive/tex/latex/base/latexsym.sty
Package: latexsym 1998/08/17 v2.2e Standard LaTeX package (lasy symbols)
\symlasy=\mathgroup6
LaTeX Font Info:    Overwriting symbol font `lasy' in version `bold'
(Font)                  U/lasy/m/n --> U/lasy/b/n on input line 47.
)
\@acmtitlebox=\box28
\titlenotecount=\count100
\tntoks=\toks24
\tntokstwo=\toks25
\tntoksthree=\toks26
\tntoksfour=\toks27
\tntoksfive=\toks28
\catcount=\count101
\copyrightnotice=\toks29
\conf=\toks30
\confinfo=\toks31
\c@part=\count102
\c@section=\count103
\c@subsection=\count104
\c@subsubsection=\count105
\c@paragraph=\count106

Using 'Abbrev' bibliography style
LaTeX Info: Redefining \cite on input line 1211.
\bibindent=\dimen122
\colcntr=\count107
\saveb@x=\box29
\copyrtyr=\toks32
\acmcopyr=\toks33
\boilerplate=\toks34
\copyrightetc=\toks35
(/usr/share/texmf-texlive/tex/latex/base/fontenc.sty
Package: fontenc 2005/09/27 v1.99g Standard LaTeX package

(/usr/share/texmf-texlive/tex/latex/base/t1enc.def
File: t1enc.def 2005/09/27 v1.99g Standard LaTeX file
LaTeX Font Info:    Redeclaring font encoding T1 on input line 43.
)
LaTeX Font Info:    Try loading font information for T1+aer on input line 100.

(/usr/share/texmf-texlive/tex/latex/ae/t1aer.fd
File: t1aer.fd 1997/11/16 Font definitions for T1/aer.
)))
(/usr/share/texmf-texlive/tex/latex/subfig/subfig.sty
Package: subfig 2005/06/28 ver: 1.3 subfig package

(/usr/share/texmf-texlive/tex/latex/caption/caption.sty
Package: caption 2007/01/07 v3.0k Customising captions (AR)

(/usr/share/texmf-texlive/tex/latex/caption/caption3.sty
Package: caption3 2007/01/07 v3.0k caption3 kernel (AR)
\captionmargin=\dimen123
\captionmarginx=\dimen124
\captionwidth=\dimen125
\captionindent=\dimen126
\captionparindent=\dimen127
\captionhangindent=\dimen128
\abovecaptionskip=\skip44
\belowcaptionskip=\skip45
))
\c@KVtest=\count108
\sf@farskip=\skip46
\sf@captopadj=\dimen129
\sf@capskip=\skip47
\sf@nearskip=\skip48
\c@subfigure=\count109
\c@subfigure@save=\count110
\c@lofdepth=\count111
\c@subtable=\count112
\c@subtable@save=\count113
\c@lotdepth=\count114
\sf@top=\skip49
\sf@bottom=\skip50
)
(/usr/share/texmf-texlive/tex/latex/paralist/paralist.sty
Package: paralist 2002/03/18 v2.3b Extended list environments (BS)
\pltopsep=\skip51
\plpartopsep=\skip52
\plitemsep=\skip53
\plparsep=\skip54
\pl@lab=\toks36
)
(/usr/share/texmf-texlive/tex/latex/comment/comment.sty
\CommentStream=\write3

Excluding comment 'comment')
(/usr/share/texmf-texlive/tex/latex/tools/array.sty
Package: array 2005/08/23 v2.4b Tabular extension package (FMi)
\col@sep=\dimen130
\extrarowheight=\dimen131
\NC@list=\toks37
\extratabsurround=\skip55
\backup@length=\skip56
)
(/usr/share/texmf-texlive/tex/latex/cite/cite.sty
LaTeX Info: Redefining \cite on input line 149.
LaTeX Info: Redefining \nocite on input line 214.
Package: cite 2003/11/04  v 4.01
)
(/usr/share/texmf-texlive/tex/latex/ltxmisc/url.sty
\Urlmuskip=\muskip11
Package: url 2005/06/27  ver 3.2  Verb mode for urls, etc.
) (./algorithm2e.sty
Package: algorithm2e 2008/00/00 v3.10 algorithms environments
\c@AlgoLine=\count115

(/usr/share/texmf-texlive/tex/latex/base/ifthen.sty
Package: ifthen 2001/05/26 v1.1c Standard LaTeX ifthen package (DPC)
)
(/usr/share/texmf-texlive/tex/latex/tools/xspace.sty
Package: xspace 2006/05/08 v1.12 Space after command names (DPC,MH)
)
(/usr/share/texmf-texlive/tex/latex/ltxmisc/relsize.sty
Package: relsize 2003/07/04 ver 3.1


Package relsize Warning: Failed to get list of font sizes.
(relsize)                Falling back to old definition. on input line 81.

)
********************************************************
Package `algorithm2e' Release 4.01 -- december 14 2009 --
- algorithm2e-announce@lirmm.fr mailing list for announcement about releases
- algorithm2e-discussion@lirmm.fr mailing list for discussion about package
subscribe by emailing sympa@lirmm.fr with 'subscribe <list> <firstname name>'
- Author: Christophe Fiorio (fiorio@lirmm.fr)
********************************************************
\skiptotal=\skip57
\skiplinenumber=\skip58
\skiprule=\skip59
\skiphlne=\skip60
\skiptext=\skip61
\skiplength=\skip62
\algomargin=\skip63
\skipalgocfslide=\skip64
\algowidth=\dimen132
\inoutsize=\dimen133
\inoutline=\dimen134
\interspacetitleruled=\dimen135
\interspacealgoruled=\dimen136
\interspacetitleboxruled=\dimen137
\algocf@inoutbox=\box30
\algocf@inputbox=\box31
\AlCapSkip=\skip65
\AlCapHSkip=\skip66
\algocf@nlbox=\box32
\algocf@hangingbox=\box33
\algocf@capbox=\box34
\algoheightruledefault=\skip67
\algoheightrule=\skip68
\algotitleheightruledefault=\skip69
\algotitleheightrule=\skip70
\c@algocfline=\count116
\c@algocfproc=\count117
\c@algocf=\count118
\algocf@algoframe=\box35
\algocf@algobox=\box36
)
\c@clm=\count119


LaTeX Warning: Unused global option(s):
    [conference].

(./DAC12.aux)
\openout1 = `DAC12.aux'.

LaTeX Font Info:    Checking defaults for OML/cmm/m/it on input line 26.
LaTeX Font Info:    ... okay on input line 26.
LaTeX Font Info:    Checking defaults for T1/cmr/m/n on input line 26.
LaTeX Font Info:    ... okay on input line 26.
LaTeX Font Info:    Checking defaults for OT1/cmr/m/n on input line 26.
LaTeX Font Info:    ... okay on input line 26.
LaTeX Font Info:    Checking defaults for OMS/cmsy/m/n on input line 26.
LaTeX Font Info:    ... okay on input line 26.
LaTeX Font Info:    Checking defaults for OMX/cmex/m/n on input line 26.
LaTeX Font Info:    ... okay on input line 26.
LaTeX Font Info:    Checking defaults for U/cmr/m/n on input line 26.
LaTeX Font Info:    ... okay on input line 26.
 (/usr/share/texmf/tex/latex/dblatex/misc/ragged2e.sty
Package: ragged2e 2003/03/25 v2.04 ragged2e Package (MS)

(/usr/share/texmf-texlive/tex/latex/everysel/everysel.sty
Package: everysel 1999/06/08 v1.03 EverySelectfont Package (MS)
LaTeX Info: Redefining \selectfont on input line 125.
)
\CenteringLeftskip=\skip71
\RaggedLeftLeftskip=\skip72
\RaggedRightLeftskip=\skip73
\CenteringRightskip=\skip74
\RaggedLeftRightskip=\skip75
\RaggedRightRightskip=\skip76
\CenteringParfillskip=\skip77
\RaggedLeftParfillskip=\skip78
\RaggedRightParfillskip=\skip79
\JustifyingParfillskip=\skip80
\CenteringParindent=\skip81
\RaggedLeftParindent=\skip82
\RaggedRightParindent=\skip83
\JustifyingParindent=\skip84
)
Package caption Info: subref 1.2 or 1.3 detected on input line 26.
LaTeX Info: Redefining \subref on input line 26.
LaTeX Font Info:    Try loading font information for U+msa on input line 51.

(/usr/share/texmf-texlive/tex/latex/amsfonts/umsa.fd
File: umsa.fd 2002/01/19 v2.2g AMS font definitions
)
LaTeX Font Info:    Try loading font information for U+msb on input line 51.

(/usr/share/texmf-texlive/tex/latex/amsfonts/umsb.fd
File: umsb.fd 2002/01/19 v2.2g AMS font definitions
)
LaTeX Font Info:    Try loading font information for U+lasy on input line 51.

(/usr/share/texmf-texlive/tex/latex/base/ulasy.fd
File: ulasy.fd 1998/08/17 v2.2e LaTeX symbol font definitions
)

LaTeX Warning: No \author given.


Overfull \hbox (1.68747pt too wide) in paragraph at lines 54--57
\T1/aer/m/n/9 con-flicts, called length-based CM (or LCM). We up-per bound
 []


Overfull \hbox (6.5573pt too wide) in paragraph at lines 54--57
\T1/aer/m/n/9 the other, and it re-veals that G-EDF/LCM and G-RMA/LCM
 []


Overfull \hbox (2.74295pt too wide) in paragraph at lines 54--57
\T1/aer/m/n/9 are bet-ter or com-pa-ra-ble to other syn-chro-niza-tion tech-niq
ues.
 []


Underfull \hbox (badness 10000) in paragraph at lines 54--57

 []


Overfull \hbox (14.09143pt too wide) in paragraph at lines 78--80
\T1/aer/m/n/9 CM (ECM) and Rate Mono-tonic Assignment-based CM (RCM),
 []


Overfull \hbox (2.23015pt too wide) in paragraph at lines 86--90
[]\T1/aer/m/n/9 Transactional-like con-cur-rency con-trol with-out us-ing locks
,
 []

[1


] [2]
File: figures/figure16.eps Graphic file (type eps)
 <figures/figure16.eps>
Overfull \hbox (3.0831pt too wide) in paragraph at lines 194--200
\T1/aer/m/n/9 of the con-flict-ing trans-ac-tion is large (as $\OML/cmm/m/it/9 
c[] \OMS/cmsy/m/n/9 ! 1\OML/cmm/m/it/9 ;  f\OT1/cmr/m/n/9 (\OMS/cmsy/m/n/9 1\OM
L/cmm/m/it/9 ; \OT1/cmr/m/n/9 ) \OMS/cmsy/m/n/9 !
 []

File: figures/figure18.eps Graphic file (type eps)
<figures/figure18.eps>
Overfull \hbox (5.85371pt too wide) in paragraph at lines 312--312
[]\secfnt Schedulability com-par-i-son of G-EDF/LCM
 []

[3]
Overfull \hbox (5.92508pt too wide) in paragraph at lines 372--372
[]\secfnt G-EDF/LCM ver-sus lock-free syn-chro-niza-
 []


Overfull \hbox (3.28262pt too wide) in paragraph at lines 450--451
[]\T1/aer/m/it/9 Let $\OML/cmm/m/it/9 ^^U[]\OT1/cmr/m/n/9 (\OML/cmm/m/it/9 j; ^
^R\OT1/cmr/m/n/9 ) = [][] \OML/cmm/m/it/9 len\OT1/cmr/m/n/9 (\OML/cmm/m/it/9 s[
]\OT1/cmr/m/n/9 (\OML/cmm/m/it/9 ^^R\OT1/cmr/m/n/9 )) + \OML/cmm/m/it/9 []len\
OT1/cmr/m/n/9 (\OML/cmm/m/it/9 s[]\OT1/cmr/m/n/9 (\OML/cmm/m/it/9 ^^R\OT1/cmr/m
/n/9 ))$ \T1/aer/m/it/9 where
 []


Overfull \hbox (13.84573pt too wide) in paragraph at lines 473--473
[]\secfnt Schedulability Com-par-i-son of G-RMA/LCM
 []

[4]
File: figures/Abr_dur_5t_nl_g_30_0.5_0.5_0.5_1.eps Graphic file (type eps)
 <figures/Abr_dur_5t_nl_g_30_0.5_0.5_0.5_1.eps>
Overfull \hbox (22.17747pt too wide) in paragraph at lines 645--646
[][] 
 []

File: figures/Abr_dur_10t_nl_g_30_0.5_0.5_0.5_1.eps Graphic file (type eps)
<figures/Abr_dur_10t_nl_g_30_0.5_0.5_0.5_1.eps>
Overfull \hbox (22.17747pt too wide) in paragraph at lines 650--651
[][] 
 []

File: figures/Abr_dur_12t_nl_g_30_0.5_0.5_0.5_1.eps Graphic file (type eps)
<figures/Abr_dur_12t_nl_g_30_0.5_0.5_0.5_1.eps>
Overfull \hbox (22.17747pt too wide) in paragraph at lines 655--656
[][] 
 []

[5]
File: figures/Res_Time_5t_nl_g_30_0.5_0.5_0.5_1.eps Graphic file (type eps)
 <figures/Res_Time_5t_nl_g_30_0.5_0.5_0.5_1.eps>
Overfull \hbox (22.17747pt too wide) in paragraph at lines 674--675
[][] 
 []

File: figures/Res_Time_10t_nl_g_30_0.5_0.5_0.5_1.eps Graphic file (type eps)
<figures/Res_Time_10t_nl_g_30_0.5_0.5_0.5_1.eps>
Overfull \hbox (22.17747pt too wide) in paragraph at lines 680--681
[][] 
 []

File: figures/Res_Time_12t_nl_g_30_0.5_0.5_0.5_1.eps Graphic file (type eps)
<figures/Res_Time_12t_nl_g_30_0.5_0.5_0.5_1.eps>
Overfull \hbox (22.17747pt too wide) in paragraph at lines 686--687
[][] 
 []

(./DAC12.bbl [6])
Overfull \hbox (3.8432pt too wide) in paragraph at lines 759--760
[]\T1/aer/m/n/9 The max-i-mum num-ber of higher pri-or-ity in-stances
 []

[7]
Overfull \hbox (53.23962pt too wide) in paragraph at lines 776--780
\T1/aer/m/it/9 where $\OML/cmm/m/it/9 ^^R$ \T1/aer/m/it/9 is shared with an-oth
er task\T1/aer/m/n/9 . Then $\OML/cmm/m/it/9 ^^L[] \OT1/cmr/m/n/9 = \OML/cmm/m/
it/9 max\OMS/cmsy/m/n/9 f\OML/cmm/m/it/9 max[]\OMS/cmsy/m/n/9 f\OML/cmm/m/it/9 
^^L[]\OMS/cmsy/m/n/9 g\OML/cmm/m/it/9 ; ^^L[]\OMS/cmsy/m/n/9 g$
 []

[8]
Overfull \hbox (3.21939pt too wide) in paragraph at lines 862--863
[]\T1/aer/m/n/9 So, from the pre-vi-ous cases, the up-per bound on $\OML/cmm/m/
it/9 s[]=r[]$
 []


Overfull \hbox (3.76762pt too wide) in alignment at lines 887--889
 [][][] []
 []

[9

] (./DAC12.aux) ) 
Here is how much of TeX's memory you used:
 4074 strings out of 95087
 52986 string characters out of 1183278
 130830 words of memory out of 1500000
 7181 multiletter control sequences out of 10000+50000
 41484 words of font info for 52 fonts, out of 1200000 for 2000
 28 hyphenation exceptions out of 8191
 43i,14n,42p,962b,420s stack positions out of 5000i,500n,6000p,200000b,5000s

Output written on DAC12.dvi (9 pages, 75800 bytes).
