This is pdfTeX, Version 3.1415926-1.40.10 (TeX Live 2009/Debian) (format=latex 2012.5.17)  20 NOV 2012 04:01
entering extended mode
 %&-line parsing enabled.
**HiPeac_sh.tex
(./HiPeac_sh.tex
LaTeX2e <2009/09/24>
Babel <v3.8l> and hyphenation patterns for english, usenglishmax, dumylang, noh
yphenation, loaded.
(./acmsmall.cls
Document Class: acmsmall 2010/07/15, fonts included on 28 June 2010
ACM, Production Font style: 2010/06/28 by Aptara

Using ACM, TECS option: 2010/05/04 by Aptara

(/usr/share/texmf-texlive/tex/latex/base/latexsym.sty
Package: latexsym 1998/08/17 v2.2e Standard LaTeX package (lasy symbols)
\symlasy=\mathgroup4
LaTeX Font Info:    Overwriting symbol font `lasy' in version `bold'
(Font)                  U/lasy/m/n --> U/lasy/b/n on input line 47.
)
(/usr/share/texmf-texlive/tex/latex/graphics/color.sty
Package: color 2005/11/14 v1.0j Standard LaTeX Color (DPC)

(/etc/texmf/tex/latex/config/color.cfg
File: color.cfg 2007/01/18 v1.5 color configuration of teTeX/TeXLive
)
Package color Info: Driver file: dvips.def on input line 130.

(/usr/share/texmf-texlive/tex/latex/graphics/dvips.def
File: dvips.def 1999/02/16 v3.0i Driver-dependant file (DPC,SPQR)
)
(/usr/share/texmf-texlive/tex/latex/graphics/dvipsnam.def
File: dvipsnam.def 1999/02/16 v3.0i Driver-dependant file (DPC,SPQR)
))
(/usr/share/texmf-texlive/tex/latex/graphics/graphicx.sty
Package: graphicx 1999/02/16 v1.0f Enhanced LaTeX Graphics (DPC,SPQR)

(/usr/share/texmf-texlive/tex/latex/graphics/keyval.sty
Package: keyval 1999/03/16 v1.13 key=value parser (DPC)
\KV@toks@=\toks14
)
(/usr/share/texmf-texlive/tex/latex/graphics/graphics.sty
Package: graphics 2009/02/05 v1.0o Standard LaTeX Graphics (DPC,SPQR)

(/usr/share/texmf-texlive/tex/latex/graphics/trig.sty
Package: trig 1999/03/16 v1.09 sin cos tan (DPC)
)
(/etc/texmf/tex/latex/config/graphics.cfg
File: graphics.cfg 2009/08/28 v1.8 graphics configuration of TeX Live
)
Package graphics Info: Driver file: dvips.def on input line 91.
)
\Gin@req@height=\dimen102
\Gin@req@width=\dimen103
)
Document Class `acmsmall' Electronic Submissions v1.3 <May 24, 2012> (ACM).
\@firstpg=\count79
\@lastpg=\count80
\trimheight=\dimen104
\trimwidth=\dimen105
\normaltextheight=\dimen106
\tempdimen=\dimen107
\tempbox=\box26
\tbbox=\box27
\tabledim=\dimen108
\symnewlargesymbols=\mathgroup5
LaTeX Font Info:    Redeclaring math symbol \bigsqcup on input line 1891.
\normalparindent=\dimen109
\footheight=\skip41
\@maxsep=\skip42
\@dblmaxsep=\skip43
\@totalpg=\count81
\@abstract=\box28
\@permissionbox=\box29
\c@part=\count82
\c@section=\count83
\c@subsection=\count84
\c@subsubsection=\count85
\c@paragraph=\count86
\enumdim=\dimen110
\c@theorem=\count87
\belowcaptionskip=\skip44
\abovecaptionskip=\skip45
\c@figure=\count88
\c@table=\count89
\@narrowfig=\dimen111
\@nfigbox=\box30
\@nfcapbox=\box31
\@nfigbox=\box32
\@nfcapbox=\box33
\bibindent=\dimen112
LaTeX Font Info:    Overwriting math alphabet `\mathbb' in version `normal'
(Font)                  OT1/ams/bx/n --> OT1/ams/bx/n on input line 3473.
LaTeX Font Info:    Overwriting math alphabet `\mathbb' in version `bold'
(Font)                  OT1/ams/bx/n --> OT1/ams/bx/n on input line 3474.
) (/usr/share/texmf-texlive/tex/latex/paralist/paralist.sty
Package: paralist 2002/03/18 v2.3b Extended list environments (BS)
\pltopsep=\skip46
\plpartopsep=\skip47
\plitemsep=\skip48
\plparsep=\skip49
\pl@lab=\toks15
)
(/usr/share/texmf-texlive/tex/latex/comment/comment.sty
\CommentStream=\write3

Excluding comment 'comment') (/usr/share/texmf-texlive/tex/latex/cite/cite.sty
LaTeX Info: Redefining \cite on input line 285.
LaTeX Info: Redefining \nocite on input line 356.
Package: cite 2009/08/29  v 5.2
) (/usr/share/texmf-texlive/tex/latex/subfigure/subfigure.sty
Package: subfigure 2002/03/15 v2.1.5 subfigure package
\subfigtopskip=\skip50
\subfigcapskip=\skip51
\subfigcaptopadj=\dimen113
\subfigbottomskip=\skip52
\subfigcapmargin=\dimen114
\subfiglabelskip=\skip53
\c@subfigure=\count90
\c@lofdepth=\count91
\c@subtable=\count92
\c@lotdepth=\count93

****************************************
* Local config file subfigure.cfg used *
****************************************
(/usr/share/texmf-texlive/tex/latex/subfigure/subfigure.cfg)
\subfig@top=\skip54
\subfig@bottom=\skip55
)
(/usr/share/texmf-texlive/tex/latex/ltxmisc/url.sty
\Urlmuskip=\muskip10
Package: url 2006/04/12  ver 3.3  Verb mode for urls, etc.
) (./algorithm2e.sty
Package: algorithm2e 2008/00/00 v3.10 algorithms environments
\c@AlgoLine=\count94

(/usr/share/texmf-texlive/tex/latex/base/ifthen.sty
Package: ifthen 2001/05/26 v1.1c Standard LaTeX ifthen package (DPC)
)
(/usr/share/texmf-texlive/tex/latex/tools/xspace.sty
Package: xspace 2006/05/08 v1.12 Space after command names (DPC,MH)
)
(/usr/share/texmf-texlive/tex/latex/ltxmisc/relsize.sty
Package: relsize 2003/07/04 ver 3.1
)
********************************************************
Package `algorithm2e' Release 4.01 -- december 14 2009 --
- algorithm2e-announce@lirmm.fr mailing list for announcement about releases
- algorithm2e-discussion@lirmm.fr mailing list for discussion about package
subscribe by emailing sympa@lirmm.fr with 'subscribe <list> <firstname name>'
- Author: Christophe Fiorio (fiorio@lirmm.fr)
********************************************************
\skiptotal=\skip56
\skiplinenumber=\skip57
\skiprule=\skip58
\skiphlne=\skip59
\skiptext=\skip60
\skiplength=\skip61
\algomargin=\skip62
\skipalgocfslide=\skip63
\algowidth=\dimen115
\inoutsize=\dimen116
\inoutline=\dimen117
\interspacetitleruled=\dimen118
\interspacealgoruled=\dimen119
\interspacetitleboxruled=\dimen120
\algocf@inoutbox=\box34
\algocf@inputbox=\box35
\AlCapSkip=\skip64
\AlCapHSkip=\skip65
\algocf@nlbox=\box36
\algocf@hangingbox=\box37
\algocf@capbox=\box38
\algoheightruledefault=\skip66
\algoheightrule=\skip67
\algotitleheightruledefault=\skip68
\algotitleheightrule=\skip69
\c@algocfline=\count95
\c@algocfproc=\count96
\c@algocf=\count97
\algocf@algoframe=\box39
\algocf@algobox=\box40
)
\c@clm=\count98
\c@mydef=\count99
 (./HiPeac_sh.aux

LaTeX Warning: Label `eq:fblt_rc' multiply defined.


LaTeX Warning: Label `eq:fblt_delay' multiply defined.


LaTeX Warning: Label `eq:fblt_res_time' multiply defined.


LaTeX Warning: Label `sec:fblt vs lock free' multiply defined.


LaTeX Warning: Label `clm:fblt_edf_lock-free' multiply defined.


LaTeX Warning: Label `eq:fblt_lf_comparison_1' multiply defined.


LaTeX Warning: Label `eq:fblt_lf_comparison_8' multiply defined.


LaTeX Warning: Label `eq:fblt_lf_comparison_6' multiply defined.


LaTeX Warning: Label `eq:fblt_lf_comparison_7' multiply defined.


LaTeX Warning: Label `eq:fblt_lf_comparison_9' multiply defined.


LaTeX Warning: Label `eq:fblt_lf_comparison_10' multiply defined.


LaTeX Warning: Label `fig-RC-fblt-20t-20obj' multiply defined.


LaTeX Warning: Label `fig-RC-fblt-8t-20obj' multiply defined.


LaTeX Warning: Label `fig-RC-fblt-20t-20obj' multiply defined.

)
\openout1 = `HiPeac_sh.aux'.

LaTeX Font Info:    Checking defaults for OML/cmm/m/it on input line 41.
LaTeX Font Info:    ... okay on input line 41.
LaTeX Font Info:    Checking defaults for T1/cmr/m/n on input line 41.
LaTeX Font Info:    ... okay on input line 41.
LaTeX Font Info:    Checking defaults for OT1/cmr/m/n on input line 41.
LaTeX Font Info:    ... okay on input line 41.
LaTeX Font Info:    Checking defaults for OMS/cmsy/m/n on input line 41.
LaTeX Font Info:    ... okay on input line 41.
LaTeX Font Info:    Checking defaults for OMX/cmex/m/n on input line 41.
LaTeX Font Info:    ... okay on input line 41.
LaTeX Font Info:    Checking defaults for U/cmr/m/n on input line 41.
LaTeX Font Info:    ... okay on input line 41.
LaTeX Font Info:    Try loading font information for OT1+pnc on input line 41.
 (/usr/share/texmf-texlive/tex/latex/psnfss/ot1pnc.fd
File: ot1pnc.fd 2001/06/04 font definitions for OT1/pnc.
)
LaTeX Font Info:    Try loading font information for OT1+phv on input line 75.

(/usr/share/texmf-texlive/tex/latex/psnfss/ot1phv.fd
File: ot1phv.fd 2001/06/04 scalable font definitions for OT1/phv.
)
LaTeX Font Info:    Font shape `OT1/phv/bx/n' in size <12> not available
(Font)              Font shape `OT1/phv/b/n' tried instead on input line 75.
LaTeX Font Info:    Font shape `OT1/pnc/bx/n' in size <8> not available
(Font)              Font shape `OT1/pnc/b/n' tried instead on input line 75.

! Missing number, treated as zero.
<to be read again> 
                   \relax 
l.75 \maketitle
               
A number should have been here; I inserted `0'.
(If you can't figure out why I needed to see a number,
look up `weird error' in the index to The TeXbook.)

LaTeX Font Info:    External font `cmex10' loaded for size
(Font)              <8> on input line 75.
LaTeX Font Info:    External font `cmex10' loaded for size
(Font)              <6> on input line 75.
LaTeX Font Info:    External font `cmex10' loaded for size
(Font)              <5> on input line 75.
LaTeX Font Info:    Try loading font information for U+lasy on input line 75.
(/usr/share/texmf-texlive/tex/latex/base/ulasy.fd
File: ulasy.fd 1998/08/17 v2.2e LaTeX symbol font definitions
)
LaTeX Font Info:    Font shape `OT1/phv/bx/n' in size <9> not available
(Font)              Font shape `OT1/phv/b/n' tried instead on input line 78.

Underfull \vbox (badness 2478) has occurred while \output is active []


Overfull \vbox (72.27pt too high) has occurred while \output is active []


! Missing number, treated as zero.
<to be read again> 
                   \relax 
l.91 
     
A number should have been here; I inserted `0'.
(If you can't figure out why I needed to see a number,
look up `weird error' in the index to The TeXbook.)

[1

]
Underfull \vbox (badness 10000) has occurred while \output is active []


! Missing number, treated as zero.
<to be read again> 
                   \relax 
l.114 
      
A number should have been here; I inserted `0'.
(If you can't figure out why I needed to see a number,
look up `weird error' in the index to The TeXbook.)

[2]
LaTeX Font Info:    External font `cmex10' loaded for size
(Font)              <7> on input line 132.

Underfull \vbox (badness 5431) has occurred while \output is active []


! Missing number, treated as zero.
<to be read again> 
                   \relax 
l.134 
      
A number should have been here; I inserted `0'.
(If you can't figure out why I needed to see a number,
look up `weird error' in the index to The TeXbook.)

[3]
LaTeX Font Info:    Try loading font information for OMS+pnc on input line 142.

 (/usr/share/texmf-texlive/tex/latex/psnfss/omspnc.fd
File: omspnc.fd 
)
LaTeX Font Info:    Font shape `OMS/pnc/m/n' in size <10> not available
(Font)              Font shape `OMS/cmsy/m/n' tried instead on input line 142.

Underfull \vbox (badness 1939) has occurred while \output is active []


! Missing number, treated as zero.
<to be read again> 
                   \relax 
l.162 T
       he \textit{Rate Monotonic Contention Manager} (RCM) \cite{stmconcurre...
A number should have been here; I inserted `0'.
(If you can't figure out why I needed to see a number,
look up `weird error' in the index to The TeXbook.)

[4]
LaTeX Font Info:    Font shape `OT1/pnc/bx/n' in size <5> not available
(Font)              Font shape `OT1/pnc/b/n' tried instead on input line 185.
LaTeX Font Info:    Font shape `OT1/pnc/bx/n' in size <5.55556> not available
(Font)              Font shape `OT1/pnc/b/n' tried instead on input line 185.
LaTeX Font Info:    Font shape `OT1/pnc/bx/n' in size <10> not available
(Font)              Font shape `OT1/pnc/b/n' tried instead on input line 194.
LaTeX Font Info:    Font shape `OT1/pnc/bx/n' in size <9> not available
(Font)              Font shape `OT1/pnc/b/n' tried instead on input line 194.

! Missing number, treated as zero.
<to be read again> 
                   \relax 
l.215 
      
A number should have been here; I inserted `0'.
(If you can't figure out why I needed to see a number,
look up `weird error' in the index to The TeXbook.)

[5]
Underfull \hbox (badness 3209) in paragraph at lines 218--219
[]\OT1/pnc/m/n/10 Therefore, the anal-y-sis in [El-Shambakey and Ravin-dran 201
2b] and [El-
 []


Underfull \vbox (badness 6978) has occurred while \output is active []


! Missing number, treated as zero.
<to be read again> 
                   \relax 
l.228 \item \label
                  {goal 1} reduce the retry cost of each transaction $s_i^k$...
A number should have been here; I inserted `0'.
(If you can't figure out why I needed to see a number,
look up `weird error' in the index to The TeXbook.)

[6]

LaTeX Warning: `h' float specifier changed to `ht'.


Underfull \vbox (badness 10000) has occurred while \output is active []


! Missing number, treated as zero.
<to be read again> 
                   \relax 
l.324 \item $
             s_{c}^{d}(\theta_{2})$ commits. $s_{e}^{f}(\theta_{2},\theta_{3})$
A number should have been here; I inserted `0'.
(If you can't figure out why I needed to see a number,
look up `weird error' in the index to The TeXbook.)

[7]
! Undefined control sequence.
<recently read> \because 
                         
l.331 are compared again. $\because
                                   \,\eta_{i}^{k}=\delta_{i}^{k}$, $\therefo...
The control sequence at the end of the top line
of your error message was never \def'ed. If you have
misspelled it (e.g., `\hobx'), type `I' and the correct
spelling (e.g., `I\hbox'). Otherwise just continue,
and I'll forget about whatever was undefined.

! Undefined control sequence.
<recently read> \therefore 
                           
l.331 ...\eta_{i}^{k}=\delta_{i}^{k}$, $\therefore
                                                  \, s_{i}^{k}(\theta_{1},\t...
The control sequence at the end of the top line
of your error message was never \def'ed. If you have
misspelled it (e.g., `\hobx'), type `I' and the correct
spelling (e.g., `I\hbox'). Otherwise just continue,
and I'll forget about whatever was undefined.

! Undefined control sequence.
<recently read> \therefore 
                           
l.334 ... is a preemptive transaction, $\therefore
                                                  \, s_{e}^{f}(\theta_{2},\t...
The control sequence at the end of the top line
of your error message was never \def'ed. If you have
misspelled it (e.g., `\hobx'), type `I' and the correct
spelling (e.g., `I\hbox'). Otherwise just continue,
and I'll forget about whatever was undefined.


Underfull \vbox (badness 10000) has occurred while \output is active []


! Missing number, treated as zero.
<to be read again> 
                   \relax 
l.337 \item \label
                  {fblt_ex_step 7} $s_{j}^{l}(\theta_{3})$ commits but $s_{g...
A number should have been here; I inserted `0'.
(If you can't figure out why I needed to see a number,
look up `weird error' in the index to The TeXbook.)

[8]
Underfull \hbox (badness 1715) in paragraph at lines 342--347
[]$\OML/cmm/m/it/10 s[]\OT1/cmr/m/n/10 (\OML/cmm/m/it/10 ^^R[]; ^^R[]\OT1/cmr/m
/n/10 )$ \OT1/pnc/m/n/10 and $\OML/cmm/m/it/10 s[]\OT1/cmr/m/n/10 (\OML/cmm/m/i
t/10 ^^R[]; ^^R[]\OT1/cmr/m/n/10 )$ \OT1/pnc/m/n/10 are now non-preemptive tran
s-ac-tions. $\OML/cmm/m/it/10 s[]\OT1/cmr/m/n/10 (\OML/cmm/m/it/10 ^^R[]; ^^R[]
\OT1/cmr/m/n/10 )$ \OT1/pnc/m/n/10 and
 []


! LaTeX Error: \begin{compactenum} on input line 312 ended by \end{enumerate}.

See the LaTeX manual or LaTeX Companion for explanation.
Type  H <return>  for immediate help.
 ...                                              
                                                  
l.352 \end{enumerate}
                     
Your command was ignored.
Type  I <command> <return>  to replace it with another command,
or  <return>  to continue without it.

! Missing number, treated as zero.
<to be read again> 
                   \relax 
l.405 \end{proof}
                 
A number should have been here; I inserted `0'.
(If you can't figure out why I needed to see a number,
look up `weird error' in the index to The TeXbook.)

[9]
! Missing number, treated as zero.
<to be read again> 
                   \relax 
l.479 \end{equation}
                    
A number should have been here; I inserted `0'.
(If you can't figure out why I needed to see a number,
look up `weird error' in the index to The TeXbook.)

[10]
! Missing number, treated as zero.
<to be read again> 
                   \relax 
l.541 \end{proof}
                 
A number should have been here; I inserted `0'.
(If you can't figure out why I needed to see a number,
look up `weird error' in the index to The TeXbook.)

[11]
! Missing number, treated as zero.
<to be read again> 
                   \relax 
l.596 B
       y substituting $RC_{A}(T_{i})$ and $RC_{B}(T_{i})$ in (\ref{eq:utiliz...
A number should have been here; I inserted `0'.
(If you can't figure out why I needed to see a number,
look up `weird error' in the index to The TeXbook.)

[12]
! Missing number, treated as zero.
<to be read again> 
                   \relax 
l.650 T
       he last condition $\bar{s_{j}^{h}}(\Theta)\not\in\nu_{i}^{l},\, l\ne k$
A number should have been here; I inserted `0'.
(If you can't figure out why I needed to see a number,
look up `weird error' in the index to The TeXbook.)

[13]
! Undefined control sequence.
<recently read> \p 
                   
l.669 ...in all jobs with higher priority than $\p
                                                  _{i}^x$. Claim follows.
The control sequence at the end of the top line
of your error message was never \def'ed. If you have
misspelled it (e.g., `\hobx'), type `I' and the correct
spelling (e.g., `I\hbox'). Otherwise just continue,
and I'll forget about whatever was undefined.

! Extra \right.
l.678 ...epsilon}^{min(n,m)-1} s_{u_{max}} \right)
                                                   \right)\label{eq:fblt_rcm...
I'm ignoring a \right that had no matching \left.

! Extra \right.
l.678 ...^{min(n,m)-1} s_{u_{max}} \right) \right)
                                                  \label{eq:fblt_rcm_compari...
I'm ignoring a \right that had no matching \left.

! Missing number, treated as zero.
<to be read again> 
                   \relax 
l.703 E
       ach $\tau_i^x$ has the same interference pattern from higher priority...
A number should have been here; I inserted `0'.
(If you can't figure out why I needed to see a number,
look up `weird error' in the index to The TeXbook.)

[14]
! Missing number, treated as zero.
<to be read again> 
                   \relax 
l.750 \begin{equation}
                      
A number should have been here; I inserted `0'.
(If you can't figure out why I needed to see a number,
look up `weird error' in the index to The TeXbook.)

[15]
! Extra \right.
l.751 ...epsilon}^{min(n,m)-1} s_{u_{max}} \right)
                                                  \label{eq:fblt_rcm_compari...
I'm ignoring a \right that had no matching \left.

! Extra \right.
l.756 ...epsilon}^{min(n,m)-1} s_{u_{max}} \right)
                                                   \right)\label{eq:fblt_rcm...
I'm ignoring a \right that had no matching \left.

! Extra \right.
l.756 ...^{min(n,m)-1} s_{u_{max}} \right) \right)
                                                  \label{eq:fblt_rcm_compari...
I'm ignoring a \right that had no matching \left.

! Missing number, treated as zero.
<to be read again> 
                   \relax 
l.963 \end{proof}
                 
A number should have been here; I inserted `0'.
(If you can't figure out why I needed to see a number,
look up `weird error' in the index to The TeXbook.)

[16]

LaTeX Warning: Reference `utilization comparison' on page 17 undefined on input
 line 986.

! Undefined control sequence.
<recently read> \therefore 
                           
l.1004 ...y than any job of $\tau_{i}$.$\therefore
                                                  $
The control sequence at the end of the top line
of your error message was never \def'ed. If you have
misspelled it (e.g., `\hobx'), type `I' and the correct
spelling (e.g., `I\hbox'). Otherwise just continue,
and I'll forget about whatever was undefined.

! Undefined control sequence.
<recently read> \therefore 
                           
l.1026 $\therefore
                  $ (\ref{eq:fblt_pnf_comparison_3}) holds if $\forall\,\tau...
The control sequence at the end of the top line
of your error message was never \def'ed. If you have
misspelled it (e.g., `\hobx'), type `I' and the correct
spelling (e.g., `I\hbox'). Otherwise just continue,
and I'll forget about whatever was undefined.

! Missing number, treated as zero.
<to be read again> 
                   \relax 
l.1030 \end{eqnarray}
                     
A number should have been here; I inserted `0'.
(If you can't figure out why I needed to see a number,
look up `weird error' in the index to The TeXbook.)

[17]
! Undefined control sequence.
l.1052 \therefore
                 \,\delta_{i}^{k}\le\frac{\sum_{\forall\tau_{j}\in\gamma_{i}...
The control sequence at the end of the top line
of your error message was never \def'ed. If you have
misspelled it (e.g., `\hobx'), type `I' and the correct
spelling (e.g., `I\hbox'). Otherwise just continue,
and I'll forget about whatever was undefined.

! Undefined control sequence.
l.1062 \therefore
                 \,\delta_{i}^{k}\le\frac{\sum_{\forall\tau_{j}\in\gamma_{i}...
The control sequence at the end of the top line
of your error message was never \def'ed. If you have
misspelled it (e.g., `\hobx'), type `I' and the correct
spelling (e.g., `I\hbox'). Otherwise just continue,
and I'll forget about whatever was undefined.

! Undefined control sequence.
<recently read> \because 
                         
l.1078 ...ty than any job of $\tau_{i}$. $\because
                                                  \,\sum_{max\_m}\left\{ s_{...
The control sequence at the end of the top line
of your error message was never \def'ed. If you have
misspelled it (e.g., `\hobx'), type `I' and the correct
spelling (e.g., `I\hbox'). Otherwise just continue,
and I'll forget about whatever was undefined.

! Undefined control sequence.
<recently read> \therefore 
                           
l.1079 $\therefore
                  $ (\ref{eq:fblt_pnf_comparison_9}) holds if
The control sequence at the end of the top line
of your error message was never \def'ed. If you have
misspelled it (e.g., `\hobx'), type `I' and the correct
spelling (e.g., `I\hbox'). Otherwise just continue,
and I'll forget about whatever was undefined.

! Missing number, treated as zero.
<to be read again> 
                   \relax 
l.1080 \begin{equation}
                       
A number should have been here; I inserted `0'.
(If you can't figure out why I needed to see a number,
look up `weird error' in the index to The TeXbook.)

[18]
! Undefined control sequence.
<recently read> \because 
                         
l.1083 $\because
                \,\zeta_{i}$ includes all jobs with higher priority than
The control sequence at the end of the top line
of your error message was never \def'ed. If you have
misspelled it (e.g., `\hobx'), type `I' and the correct
spelling (e.g., `I\hbox'). Otherwise just continue,
and I'll forget about whatever was undefined.

! Undefined control sequence.
<recently read> \therefore 
                           
l.1085 priority than $\tau_{i}$, $\therefore
                                            $ (\ref{eq:fblt_pnf_comparison_10})
The control sequence at the end of the top line
of your error message was never \def'ed. If you have
misspelled it (e.g., `\hobx'), type `I' and the correct
spelling (e.g., `I\hbox'). Otherwise just continue,
and I'll forget about whatever was undefined.

! Undefined control sequence.
l.1091 \therefore
                 \,\frac{s_{i,j_{max}}}{s_{j_{min}}}\le\frac{\left\lfloor \f...
The control sequence at the end of the top line
of your error message was never \def'ed. If you have
misspelled it (e.g., `\hobx'), type `I' and the correct
spelling (e.g., `I\hbox'). Otherwise just continue,
and I'll forget about whatever was undefined.


Underfull \hbox (badness 4181) in paragraph at lines 1092--1099
$[]$ \OT1/pnc/m/n/10 is the min-i-mum num-ber of times any job of $\OML/cmm/m/i
t/10 ^^\[]$
 []


Underfull \hbox (badness 2073) in paragraph at lines 1092--1099
\OT1/pnc/m/n/10 can be blocked due to non-conflicting trans-ac-tions in all low
er pri-or-ity jobs.
 []

! Undefined control sequence.
<recently read> \therefore 
                           
l.1133 respectively. $\therefore
                                $ $RC_{re}(T_{i})=\left\lceil \frac{T_{i}}{T...
The control sequence at the end of the top line
of your error message was never \def'ed. If you have
misspelled it (e.g., `\hobx'), type `I' and the correct
spelling (e.g., `I\hbox'). Otherwise just continue,
and I'll forget about whatever was undefined.

! Undefined control sequence.
<recently read> \therefore 
                           
l.1134 $\therefore
                  $ (\ref{eq:fblt_lf_comparison_1}) becomes:
The control sequence at the end of the top line
of your error message was never \def'ed. If you have
misspelled it (e.g., `\hobx'), type `I' and the correct
spelling (e.g., `I\hbox'). Otherwise just continue,
and I'll forget about whatever was undefined.

! Missing number, treated as zero.
<to be read again> 
                   \relax 
l.1135 \begin{eqnarray}
                       
A number should have been here; I inserted `0'.
(If you can't figure out why I needed to see a number,
look up `weird error' in the index to The TeXbook.)

[19]
! Undefined control sequence.
<recently read> \therefore 
                           
l.1140 and $r_{max}\ge r_{i_{max}}$ $\therefore
                                               $ (\ref{eq:fblt_lf_comparison...
The control sequence at the end of the top line
of your error message was never \def'ed. If you have
misspelled it (e.g., `\hobx'), type `I' and the correct
spelling (e.g., `I\hbox'). Otherwise just continue,
and I'll forget about whatever was undefined.

! Undefined control sequence.
<recently read> \therefore 
                           
l.1146 $\therefore
                  $ (\ref{eq:fblt_lf_comparison_6}) holds if for each $\tau_...
The control sequence at the end of the top line
of your error message was never \def'ed. If you have
misspelled it (e.g., `\hobx'), type `I' and the correct
spelling (e.g., `I\hbox'). Otherwise just continue,
and I'll forget about whatever was undefined.

! Undefined control sequence.
<recently read> \therefore 
                           
l.1151 $\therefore
                  $
The control sequence at the end of the top line
of your error message was never \def'ed. If you have
misspelled it (e.g., `\hobx'), type `I' and the correct
spelling (e.g., `I\hbox'). Otherwise just continue,
and I'll forget about whatever was undefined.

! Undefined control sequence.
<recently read> \therefore 
                           
l.1164 ...m value will be ineffective. $\therefore
                                                  \,\sum_{\forall s_{i}^{k}\...
The control sequence at the end of the top line
of your error message was never \def'ed. If you have
misspelled it (e.g., `\hobx'), type `I' and the correct
spelling (e.g., `I\hbox'). Otherwise just continue,
and I'll forget about whatever was undefined.

! Undefined control sequence.
<recently read> \therefore 
                           
l.1171 ...alue. Thus, $\beta_{i,j}=1$. $\therefore
                                                  $
The control sequence at the end of the top line
of your error message was never \def'ed. If you have
misspelled it (e.g., `\hobx'), type `I' and the correct
spelling (e.g., `I\hbox'). Otherwise just continue,
and I'll forget about whatever was undefined.

! Missing number, treated as zero.
<to be read again> 
                   \relax 
l.1192 \end{clm}
                
A number should have been here; I inserted `0'.
(If you can't figure out why I needed to see a number,
look up `weird error' in the index to The TeXbook.)

[20]
! Undefined control sequence.
<recently read> \therefore 
                           
l.1216 respectively.$\therefore
                               $ $RC_{re}(T_{i})=\left\lceil \frac{T_{i}}{T_...
The control sequence at the end of the top line
of your error message was never \def'ed. If you have
misspelled it (e.g., `\hobx'), type `I' and the correct
spelling (e.g., `I\hbox'). Otherwise just continue,
and I'll forget about whatever was undefined.

! Undefined control sequence.
<recently read> \therefore 
                           
l.1218 ...ck-free and G-RMA/lock-free. $\therefore
                                                  $
The control sequence at the end of the top line
of your error message was never \def'ed. If you have
misspelled it (e.g., `\hobx'), type `I' and the correct
spelling (e.g., `I\hbox'). Otherwise just continue,
and I'll forget about whatever was undefined.

! Undefined control sequence.
<recently read> \therefore 
                           
l.1225 and $r_{max}\ge r_{i_{max}}$ $\therefore
                                               $ (\ref{eq:fblt_lf_comparison...
The control sequence at the end of the top line
of your error message was never \def'ed. If you have
misspelled it (e.g., `\hobx'), type `I' and the correct
spelling (e.g., `I\hbox'). Otherwise just continue,
and I'll forget about whatever was undefined.

! Undefined control sequence.
<recently read> \therefore 
                           
l.1231 $\therefore
                  $ (\ref{eq:fblt_lf_comparison_6}) holds if for each $\tau_...
The control sequence at the end of the top line
of your error message was never \def'ed. If you have
misspelled it (e.g., `\hobx'), type `I' and the correct
spelling (e.g., `I\hbox'). Otherwise just continue,
and I'll forget about whatever was undefined.

! Undefined control sequence.
<recently read> \therefore 
                           
l.1236 $\therefore
                  $
The control sequence at the end of the top line
of your error message was never \def'ed. If you have
misspelled it (e.g., `\hobx'), type `I' and the correct
spelling (e.g., `I\hbox'). Otherwise just continue,
and I'll forget about whatever was undefined.

! Undefined control sequence.
<recently read> \therefore 
                           
l.1248 ...m value will be ineffective. $\therefore
                                                  \,\sum_{\forall s_{i}^{k}\...
The control sequence at the end of the top line
of your error message was never \def'ed. If you have
misspelled it (e.g., `\hobx'), type `I' and the correct
spelling (e.g., `I\hbox'). Otherwise just continue,
and I'll forget about whatever was undefined.

! Missing number, treated as zero.
<to be read again> 
                   \relax 
l.1250 \begin{eqnarray}
                       
A number should have been here; I inserted `0'.
(If you can't figure out why I needed to see a number,
look up `weird error' in the index to The TeXbook.)

[21]
! Undefined control sequence.
<recently read> \therefore 
                           
l.1254 ... value. So, $\beta_{i,j}=1$. $\therefore
                                                  $
The control sequence at the end of the top line
of your error message was never \def'ed. If you have
misspelled it (e.g., `\hobx'), type `I' and the correct
spelling (e.g., `I\hbox'). Otherwise just continue,
and I'll forget about whatever was undefined.

File: /e/lectures/real-time/PhD-work/STM/Practical/results_uno/figures/5_tasks/
Abr_Dur/fblt/Abr_dur_5t_1obj_all_100wr.eps Graphic file (type eps)

</e/lectures/real-time/PhD-work/STM/Practical/results_uno/figures/5_tasks/Abr_D
ur/fblt/Abr_dur_5t_1obj_all_100wr.eps>
File: /e/lectures/real-time/PhD-work/STM/Practical/results_uno/figures/5_tasks/
Abr_Dur/fblt/Abr_dur_5t_1obj_100wr.eps Graphic file (type eps)

</e/lectures/real-time/PhD-work/STM/Practical/results_uno/figures/5_tasks/Abr_D
ur/fblt/Abr_dur_5t_1obj_100wr.eps>
! Missing number, treated as zero.
<to be read again> 
                   \relax 
l.1302 
       
A number should have been here; I inserted `0'.
(If you can't figure out why I needed to see a number,
look up `weird error' in the index to The TeXbook.)

[22]
File: /e/lectures/real-time/PhD-work/STM/Practical/results_uno/figures/4_tasks/
Abr_Dur/fblt/Abr_dur_4t_50obj_100wr_-1eta.eps Graphic file (type eps)

</e/lectures/real-time/PhD-work/STM/Practical/results_uno/figures/4_tasks/Abr_D
ur/fblt/Abr_dur_4t_50obj_100wr_-1eta.eps>
File: /e/lectures/real-time/PhD-work/STM/Practical/results_uno/figures/4_tasks/
Abr_Dur/fblt/Abr_dur_4t_100obj_100wr_-1eta.eps Graphic file (type eps)

</e/lectures/real-time/PhD-work/STM/Practical/results_uno/figures/4_tasks/Abr_D
ur/fblt/Abr_dur_4t_100obj_100wr_-1eta.eps>
File: /e/lectures/real-time/PhD-work/STM/Practical/results_uno/figures/8_tasks/
Abr_Dur/fblt/Abr_dur_8t_90obj_100wr_-1eta.eps Graphic file (type eps)

</e/lectures/real-time/PhD-work/STM/Practical/results_uno/figures/8_tasks/Abr_D
ur/fblt/Abr_dur_8t_90obj_100wr_-1eta.eps>
File: /e/lectures/real-time/PhD-work/STM/Practical/results_uno/figures/8_tasks/
Abr_Dur/fblt/Abr_dur_8t_180obj_100wr_-1eta.eps Graphic file (type eps)

</e/lectures/real-time/PhD-work/STM/Practical/results_uno/figures/8_tasks/Abr_D
ur/fblt/Abr_dur_8t_180obj_100wr_-1eta.eps>
File: /e/lectures/real-time/PhD-work/STM/Practical/results_uno/figures/20_tasks
/Abr_Dur/fblt/Abr_dur_20t_210obj_100wr_-1eta.eps Graphic file (type eps)

</e/lectures/real-time/PhD-work/STM/Practical/results_uno/figures/20_tasks/Abr_
Dur/fblt/Abr_dur_20t_210obj_100wr_-1eta.eps>
File: /e/lectures/real-time/PhD-work/STM/Practical/results_uno/figures/20_tasks
/Abr_Dur/fblt/Abr_dur_20t_420obj_100wr_-1eta.eps Graphic file (type eps)

</e/lectures/real-time/PhD-work/STM/Practical/results_uno/figures/20_tasks/Abr_
Dur/fblt/Abr_dur_20t_420obj_100wr_-1eta.eps>
Underfull \vbox (badness 10000) has occurred while \output is active []


! Missing number, treated as zero.
<to be read again> 
                   \relax 
l.1347 
       
A number should have been here; I inserted `0'.
(If you can't figure out why I needed to see a number,
look up `weird error' in the index to The TeXbook.)

[23]
File: /e/lectures/real-time/PhD-work/STM/Practical/results_uno/figures/4_tasks/
Abr_Dur/fblt/Abr_dur_4t_20obj_100wr_-1eta.eps Graphic file (type eps)

</e/lectures/real-time/PhD-work/STM/Practical/results_uno/figures/4_tasks/Abr_D
ur/fblt/Abr_dur_4t_20obj_100wr_-1eta.eps>
File: /e/lectures/real-time/PhD-work/STM/Practical/results_uno/figures/8_tasks/
Abr_Dur/fblt/Abr_dur_8t_20obj_100wr_-1eta.eps Graphic file (type eps)

</e/lectures/real-time/PhD-work/STM/Practical/results_uno/figures/8_tasks/Abr_D
ur/fblt/Abr_dur_8t_20obj_100wr_-1eta.eps>
File: /e/lectures/real-time/PhD-work/STM/Practical/results_uno/figures/20_tasks
/Abr_Dur/fblt/Abr_dur_20t_20obj_100wr_-1eta.eps Graphic file (type eps)

</e/lectures/real-time/PhD-work/STM/Practical/results_uno/figures/20_tasks/Abr_
Dur/fblt/Abr_dur_20t_20obj_100wr_-1eta.eps>
! Missing number, treated as zero.
<to be read again> 
                   \relax 
l.1374 
       
A number should have been here; I inserted `0'.
(If you can't figure out why I needed to see a number,
look up `weird error' in the index to The TeXbook.)

[24]
Underfull \vbox (badness 2080) has occurred while \output is active []


! Missing number, treated as zero.
<to be read again> 
                   \relax 
l.1377 O
        ur experimental results show that FBLT has equal or shorter retry co...
A number should have been here; I inserted `0'.
(If you can't figure out why I needed to see a number,
look up `weird error' in the index to The TeXbook.)

[25]
Underfull \hbox (badness 1502) in paragraph at lines 1379--1380
[]\OT1/pnc/m/n/10 Future work in-cludes choos-ing an-other cri-te-rion to re-so
lve con-flicts of non-
 []

(./HiPeac_sh.bbl
Underfull \vbox (badness 10000) has occurred while \output is active []


! Missing number, treated as zero.
<to be read again> 
                   \relax 
l.1 \begin{thebibliography}{}
                             
A number should have been here; I inserted `0'.
(If you can't figure out why I needed to see a number,
look up `weird error' in the index to The TeXbook.)

[26]
Underfull \vbox (badness 1412) has occurred while \output is active []


! Missing number, treated as zero.
<to be read again> 
                   \relax 
l.26 ...ns}{2011}]{Davis:2011:SHR:1978802.1978814}
                                                  
A number should have been here; I inserted `0'.
(If you can't figure out why I needed to see a number,
look up `weird error' in the index to The TeXbook.)

[27]
! Missing number, treated as zero.
<to be read again> 
                   \relax 
l.142 ....}}{2006}]{Saha:2006:MHP:1122971.1123001}
                                                  
A number should have been here; I inserted `0'.
(If you can't figure out why I needed to see a number,
look up `weird error' in the index to The TeXbook.)

[28])
! Missing number, treated as zero.
<to be read again> 
                   \relax 
l.1396 \end{document}
                     
A number should have been here; I inserted `0'.
(If you can't figure out why I needed to see a number,
look up `weird error' in the index to The TeXbook.)

[29] (./HiPeac_sh.aux)

LaTeX Warning: There were undefined references.


LaTeX Warning: There were multiply-defined labels.

 ) 
Here is how much of TeX's memory you used:
 3091 strings out of 495062
 41865 string characters out of 1182644
 120709 words of memory out of 3000000
 6244 multiletter control sequences out of 15000+50000
 16249 words of font info for 47 fonts, out of 3000000 for 9000
 28 hyphenation exceptions out of 8191
 34i,19n,31p,1809b,504s stack positions out of 5000i,500n,10000p,200000b,50000s

Output written on HiPeac_sh.dvi (29 pages, 163024 bytes).
