This is pdfTeX, Version 3.1415926-1.40.10 (TeX Live 2009/Debian) (format=latex 2013.1.2)  8 MAR 2013 05:45
entering extended mode
 %&-line parsing enabled.
**sies_sh.tex
(./sies_sh.tex
LaTeX2e <2009/09/24>
Babel <v3.8l> and hyphenation patterns for english, usenglishmax, dumylang, noh
yphenation, loaded.
(./IEEEtran.cls
Document Class: IEEEtran 2012/11/21 V1.8c by Harald Hanche-Olsen and Anders Chr
istensen
-- Based on V1.7a by Michael Shell
-- See the "IEEEtran_HOWTO" manual for usage information.
-- http://www.michaelshell.org/tex/ieeetran/
\@IEEEtrantmpdimenA=\dimen102
\@IEEEtrantmpdimenB=\dimen103
\@IEEEtrantmpcountA=\count79
\@IEEEtrantmpcountB=\count80
\@IEEEtrantmptoksA=\toks14
LaTeX Font Info:    Try loading font information for OT1+ptm on input line 373.

(/usr/share/texmf-texlive/tex/latex/psnfss/ot1ptm.fd
File: ot1ptm.fd 2001/06/04 font definitions for OT1/ptm.
)
-- Using 8.5in x 11in (letter) paper.
-- Using DVI output.
\@IEEEnormalsizeunitybaselineskip=\dimen104
-- This is a 10 point document.
\CLASSINFOnormalsizebaselineskip=\dimen105
\CLASSINFOnormalsizeunitybaselineskip=\dimen106
\IEEEnormaljot=\dimen107
LaTeX Font Info:    Font shape `OT1/ptm/bx/n' in size <5> not available
(Font)              Font shape `OT1/ptm/b/n' tried instead on input line 731.
LaTeX Font Info:    Font shape `OT1/ptm/bx/it' in size <5> not available
(Font)              Font shape `OT1/ptm/b/it' tried instead on input line 731.
LaTeX Font Info:    Font shape `OT1/ptm/bx/n' in size <7> not available
(Font)              Font shape `OT1/ptm/b/n' tried instead on input line 731.
LaTeX Font Info:    Font shape `OT1/ptm/bx/it' in size <7> not available
(Font)              Font shape `OT1/ptm/b/it' tried instead on input line 731.
LaTeX Font Info:    Font shape `OT1/ptm/bx/n' in size <8> not available
(Font)              Font shape `OT1/ptm/b/n' tried instead on input line 731.
LaTeX Font Info:    Font shape `OT1/ptm/bx/it' in size <8> not available
(Font)              Font shape `OT1/ptm/b/it' tried instead on input line 731.
LaTeX Font Info:    Font shape `OT1/ptm/bx/n' in size <9> not available
(Font)              Font shape `OT1/ptm/b/n' tried instead on input line 731.
LaTeX Font Info:    Font shape `OT1/ptm/bx/it' in size <9> not available
(Font)              Font shape `OT1/ptm/b/it' tried instead on input line 731.
LaTeX Font Info:    Font shape `OT1/ptm/bx/n' in size <10> not available
(Font)              Font shape `OT1/ptm/b/n' tried instead on input line 731.
LaTeX Font Info:    Font shape `OT1/ptm/bx/it' in size <10> not available
(Font)              Font shape `OT1/ptm/b/it' tried instead on input line 731.
LaTeX Font Info:    Font shape `OT1/ptm/bx/n' in size <11> not available
(Font)              Font shape `OT1/ptm/b/n' tried instead on input line 731.
LaTeX Font Info:    Font shape `OT1/ptm/bx/it' in size <11> not available
(Font)              Font shape `OT1/ptm/b/it' tried instead on input line 731.
LaTeX Font Info:    Font shape `OT1/ptm/bx/n' in size <12> not available
(Font)              Font shape `OT1/ptm/b/n' tried instead on input line 731.
LaTeX Font Info:    Font shape `OT1/ptm/bx/it' in size <12> not available
(Font)              Font shape `OT1/ptm/b/it' tried instead on input line 731.
LaTeX Font Info:    Font shape `OT1/ptm/bx/n' in size <17> not available
(Font)              Font shape `OT1/ptm/b/n' tried instead on input line 731.
LaTeX Font Info:    Font shape `OT1/ptm/bx/it' in size <17> not available
(Font)              Font shape `OT1/ptm/b/it' tried instead on input line 731.
LaTeX Font Info:    Font shape `OT1/ptm/bx/n' in size <20> not available
(Font)              Font shape `OT1/ptm/b/n' tried instead on input line 731.
LaTeX Font Info:    Font shape `OT1/ptm/bx/it' in size <20> not available
(Font)              Font shape `OT1/ptm/b/it' tried instead on input line 731.
LaTeX Font Info:    Font shape `OT1/ptm/bx/n' in size <24> not available
(Font)              Font shape `OT1/ptm/b/n' tried instead on input line 731.
LaTeX Font Info:    Font shape `OT1/ptm/bx/it' in size <24> not available
(Font)              Font shape `OT1/ptm/b/it' tried instead on input line 731.
\IEEEilabelindentA=\dimen108
\IEEEilabelindentB=\dimen109
\IEEEilabelindent=\dimen110
\IEEEelabelindent=\dimen111
\IEEEdlabelindent=\dimen112
\IEEElabelindent=\dimen113
\IEEEiednormlabelsep=\dimen114
\IEEEiedmathlabelsep=\dimen115
\IEEEiedtopsep=\skip41
\c@section=\count81
\c@subsection=\count82
\c@subsubsection=\count83
\c@paragraph=\count84
\c@IEEEsubequation=\count85
\abovecaptionskip=\skip42
\belowcaptionskip=\skip43
\c@figure=\count86
\c@table=\count87
\@IEEEeqnnumcols=\count88
\@IEEEeqncolcnt=\count89
\@IEEEtmpitemindent=\dimen116
\c@IEEEbiography=\count90
\@IEEEtranrubishbin=\box26
) (/usr/share/texmf-texlive/tex/latex/paralist/paralist.sty
Package: paralist 2002/03/18 v2.3b Extended list environments (BS)
\pltopsep=\skip44
\plpartopsep=\skip45
\plitemsep=\skip46
\plparsep=\skip47
\pl@lab=\toks15
)
(/usr/share/texmf-texlive/tex/latex/comment/comment.sty
\CommentStream=\write3

Excluding comment 'comment')
(/usr/share/texmf-texlive/tex/latex/amscls/amsthm.sty
Package: amsthm 2004/08/06 v2.20
\thm@style=\toks16
\thm@bodyfont=\toks17
\thm@headfont=\toks18
\thm@notefont=\toks19
\thm@headpunct=\toks20
\thm@preskip=\skip48
\thm@postskip=\skip49
\thm@headsep=\skip50
\dth@everypar=\toks21
)
(/usr/share/texmf-texlive/tex/latex/amsfonts/amssymb.sty
Package: amssymb 2009/06/22 v3.00

(/usr/share/texmf-texlive/tex/latex/amsfonts/amsfonts.sty
Package: amsfonts 2009/06/22 v3.00 Basic AMSFonts support
\@emptytoks=\toks22
\symAMSa=\mathgroup4
\symAMSb=\mathgroup5
LaTeX Font Info:    Overwriting math alphabet `\mathfrak' in version `bold'
(Font)                  U/euf/m/n --> U/euf/b/n on input line 96.
))
(/usr/share/texmf-texlive/tex/latex/amsmath/amsmath.sty
Package: amsmath 2000/07/18 v2.13 AMS math features
\@mathmargin=\skip51

For additional information on amsmath, use the `?' option.
(/usr/share/texmf-texlive/tex/latex/amsmath/amstext.sty
Package: amstext 2000/06/29 v2.01

(/usr/share/texmf-texlive/tex/latex/amsmath/amsgen.sty
File: amsgen.sty 1999/11/30 v2.0
\@emptytoks=\toks23
\ex@=\dimen117
))
(/usr/share/texmf-texlive/tex/latex/amsmath/amsbsy.sty
Package: amsbsy 1999/11/29 v1.2d
\pmbraise@=\dimen118
)
(/usr/share/texmf-texlive/tex/latex/amsmath/amsopn.sty
Package: amsopn 1999/12/14 v2.01 operator names
)
\inf@bad=\count91
LaTeX Info: Redefining \frac on input line 211.
\uproot@=\count92
\leftroot@=\count93
LaTeX Info: Redefining \overline on input line 307.
\classnum@=\count94
\DOTSCASE@=\count95
LaTeX Info: Redefining \ldots on input line 379.
LaTeX Info: Redefining \dots on input line 382.
LaTeX Info: Redefining \cdots on input line 467.
\Mathstrutbox@=\box27
\strutbox@=\box28
\big@size=\dimen119
LaTeX Font Info:    Redeclaring font encoding OML on input line 567.
LaTeX Font Info:    Redeclaring font encoding OMS on input line 568.
\macc@depth=\count96
\c@MaxMatrixCols=\count97
\dotsspace@=\muskip10
\c@parentequation=\count98
\dspbrk@lvl=\count99
\tag@help=\toks24
\row@=\count100
\column@=\count101
\maxfields@=\count102
\andhelp@=\toks25
\eqnshift@=\dimen120
\alignsep@=\dimen121
\tagshift@=\dimen122
\tagwidth@=\dimen123
\totwidth@=\dimen124
\lineht@=\dimen125
\@envbody=\toks26
\multlinegap=\skip52
\multlinetaggap=\skip53
\mathdisplay@stack=\toks27
LaTeX Info: Redefining \[ on input line 2666.
LaTeX Info: Redefining \] on input line 2667.
)
(/usr/share/texmf-texlive/tex/latex/subfigure/subfigure.sty
Package: subfigure 2002/03/15 v2.1.5 subfigure package
\subfigtopskip=\skip54
\subfigcapskip=\skip55
\subfigcaptopadj=\dimen126
\subfigbottomskip=\skip56
\subfigcapmargin=\dimen127
\subfiglabelskip=\skip57
\c@subfigure=\count103
\c@lofdepth=\count104
\c@subtable=\count105
\c@lotdepth=\count106

****************************************
* Local config file subfigure.cfg used *
****************************************
(/usr/share/texmf-texlive/tex/latex/subfigure/subfigure.cfg)
\subfig@top=\skip58
\subfig@bottom=\skip59
)
(/usr/share/texmf-texlive/tex/latex/ltxmisc/url.sty
\Urlmuskip=\muskip11
Package: url 2006/04/12  ver 3.3  Verb mode for urls, etc.
)
(/usr/share/texmf-texlive/tex/latex/graphics/graphicx.sty
Package: graphicx 1999/02/16 v1.0f Enhanced LaTeX Graphics (DPC,SPQR)

(/usr/share/texmf-texlive/tex/latex/graphics/keyval.sty
Package: keyval 1999/03/16 v1.13 key=value parser (DPC)
\KV@toks@=\toks28
)
(/usr/share/texmf-texlive/tex/latex/graphics/graphics.sty
Package: graphics 2009/02/05 v1.0o Standard LaTeX Graphics (DPC,SPQR)

(/usr/share/texmf-texlive/tex/latex/graphics/trig.sty
Package: trig 1999/03/16 v1.09 sin cos tan (DPC)
)
(/etc/texmf/tex/latex/config/graphics.cfg
File: graphics.cfg 2009/08/28 v1.8 graphics configuration of TeX Live
)
Package graphics Info: Driver file: dvips.def on input line 91.

(/usr/share/texmf-texlive/tex/latex/graphics/dvips.def
File: dvips.def 1999/02/16 v3.0i Driver-dependant file (DPC,SPQR)
))
\Gin@req@height=\dimen128
\Gin@req@width=\dimen129
) (./algorithm2e.sty
Package: algorithm2e 2008/00/00 v3.10 algorithms environments
\c@AlgoLine=\count107

(/usr/share/texmf-texlive/tex/latex/base/ifthen.sty
Package: ifthen 2001/05/26 v1.1c Standard LaTeX ifthen package (DPC)
)
(/usr/share/texmf-texlive/tex/latex/tools/xspace.sty
Package: xspace 2006/05/08 v1.12 Space after command names (DPC,MH)
)
(/usr/share/texmf-texlive/tex/latex/ltxmisc/relsize.sty
Package: relsize 2003/07/04 ver 3.1
)
********************************************************
Package `algorithm2e' Release 4.01 -- december 14 2009 --
- algorithm2e-announce@lirmm.fr mailing list for announcement about releases
- algorithm2e-discussion@lirmm.fr mailing list for discussion about package
subscribe by emailing sympa@lirmm.fr with 'subscribe <list> <firstname name>'
- Author: Christophe Fiorio (fiorio@lirmm.fr)
********************************************************
\skiptotal=\skip60
\skiplinenumber=\skip61
\skiprule=\skip62
\skiphlne=\skip63
\skiptext=\skip64
\skiplength=\skip65
\algomargin=\skip66
\skipalgocfslide=\skip67
\algowidth=\dimen130
\inoutsize=\dimen131
\inoutline=\dimen132
\interspacetitleruled=\dimen133
\interspacealgoruled=\dimen134
\interspacetitleboxruled=\dimen135
\algocf@inoutbox=\box29
\algocf@inputbox=\box30
\AlCapSkip=\skip68
\AlCapHSkip=\skip69
\algocf@nlbox=\box31
\algocf@hangingbox=\box32
\algocf@capbox=\box33
\algoheightruledefault=\skip70
\algoheightrule=\skip71
\algotitleheightruledefault=\skip72
\algotitleheightrule=\skip73
\c@algocfline=\count108
\c@algocfproc=\count109
\c@algocf=\count110
\algocf@algoframe=\box34
\algocf@algobox=\box35
)
\c@clm=\count111
 (/usr/share/texmf-texlive/tex/latex/pslatex/pslatex.sty
Package: pslatex 1996/07/24 v1.2 pslatex emulation (DPC)
LaTeX Font Info:    Redeclaring symbol font `operators' on input line 65.
LaTeX Font Info:    Overwriting symbol font `operators' in version `normal'
(Font)                  OT1/cmr/m/n --> OT1/ptmcm/m/n on input line 65.
LaTeX Font Info:    Overwriting symbol font `operators' in version `bold'
(Font)                  OT1/cmr/bx/n --> OT1/ptmcm/m/n on input line 65.
LaTeX Font Info:    Redeclaring symbol font `letters' on input line 66.
LaTeX Font Info:    Overwriting symbol font `letters' in version `normal'
(Font)                  OML/cmm/m/it --> OML/ptmcm/m/it on input line 66.
LaTeX Font Info:    Overwriting symbol font `letters' in version `bold'
(Font)                  OML/cmm/b/it --> OML/ptmcm/m/it on input line 66.
LaTeX Font Info:    Redeclaring symbol font `symbols' on input line 67.
LaTeX Font Info:    Overwriting symbol font `symbols' in version `normal'
(Font)                  OMS/cmsy/m/n --> OMS/pzccm/m/n on input line 67.
LaTeX Font Info:    Overwriting symbol font `symbols' in version `bold'
(Font)                  OMS/cmsy/b/n --> OMS/pzccm/m/n on input line 67.
LaTeX Font Info:    Redeclaring symbol font `largesymbols' on input line 68.
LaTeX Font Info:    Overwriting symbol font `largesymbols' in version `normal'
(Font)                  OMX/cmex/m/n --> OMX/psycm/m/n on input line 68.
LaTeX Font Info:    Overwriting symbol font `largesymbols' in version `bold'
(Font)                  OMX/cmex/m/n --> OMX/psycm/m/n on input line 68.
\symbold=\mathgroup6
\symitalic=\mathgroup7
LaTeX Font Info:    Redeclaring math alphabet \mathbf on input line 74.
LaTeX Font Info:    Overwriting math alphabet `\mathbf' in version `normal'
(Font)                  OT1/cmr/bx/n --> OT1/ptm/bx/n on input line 74.
LaTeX Font Info:    Overwriting math alphabet `\mathbf' in version `bold'
(Font)                  OT1/cmr/bx/n --> OT1/ptm/bx/n on input line 74.
LaTeX Font Info:    Redeclaring math alphabet \mathit on input line 75.
LaTeX Font Info:    Overwriting math alphabet `\mathit' in version `normal'
(Font)                  OT1/cmr/m/it --> OT1/ptm/m/it on input line 75.
LaTeX Font Info:    Overwriting math alphabet `\mathit' in version `bold'
(Font)                  OT1/cmr/bx/it --> OT1/ptm/m/it on input line 75.
) (./sies_sh.aux

LaTeX Warning: Label `fig:4t_grma_res' multiply defined.


LaTeX Warning: Label `sub@fig:4t_grma_res' multiply defined.

)
\openout1 = `sies_sh.aux'.

LaTeX Font Info:    Checking defaults for OML/cmm/m/it on input line 16.
LaTeX Font Info:    ... okay on input line 16.
LaTeX Font Info:    Checking defaults for T1/cmr/m/n on input line 16.
LaTeX Font Info:    ... okay on input line 16.
LaTeX Font Info:    Checking defaults for OT1/cmr/m/n on input line 16.
LaTeX Font Info:    ... okay on input line 16.
LaTeX Font Info:    Checking defaults for OMS/pzccm/m/n on input line 16.
LaTeX Font Info:    Try loading font information for OMS+pzccm on input line 16
.
 (/usr/share/texmf-texlive/tex/latex/psnfss/omspzccm.fd
File: omspzccm.fd 2000/01/03 Fontinst v1.801 font definitions for OMS/pzccm.
)
LaTeX Font Info:    ... okay on input line 16.
LaTeX Font Info:    Checking defaults for OMX/cmex/m/n on input line 16.
LaTeX Font Info:    ... okay on input line 16.
LaTeX Font Info:    Checking defaults for U/cmr/m/n on input line 16.
LaTeX Font Info:    ... okay on input line 16.


LaTeX Warning: No \author given.


Underfull \vbox (badness 1902) has occurred while \output is active []

 [1


]
LaTeX Font Info:    Try loading font information for OT1+ptmcm on input line 75
.

(/usr/share/texmf-texlive/tex/latex/psnfss/ot1ptmcm.fd
File: ot1ptmcm.fd 2000/01/03 Fontinst v1.801 font definitions for OT1/ptmcm.
)
LaTeX Font Info:    Try loading font information for OML+ptmcm on input line 75
.

(/usr/share/texmf-texlive/tex/latex/psnfss/omlptmcm.fd
File: omlptmcm.fd 2000/01/03 Fontinst v1.801 font definitions for OML/ptmcm.
)
LaTeX Font Info:    Try loading font information for OMX+psycm on input line 75
.

(/usr/share/texmf-texlive/tex/latex/psnfss/omxpsycm.fd
File: omxpsycm.fd 2000/01/03 Fontinst v1.801 font definitions for OMX/psycm.
)
LaTeX Font Info:    Try loading font information for U+msa on input line 75.

(/usr/share/texmf-texlive/tex/latex/amsfonts/umsa.fd
File: umsa.fd 2009/06/22 v3.00 AMS symbols A
)
LaTeX Font Info:    Try loading font information for U+msb on input line 75.

(/usr/share/texmf-texlive/tex/latex/amsfonts/umsb.fd
File: umsb.fd 2009/06/22 v3.00 AMS symbols B
)
LaTeX Font Info:    Font shape `OT1/ptm/bx/n' in size <7.4> not available
(Font)              Font shape `OT1/ptm/b/n' tried instead on input line 75.
LaTeX Font Info:    Font shape `OT1/ptm/bx/n' in size <6> not available
(Font)              Font shape `OT1/ptm/b/n' tried instead on input line 75.
LaTeX Font Info:    Font shape `OMS/ptm/m/n' in size <10> not available
(Font)              Font shape `OMS/pzccm/m/n' tried instead on input line 82.
 [2]
LaTeX Font Info:    Font shape `OT1/ptm/bx/n' in size <5.55556> not available
(Font)              Font shape `OT1/ptm/b/n' tried instead on input line 122.
 [3]
** ATTENTION: \proof is deprecated (line 242). Use \IEEEproof instead.
[4]
** ATTENTION: \proof is deprecated (line 266). Use \IEEEproof instead.
** ATTENTION: \proof is deprecated (line 283). Use \IEEEproof instead.
** ATTENTION: \proof is deprecated (line 293). Use \IEEEproof instead.
** ATTENTION: \proof is deprecated (line 308). Use \IEEEproof instead.
** ATTENTION: \proof is deprecated (line 324). Use \IEEEproof instead.
** ATTENTION: \proof is deprecated (line 340). Use \IEEEproof instead.
** ATTENTION: \proof is deprecated (line 357). Use \IEEEproof instead.
[5]
** ATTENTION: \proof is deprecated (line 373). Use \IEEEproof instead.

Overfull \hbox (19.63515pt too wide) in alignment at lines 387--391
 [][][] []
 []

File: /e/lectures/real-time/PhD-work/STM/Dropbox/Practical/results_uno/figures/
4_tasks/Res_Time/fblt/NCP_vs_CP_Res_4t_50obj_100wr_-1eta_gedf.eps Graphic file 
(type eps)

</e/lectures/real-time/PhD-work/STM/Dropbox/Practical/results_uno/figures/4_tas
ks/Res_Time/fblt/NCP_vs_CP_Res_4t_50obj_100wr_-1eta_gedf.eps>
File: /e/lectures/real-time/PhD-work/STM/Dropbox/Practical/results_uno/figures/
4_tasks/Res_Time/fblt/NCP_vs_CP_Res_4t_50obj_100wr_-1eta_grma.eps Graphic file 
(type eps)

</e/lectures/real-time/PhD-work/STM/Dropbox/Practical/results_uno/figures/4_tas
ks/Res_Time/fblt/NCP_vs_CP_Res_4t_50obj_100wr_-1eta_grma.eps>
Overfull \hbox (6.89413pt too wide) in paragraph at lines 410--417
 [][] 
 []


Overfull \hbox (6.89413pt too wide) in paragraph at lines 410--417
 [] 
 []

File: /e/lectures/real-time/PhD-work/STM/Dropbox/Practical/results_uno/figures/
8_tasks/Res_Time/fblt/NCP_vs_CP_Res_8t_90obj_100wr_-1eta_gedf.eps Graphic file 
(type eps)

</e/lectures/real-time/PhD-work/STM/Dropbox/Practical/results_uno/figures/8_tas
ks/Res_Time/fblt/NCP_vs_CP_Res_8t_90obj_100wr_-1eta_gedf.eps>
File: /e/lectures/real-time/PhD-work/STM/Dropbox/Practical/results_uno/figures/
8_tasks/Res_Time/fblt/NCP_vs_CP_Res_8t_90obj_100wr_-1eta_grma.eps Graphic file 
(type eps)

</e/lectures/real-time/PhD-work/STM/Dropbox/Practical/results_uno/figures/8_tas
ks/Res_Time/fblt/NCP_vs_CP_Res_8t_90obj_100wr_-1eta_grma.eps>
Overfull \hbox (6.89413pt too wide) in paragraph at lines 427--434
 [][] 
 []


Overfull \hbox (6.89413pt too wide) in paragraph at lines 427--434
 [] 
 []

File: /e/lectures/real-time/PhD-work/STM/Dropbox/Practical/results_uno/figures/
20_tasks/Res_Time/fblt/NCP_vs_CP_Res_20t_210obj_100wr_-1eta_gedf.eps Graphic fi
le (type eps)

</e/lectures/real-time/PhD-work/STM/Dropbox/Practical/results_uno/figures/20_ta
sks/Res_Time/fblt/NCP_vs_CP_Res_20t_210obj_100wr_-1eta_gedf.eps>
File: /e/lectures/real-time/PhD-work/STM/Dropbox/Practical/results_uno/figures/
20_tasks/Res_Time/fblt/NCP_vs_CP_Res_20t_210obj_100wr_-1eta_grma.eps Graphic fi
le (type eps)

</e/lectures/real-time/PhD-work/STM/Dropbox/Practical/results_uno/figures/20_ta
sks/Res_Time/fblt/NCP_vs_CP_Res_20t_210obj_100wr_-1eta_grma.eps>
Overfull \hbox (6.89413pt too wide) in paragraph at lines 445--452
 [][] 
 []


Overfull \hbox (6.89413pt too wide) in paragraph at lines 445--452
 [] 
 []

File: /e/lectures/real-time/PhD-work/STM/Dropbox/Practical/results_uno/figures/
4_tasks/Abr_Dur/fblt/NCP_vs_CP_Abr_dur_4t_50obj_100wr_-1eta_gedf.eps Graphic fi
le (type eps)

</e/lectures/real-time/PhD-work/STM/Dropbox/Practical/results_uno/figures/4_tas
ks/Abr_Dur/fblt/NCP_vs_CP_Abr_dur_4t_50obj_100wr_-1eta_gedf.eps>
File: /e/lectures/real-time/PhD-work/STM/Dropbox/Practical/results_uno/figures/
4_tasks/Abr_Dur/fblt/NCP_vs_CP_Abr_dur_4t_50obj_100wr_-1eta_grma.eps Graphic fi
le (type eps)

</e/lectures/real-time/PhD-work/STM/Dropbox/Practical/results_uno/figures/4_tas
ks/Abr_Dur/fblt/NCP_vs_CP_Abr_dur_4t_50obj_100wr_-1eta_grma.eps>
Overfull \hbox (6.89413pt too wide) in paragraph at lines 463--470
 [][] 
 []


Overfull \hbox (6.89413pt too wide) in paragraph at lines 463--470
 [] 
 []

File: /e/lectures/real-time/PhD-work/STM/Dropbox/Practical/results_uno/figures/
8_tasks/Abr_Dur/fblt/NCP_vs_CP_Abr_dur_8t_90obj_100wr_-1eta_gedf.eps Graphic fi
le (type eps)

</e/lectures/real-time/PhD-work/STM/Dropbox/Practical/results_uno/figures/8_tas
ks/Abr_Dur/fblt/NCP_vs_CP_Abr_dur_8t_90obj_100wr_-1eta_gedf.eps>
File: /e/lectures/real-time/PhD-work/STM/Dropbox/Practical/results_uno/figures/
8_tasks/Abr_Dur/fblt/NCP_vs_CP_Abr_dur_8t_90obj_100wr_-1eta_grma.eps Graphic fi
le (type eps)

</e/lectures/real-time/PhD-work/STM/Dropbox/Practical/results_uno/figures/8_tas
ks/Abr_Dur/fblt/NCP_vs_CP_Abr_dur_8t_90obj_100wr_-1eta_grma.eps>
Overfull \hbox (6.89413pt too wide) in paragraph at lines 481--488
 [][] 
 []


Overfull \hbox (6.89413pt too wide) in paragraph at lines 481--488
 [] 
 []

File: /e/lectures/real-time/PhD-work/STM/Dropbox/Practical/results_uno/figures/
20_tasks/Abr_Dur/fblt/NCP_vs_CP_Abr_dur_20t_210obj_100wr_-1eta_gedf.eps Graphic
 file (type eps)

</e/lectures/real-time/PhD-work/STM/Dropbox/Practical/results_uno/figures/20_ta
sks/Abr_Dur/fblt/NCP_vs_CP_Abr_dur_20t_210obj_100wr_-1eta_gedf.eps>
File: /e/lectures/real-time/PhD-work/STM/Dropbox/Practical/results_uno/figures/
20_tasks/Abr_Dur/fblt/NCP_vs_CP_Abr_dur_20t_210obj_100wr_-1eta_grma.eps Graphic
 file (type eps)

</e/lectures/real-time/PhD-work/STM/Dropbox/Practical/results_uno/figures/20_ta
sks/Abr_Dur/fblt/NCP_vs_CP_Abr_dur_20t_210obj_100wr_-1eta_grma.eps>
Overfull \hbox (6.89413pt too wide) in paragraph at lines 499--506
 [][] 
 []


Overfull \hbox (6.89413pt too wide) in paragraph at lines 499--506
 [] 
 []


Underfull \vbox (badness 10000) has occurred while \output is active []

 [6]
(./sies_sh.bbl
Underfull \hbox (badness 1354) in paragraph at lines 68--72
\OT1/ptm/m/n/8 tention man-agers, time bounds, and im-ple-men-ta-tions,'' PhD P
ro-
 []

[7] [8])

** Conference Paper **
Before submitting the final camera ready copy, remember to:

 1. Manually equalize the lengths of two columns on the last page
 of your paper;

 2. Ensure that any PostScript and/or PDF output post-processing
 uses only Type 1 fonts and that every step in the generation
 process uses the appropriate paper size.

[9

] (./sies_sh.aux)

LaTeX Warning: There were multiply-defined labels.

 ) 
Here is how much of TeX's memory you used:
 4085 strings out of 495062
 59188 string characters out of 1182645
 150723 words of memory out of 3000000
 7213 multiletter control sequences out of 15000+50000
 39130 words of font info for 92 fonts, out of 3000000 for 9000
 28 hyphenation exceptions out of 8191
 33i,20n,31p,2490b,481s stack positions out of 5000i,500n,10000p,200000b,50000s

Output written on sies_sh.dvi (9 pages, 73504 bytes).
