This is pdfTeX, Version 3.1415926-1.40.10 (TeX Live 2009/Debian) (format=latex 2012.5.17)  24 AUG 2012 17:07
entering extended mode
 %&-line parsing enabled.
**DATE13_SH.tex
(./DATE13_SH.tex
LaTeX2e <2009/09/24>
Babel <v3.8l> and hyphenation patterns for english, usenglishmax, dumylang, noh
yphenation, loaded.
(./IEEEtran.cls
Document Class: IEEEtran 2007/03/05 V1.7a by Michael Shell
-- See the "IEEEtran_HOWTO" manual for usage information.
-- http://www.michaelshell.org/tex/ieeetran/
\@IEEEtrantmpdimenA=\dimen102
\@IEEEtrantmpdimenB=\dimen103
\@IEEEtrantmpcountA=\count79
\@IEEEtrantmpcountB=\count80
\@IEEEtrantmptoksA=\toks14
LaTeX Font Info:    Try loading font information for OT1+ptm on input line 366.

(/usr/share/texmf-texlive/tex/latex/psnfss/ot1ptm.fd
File: ot1ptm.fd 2001/06/04 font definitions for OT1/ptm.
)
-- Using 8.5in x 11in (letter) paper.
-- Using DVI output.
\@IEEEnormalsizeunitybaselineskip=\dimen104
-- This is a 10 point document.
\CLASSINFOnormalsizebaselineskip=\dimen105
\CLASSINFOnormalsizeunitybaselineskip=\dimen106
\IEEEnormaljot=\dimen107
LaTeX Font Info:    Font shape `OT1/ptm/bx/n' in size <5> not available
(Font)              Font shape `OT1/ptm/b/n' tried instead on input line 724.
LaTeX Font Info:    Font shape `OT1/ptm/bx/it' in size <5> not available
(Font)              Font shape `OT1/ptm/b/it' tried instead on input line 724.
LaTeX Font Info:    Font shape `OT1/ptm/bx/n' in size <7> not available
(Font)              Font shape `OT1/ptm/b/n' tried instead on input line 724.
LaTeX Font Info:    Font shape `OT1/ptm/bx/it' in size <7> not available
(Font)              Font shape `OT1/ptm/b/it' tried instead on input line 724.
LaTeX Font Info:    Font shape `OT1/ptm/bx/n' in size <8> not available
(Font)              Font shape `OT1/ptm/b/n' tried instead on input line 724.
LaTeX Font Info:    Font shape `OT1/ptm/bx/it' in size <8> not available
(Font)              Font shape `OT1/ptm/b/it' tried instead on input line 724.
LaTeX Font Info:    Font shape `OT1/ptm/bx/n' in size <9> not available
(Font)              Font shape `OT1/ptm/b/n' tried instead on input line 724.
LaTeX Font Info:    Font shape `OT1/ptm/bx/it' in size <9> not available
(Font)              Font shape `OT1/ptm/b/it' tried instead on input line 724.
LaTeX Font Info:    Font shape `OT1/ptm/bx/n' in size <10> not available
(Font)              Font shape `OT1/ptm/b/n' tried instead on input line 724.
LaTeX Font Info:    Font shape `OT1/ptm/bx/it' in size <10> not available
(Font)              Font shape `OT1/ptm/b/it' tried instead on input line 724.
LaTeX Font Info:    Font shape `OT1/ptm/bx/n' in size <11> not available
(Font)              Font shape `OT1/ptm/b/n' tried instead on input line 724.
LaTeX Font Info:    Font shape `OT1/ptm/bx/it' in size <11> not available
(Font)              Font shape `OT1/ptm/b/it' tried instead on input line 724.
LaTeX Font Info:    Font shape `OT1/ptm/bx/n' in size <12> not available
(Font)              Font shape `OT1/ptm/b/n' tried instead on input line 724.
LaTeX Font Info:    Font shape `OT1/ptm/bx/it' in size <12> not available
(Font)              Font shape `OT1/ptm/b/it' tried instead on input line 724.
LaTeX Font Info:    Font shape `OT1/ptm/bx/n' in size <17> not available
(Font)              Font shape `OT1/ptm/b/n' tried instead on input line 724.
LaTeX Font Info:    Font shape `OT1/ptm/bx/it' in size <17> not available
(Font)              Font shape `OT1/ptm/b/it' tried instead on input line 724.
LaTeX Font Info:    Font shape `OT1/ptm/bx/n' in size <20> not available
(Font)              Font shape `OT1/ptm/b/n' tried instead on input line 724.
LaTeX Font Info:    Font shape `OT1/ptm/bx/it' in size <20> not available
(Font)              Font shape `OT1/ptm/b/it' tried instead on input line 724.
LaTeX Font Info:    Font shape `OT1/ptm/bx/n' in size <24> not available
(Font)              Font shape `OT1/ptm/b/n' tried instead on input line 724.
LaTeX Font Info:    Font shape `OT1/ptm/bx/it' in size <24> not available
(Font)              Font shape `OT1/ptm/b/it' tried instead on input line 724.
\IEEEilabelindentA=\dimen108
\IEEEilabelindentB=\dimen109
\IEEEilabelindent=\dimen110
\IEEEelabelindent=\dimen111
\IEEEdlabelindent=\dimen112
\IEEElabelindent=\dimen113
\IEEEiednormlabelsep=\dimen114
\IEEEiedmathlabelsep=\dimen115
\IEEEiedtopsep=\skip41
\c@section=\count81
\c@subsection=\count82
\c@subsubsection=\count83
\c@paragraph=\count84
\c@IEEEsubequation=\count85
\abovecaptionskip=\skip42
\belowcaptionskip=\skip43
\c@figure=\count86
\c@table=\count87
\@IEEEeqnnumcols=\count88
\@IEEEeqncolcnt=\count89
\@IEEEtmpitemindent=\dimen116
\c@IEEEbiography=\count90
\@IEEEtranrubishbin=\box26
) (/usr/share/texmf-texlive/tex/latex/paralist/paralist.sty
Package: paralist 2002/03/18 v2.3b Extended list environments (BS)
\pltopsep=\skip44
\plpartopsep=\skip45
\plitemsep=\skip46
\plparsep=\skip47
\pl@lab=\toks15
)
(/usr/share/texmf-texlive/tex/latex/comment/comment.sty
\CommentStream=\write3

Excluding comment 'comment') (/usr/share/texmf-texlive/tex/latex/cite/cite.sty
LaTeX Info: Redefining \cite on input line 285.
LaTeX Info: Redefining \nocite on input line 356.
Package: cite 2009/08/29  v 5.2
) (/usr/share/texmf-texlive/tex/latex/ltxmisc/url.sty
\Urlmuskip=\muskip10
Package: url 2006/04/12  ver 3.3  Verb mode for urls, etc.
)
(/usr/share/texmf-texlive/tex/latex/graphics/graphicx.sty
Package: graphicx 1999/02/16 v1.0f Enhanced LaTeX Graphics (DPC,SPQR)

(/usr/share/texmf-texlive/tex/latex/graphics/keyval.sty
Package: keyval 1999/03/16 v1.13 key=value parser (DPC)
\KV@toks@=\toks16
)
(/usr/share/texmf-texlive/tex/latex/graphics/graphics.sty
Package: graphics 2009/02/05 v1.0o Standard LaTeX Graphics (DPC,SPQR)

(/usr/share/texmf-texlive/tex/latex/graphics/trig.sty
Package: trig 1999/03/16 v1.09 sin cos tan (DPC)
)
(/etc/texmf/tex/latex/config/graphics.cfg
File: graphics.cfg 2009/08/28 v1.8 graphics configuration of TeX Live
)
Package graphics Info: Driver file: dvips.def on input line 91.

(/usr/share/texmf-texlive/tex/latex/graphics/dvips.def
File: dvips.def 1999/02/16 v3.0i Driver-dependant file (DPC,SPQR)
))
\Gin@req@height=\dimen117
\Gin@req@width=\dimen118
) (./algorithm2e.sty
Package: algorithm2e 2008/00/00 v3.10 algorithms environments
\c@AlgoLine=\count91

(/usr/share/texmf-texlive/tex/latex/base/ifthen.sty
Package: ifthen 2001/05/26 v1.1c Standard LaTeX ifthen package (DPC)
)
(/usr/share/texmf-texlive/tex/latex/tools/xspace.sty
Package: xspace 2006/05/08 v1.12 Space after command names (DPC,MH)
)
(/usr/share/texmf-texlive/tex/latex/ltxmisc/relsize.sty
Package: relsize 2003/07/04 ver 3.1
)
********************************************************
Package `algorithm2e' Release 4.01 -- december 14 2009 --
- algorithm2e-announce@lirmm.fr mailing list for announcement about releases
- algorithm2e-discussion@lirmm.fr mailing list for discussion about package
subscribe by emailing sympa@lirmm.fr with 'subscribe <list> <firstname name>'
- Author: Christophe Fiorio (fiorio@lirmm.fr)
********************************************************
\skiptotal=\skip48
\skiplinenumber=\skip49
\skiprule=\skip50
\skiphlne=\skip51
\skiptext=\skip52
\skiplength=\skip53
\algomargin=\skip54
\skipalgocfslide=\skip55
\algowidth=\dimen119
\inoutsize=\dimen120
\inoutline=\dimen121
\interspacetitleruled=\dimen122
\interspacealgoruled=\dimen123
\interspacetitleboxruled=\dimen124
\algocf@inoutbox=\box27
\algocf@inputbox=\box28
\AlCapSkip=\skip56
\AlCapHSkip=\skip57
\algocf@nlbox=\box29
\algocf@hangingbox=\box30
\algocf@capbox=\box31
\algoheightruledefault=\skip58
\algoheightrule=\skip59
\algotitleheightruledefault=\skip60
\algotitleheightrule=\skip61
\c@algocfline=\count92
\c@algocfproc=\count93
\c@algocf=\count94
\algocf@algoframe=\box32
\algocf@algobox=\box33
)
\c@clm=\count95
\c@mydef=\count96
 (/usr/share/texmf-texlive/tex/latex/subfigure/subfigure.sty
Package: subfigure 2002/03/15 v2.1.5 subfigure package
\subfigtopskip=\skip62
\subfigcapskip=\skip63
\subfigcaptopadj=\dimen125
\subfigbottomskip=\skip64
\subfigcapmargin=\dimen126
\subfiglabelskip=\skip65
\c@subfigure=\count97
\c@lofdepth=\count98
\c@subtable=\count99
\c@lotdepth=\count100

****************************************
* Local config file subfigure.cfg used *
****************************************
(/usr/share/texmf-texlive/tex/latex/subfigure/subfigure.cfg)
\subfig@top=\skip66
\subfig@bottom=\skip67
)
(/usr/share/texmf-texlive/tex/latex/tools/array.sty
Package: array 2008/09/09 v2.4c Tabular extension package (FMi)
\col@sep=\dimen127
\extrarowheight=\dimen128
\NC@list=\toks17
\extratabsurround=\skip68
\backup@length=\skip69
)
(/usr/share/texmf-texlive/tex/latex/amsmath/amsmath.sty
Package: amsmath 2000/07/18 v2.13 AMS math features
\@mathmargin=\skip70

For additional information on amsmath, use the `?' option.
(/usr/share/texmf-texlive/tex/latex/amsmath/amstext.sty
Package: amstext 2000/06/29 v2.01

(/usr/share/texmf-texlive/tex/latex/amsmath/amsgen.sty
File: amsgen.sty 1999/11/30 v2.0
\@emptytoks=\toks18
\ex@=\dimen129
))
(/usr/share/texmf-texlive/tex/latex/amsmath/amsbsy.sty
Package: amsbsy 1999/11/29 v1.2d
\pmbraise@=\dimen130
)
(/usr/share/texmf-texlive/tex/latex/amsmath/amsopn.sty
Package: amsopn 1999/12/14 v2.01 operator names
)
\inf@bad=\count101
LaTeX Info: Redefining \frac on input line 211.
\uproot@=\count102
\leftroot@=\count103
LaTeX Info: Redefining \overline on input line 307.
\classnum@=\count104
\DOTSCASE@=\count105
LaTeX Info: Redefining \ldots on input line 379.
LaTeX Info: Redefining \dots on input line 382.
LaTeX Info: Redefining \cdots on input line 467.
\Mathstrutbox@=\box34
\strutbox@=\box35
\big@size=\dimen131
LaTeX Font Info:    Redeclaring font encoding OML on input line 567.
LaTeX Font Info:    Redeclaring font encoding OMS on input line 568.
\macc@depth=\count106
\c@MaxMatrixCols=\count107
\dotsspace@=\muskip11
\c@parentequation=\count108
\dspbrk@lvl=\count109
\tag@help=\toks19
\row@=\count110
\column@=\count111
\maxfields@=\count112
\andhelp@=\toks20
\eqnshift@=\dimen132
\alignsep@=\dimen133
\tagshift@=\dimen134
\tagwidth@=\dimen135
\totwidth@=\dimen136
\lineht@=\dimen137
\@envbody=\toks21
\multlinegap=\skip71
\multlinetaggap=\skip72
\mathdisplay@stack=\toks22
LaTeX Info: Redefining \[ on input line 2666.
LaTeX Info: Redefining \] on input line 2667.
)
(/usr/share/texmf-texlive/tex/latex/amsfonts/amssymb.sty
Package: amssymb 2009/06/22 v3.00

(/usr/share/texmf-texlive/tex/latex/amsfonts/amsfonts.sty
Package: amsfonts 2009/06/22 v3.00 Basic AMSFonts support
\symAMSa=\mathgroup4
\symAMSb=\mathgroup5
LaTeX Font Info:    Overwriting math alphabet `\mathfrak' in version `bold'
(Font)                  U/euf/m/n --> U/euf/b/n on input line 96.
)) (./DATE13_SH.aux)
\openout1 = `DATE13_SH.aux'.

LaTeX Font Info:    Checking defaults for OML/cmm/m/it on input line 246.
LaTeX Font Info:    ... okay on input line 246.
LaTeX Font Info:    Checking defaults for T1/cmr/m/n on input line 246.
LaTeX Font Info:    ... okay on input line 246.
LaTeX Font Info:    Checking defaults for OT1/cmr/m/n on input line 246.
LaTeX Font Info:    ... okay on input line 246.
LaTeX Font Info:    Checking defaults for OMS/cmsy/m/n on input line 246.
LaTeX Font Info:    ... okay on input line 246.
LaTeX Font Info:    Checking defaults for OMX/cmex/m/n on input line 246.
LaTeX Font Info:    ... okay on input line 246.
LaTeX Font Info:    Checking defaults for U/cmr/m/n on input line 246.
LaTeX Font Info:    ... okay on input line 246.

[1


]
LaTeX Font Info:    Try loading font information for U+msa on input line 376.
 (/usr/share/texmf-texlive/tex/latex/amsfonts/umsa.fd
File: umsa.fd 2009/06/22 v3.00 AMS symbols A
)
LaTeX Font Info:    Try loading font information for U+msb on input line 376.

(/usr/share/texmf-texlive/tex/latex/amsfonts/umsb.fd
File: umsb.fd 2009/06/22 v3.00 AMS symbols B
)
LaTeX Font Info:    Try loading font information for OMS+ptm on input line 386.


(/usr/share/texmf-texlive/tex/latex/psnfss/omsptm.fd
File: omsptm.fd 
)
LaTeX Font Info:    Font shape `OMS/ptm/m/n' in size <10> not available
(Font)              Font shape `OMS/cmsy/m/n' tried instead on input line 386.
 [2]
LaTeX Font Info:    Font shape `OT1/ptm/bx/n' in size <5.55556> not available
(Font)              Font shape `OT1/ptm/b/n' tried instead on input line 429.
 [3]

LaTeX Warning: `h' float specifier changed to `ht'.

[4]
Underfull \vbox (badness 5637) has occurred while \output is active []


Overfull \hbox (6.22772pt too wide) detected at line 624
\OML/cmm/m/it/10 RC[]\OT1/cmr/m/n/10 (\OML/cmm/m/it/10 L\OT1/cmr/m/n/10 ) \OMS/
cmsy/m/n/10 ^^T [] [] \OT1/cmr/m/n/10 + \OML/cmm/m/it/10 RC[]\OT1/cmr/m/n/10 (\
OML/cmm/m/it/10 L\OT1/cmr/m/n/10 )
 []

** ATTENTION: \proof is deprecated (line 633). Use \IEEEproof instead.
[5]
** ATTENTION: \proof is deprecated (line 667). Use \IEEEproof instead.
** ATTENTION: \proof is deprecated (line 702). Use \IEEEproof instead.
** ATTENTION: \proof is deprecated (line 840). Use \IEEEproof instead.

Overfull \hbox (16.64445pt too wide) in alignment at lines 845--849
 [][][] []
 []


Overfull \hbox (32.3162pt too wide) in alignment at lines 861--864
 [][][] []
 []

[6]
** ATTENTION: \proof is deprecated (line 934). Use \IEEEproof instead.

Overfull \hbox (29.66911pt too wide) in alignment at lines 937--941
 [][][] []
 []


Overfull \hbox (30.38472pt too wide) in alignment at lines 952--955
 [][][] []
 []

[7]
Overfull \hbox (20.32388pt too wide) in alignment at lines 979--982
 [][][] []
 []


Overfull \hbox (6.75223pt too wide) in paragraph at lines 1001--1003
[]\OT1/ptm/m/n/10 Let $\OML/cmm/m/it/10 ^^O \OT1/cmr/m/n/10 = []$\OT1/ptm/m/n/1
0 ,
 []


Underfull \hbox (badness 1668) in paragraph at lines 1001--1003
\OT1/ptm/m/n/10 of max-i-mum trans-ac-tional lengths of all tasks in non-
 []


Underfull \hbox (badness 1742) in paragraph at lines 1001--1003
\OT1/ptm/m/n/10 task. Thus, $[][] \OML/cmm/m/it/10 len [] \OMS/cmsy/m/n/10 ^^T 
[][] \OML/cmm/m/it/10 s[]$\OT1/ptm/m/n/10 .
 []


Underfull \hbox (badness 2096) in paragraph at lines 1001--1003
[][] \OML/cmm/m/it/10 s[]$ \OT1/ptm/m/n/10 is the sum of at most max-i-mum
 []


Underfull \hbox (badness 10000) in paragraph at lines 1007--1008
[]\OT1/ptm/m/n/10 To bound the ef-fect of tran-si-tive retry, only
 []


Underfull \hbox (badness 5533) in paragraph at lines 1007--1008
\OT1/ptm/m/n/10 ob-jects that be-long to $\OML/cmm/m/it/10 ^^R[]$ \OT1/ptm/m/n/
10 (not whole $\OML/cmm/m/it/10 ^^R[]$\OT1/ptm/m/n/10 ) will be
 []


Underfull \hbox (badness 10000) in paragraph at lines 1007--1008
\OT1/ptm/m/n/10 con-sid-ered. Thus, RCM acts as if there were no
 []


Underfull \hbox (badness 10000) in paragraph at lines 1007--1008
\OT1/ptm/m/n/10 tran-si-tive retry. Thus, $\OML/cmm/m/it/10 ^^W[]$ \OT1/ptm/m/n
/10 is mod-i-fied to $[] \OT1/cmr/m/n/10 =
 []


Underfull \hbox (badness 10000) in paragraph at lines 1007--1008
[]$\OT1/ptm/m/n/10 .
 []

** ATTENTION: \proof is deprecated (line 1028). Use \IEEEproof instead.
** ATTENTION: \proof is deprecated (line 1132). Use \IEEEproof instead.

Overfull \hbox (32.07524pt too wide) in alignment at lines 1226--1229
 [][][] []
 []

** ATTENTION: \proof is deprecated (line 1233). Use \IEEEproof instead.
[8]
Overfull \hbox (14.64767pt too wide) in alignment at lines 1250--1253
 [][][] []
 []


Underfull \hbox (badness 2865) in paragraph at lines 1275--1286
\OT1/ptm/m/n/10 on the left hand side of (20[]) is not nec-es-sar-ily in-
 []


Underfull \hbox (badness 1845) in paragraph at lines 1275--1286
\OT1/ptm/m/n/10 cluded in $[]\OT1/cmr/m/n/10 (^^B)$ \OT1/ptm/m/n/10 on the righ
t hand side of (20[]). Let
 []


Underfull \hbox (badness 10000) in paragraph at lines 1292--1295
[]\OT1/ptm/m/n/10 Since $\OML/cmm/m/it/10 ^^Z[]\OT1/cmr/m/n/10 (\OML/cmm/m/it/1
0 k\OT1/cmr/m/n/10 ) = [] \OMS/cmsy/m/n/10 ^^@
 []

** ATTENTION: \proof is deprecated (line 1307). Use \IEEEproof instead.

Overfull \hbox (26.35689pt too wide) in alignment at lines 1332--1335
 [][][] []
 []

[9]
Overfull \hbox (10.31612pt too wide) in alignment at lines 1344--1347
 [][][] []
 []


Overfull \hbox (1.68094pt too wide) in alignment at lines 1349--1352
 [][][] []
 []


Underfull \hbox (badness 1642) in paragraph at lines 1356--1364
[]\OT1/ptm/m/n/10 It ap-pears from (25[]) that as $\OML/cmm/m/it/10 ^^N[]$ \OT1
/ptm/m/n/10 and $\OMS/cmsy/m/n/10 j\OML/cmm/m/it/10 ^^_[]\OMS/cmsy/m/n/10 j$ \O
T1/ptm/m/n/10 in-creases,
 []


Underfull \hbox (badness 2119) in paragraph at lines 1356--1364
\OML/cmm/m/it/10 s[]=r[]$ \OT1/ptm/m/n/10 de-creases. So, to get the lower boun
d on
 []


Overfull \hbox (1.68094pt too wide) in alignment at lines 1365--1368
 [][][] []
 []

File: /e/lectures/real-time/PhD-work/STM/Practical/results_uno/figures/5_tasks/
Abr_Dur/fblt/Abr_dur_5t_1obj_all_100wr.eps Graphic file (type eps)

</e/lectures/real-time/PhD-work/STM/Practical/results_uno/figures/5_tasks/Abr_D
ur/fblt/Abr_dur_5t_1obj_all_100wr.eps>
File: /e/lectures/real-time/PhD-work/STM/Practical/results_uno/figures/5_tasks/
Abr_Dur/fblt/Abr_dur_5t_1obj_100wr.eps Graphic file (type eps)

</e/lectures/real-time/PhD-work/STM/Practical/results_uno/figures/5_tasks/Abr_D
ur/fblt/Abr_dur_5t_1obj_100wr.eps>
Overfull \hbox (44.0812pt too wide) in paragraph at lines 1489--1496
 [][] 
 []


Overfull \hbox (44.0812pt too wide) in paragraph at lines 1489--1496
 [] 
 []

[10]
File: /e/lectures/real-time/PhD-work/STM/Practical/results_uno/figures/4_tasks/
Abr_Dur/fblt/Abr_dur_4t_50obj_100wr_-1eta.eps Graphic file (type eps)

</e/lectures/real-time/PhD-work/STM/Practical/results_uno/figures/4_tasks/Abr_D
ur/fblt/Abr_dur_4t_50obj_100wr_-1eta.eps>
Overfull \hbox (37.08109pt too wide) in paragraph at lines 1508--1509
 [][] 
 []

File: /e/lectures/real-time/PhD-work/STM/Practical/results_uno/figures/4_tasks/
Abr_Dur/fblt/Abr_dur_4t_100obj_100wr_-1eta.eps Graphic file (type eps)

</e/lectures/real-time/PhD-work/STM/Practical/results_uno/figures/4_tasks/Abr_D
ur/fblt/Abr_dur_4t_100obj_100wr_-1eta.eps>
Overfull \hbox (37.08109pt too wide) in paragraph at lines 1515--1516
 [][] 
 []

File: /e/lectures/real-time/PhD-work/STM/Practical/results_uno/figures/8_tasks/
Abr_Dur/fblt/Abr_dur_8t_90obj_100wr_-1eta.eps Graphic file (type eps)

</e/lectures/real-time/PhD-work/STM/Practical/results_uno/figures/8_tasks/Abr_D
ur/fblt/Abr_dur_8t_90obj_100wr_-1eta.eps>
Overfull \hbox (37.08109pt too wide) in paragraph at lines 1522--1523
 [][] 
 []

File: /e/lectures/real-time/PhD-work/STM/Practical/results_uno/figures/8_tasks/
Abr_Dur/fblt/Abr_dur_8t_180obj_100wr_-1eta.eps Graphic file (type eps)

</e/lectures/real-time/PhD-work/STM/Practical/results_uno/figures/8_tasks/Abr_D
ur/fblt/Abr_dur_8t_180obj_100wr_-1eta.eps>
Overfull \hbox (37.08109pt too wide) in paragraph at lines 1529--1530
 [][] 
 []

File: /e/lectures/real-time/PhD-work/STM/Practical/results_uno/figures/20_tasks
/Abr_Dur/fblt/Abr_dur_20t_210obj_100wr_-1eta.eps Graphic file (type eps)

</e/lectures/real-time/PhD-work/STM/Practical/results_uno/figures/20_tasks/Abr_
Dur/fblt/Abr_dur_20t_210obj_100wr_-1eta.eps>
Overfull \hbox (37.08109pt too wide) in paragraph at lines 1536--1537
 [][] 
 []

File: /e/lectures/real-time/PhD-work/STM/Practical/results_uno/figures/20_tasks
/Abr_Dur/fblt/Abr_dur_20t_420obj_100wr_-1eta.eps Graphic file (type eps)

</e/lectures/real-time/PhD-work/STM/Practical/results_uno/figures/20_tasks/Abr_
Dur/fblt/Abr_dur_20t_420obj_100wr_-1eta.eps>
Overfull \hbox (37.08109pt too wide) in paragraph at lines 1543--1544
 [][] 
 []

File: /e/lectures/real-time/PhD-work/STM/Practical/results_uno/figures/4_tasks/
Abr_Dur/fblt/Abr_dur_4t_20obj_100wr_-1eta.eps Graphic file (type eps)

</e/lectures/real-time/PhD-work/STM/Practical/results_uno/figures/4_tasks/Abr_D
ur/fblt/Abr_dur_4t_20obj_100wr_-1eta.eps>
Overfull \hbox (37.08109pt too wide) in paragraph at lines 1552--1553
 [][] 
 []

File: /e/lectures/real-time/PhD-work/STM/Practical/results_uno/figures/8_tasks/
Abr_Dur/fblt/Abr_dur_8t_20obj_100wr_-1eta.eps Graphic file (type eps)

</e/lectures/real-time/PhD-work/STM/Practical/results_uno/figures/8_tasks/Abr_D
ur/fblt/Abr_dur_8t_20obj_100wr_-1eta.eps>
Overfull \hbox (37.08109pt too wide) in paragraph at lines 1559--1560
 [][] 
 []

File: /e/lectures/real-time/PhD-work/STM/Practical/results_uno/figures/20_tasks
/Abr_Dur/fblt/Abr_dur_20t_20obj_100wr_-1eta.eps Graphic file (type eps)

</e/lectures/real-time/PhD-work/STM/Practical/results_uno/figures/20_tasks/Abr_
Dur/fblt/Abr_dur_20t_20obj_100wr_-1eta.eps>
Overfull \hbox (37.08109pt too wide) in paragraph at lines 1566--1567
 [][] 
 []

[11] (./DATE13_SH.bbl [12]
Underfull \hbox (badness 4608) in paragraph at lines 89--93
[]\OT1/ptm/m/n/8 V. Marathe, M. Spear, C. Heriot, A. Acharya, D. Eisen-stat,
 []


Underfull \hbox (badness 2865) in paragraph at lines 135--138
[]\OT1/ptm/m/n/8 M. El-Shambakey and B. Ravin-dran, ``On the de-sign of real-
 []


Underfull \hbox (badness 1454) in paragraph at lines 135--138
\OT1/ptm/m/n/8 time stm con-tention man-agers,'' ECE De-part-ment, Vir-ginia Te
ch,
 []


Underfull \hbox (badness 10000) in paragraph at lines 135--138
\OT1/ptm/m/n/8 Tech. Rep., 2011, avail-able as $http : / / www . real-[]time . 
ece . vt . edu /
 []

)

** Conference Paper **
Before submitting the final camera ready copy, remember to:

 1. Manually equalize the lengths of two columns on the last page
 of your paper;

 2. Ensure that any PostScript and/or PDF output post-processing
 uses only Type 1 fonts and that every step in the generation
 process uses the appropriate paper size.

[13] (./DATE13_SH.aux) ) 
Here is how much of TeX's memory you used:
 3960 strings out of 495062
 56399 string characters out of 1182644
 142409 words of memory out of 3000000
 7099 multiletter control sequences out of 15000+50000
 31729 words of font info for 78 fonts, out of 3000000 for 9000
 28 hyphenation exceptions out of 8191
 33i,19n,31p,1809b,475s stack positions out of 5000i,500n,10000p,200000b,50000s

Output written on DATE13_SH.dvi (13 pages, 125468 bytes).
