This is pdfTeXk, Version 3.141592-1.40.3 (Web2C 7.5.6) (format=latex 2011.1.17)  16 OCT 2011 14:24
entering extended mode
 %&-line parsing enabled.
**SAC2012.tex
(./SAC2012.tex
LaTeX2e <2005/12/01>
Babel <v3.8h> and hyphenation patterns for english, usenglishmax, dumylang, noh
yphenation, loaded.
(./sig-alternate.cls (/usr/share/texmf-texlive/tex/latex/graphics/epsfig.sty
Package: epsfig 1999/02/16 v1.7a (e)psfig emulation (SPQR)

(/usr/share/texmf-texlive/tex/latex/graphics/graphicx.sty
Package: graphicx 1999/02/16 v1.0f Enhanced LaTeX Graphics (DPC,SPQR)

(/usr/share/texmf-texlive/tex/latex/graphics/keyval.sty
Package: keyval 1999/03/16 v1.13 key=value parser (DPC)
\KV@toks@=\toks14
)
(/usr/share/texmf-texlive/tex/latex/graphics/graphics.sty
Package: graphics 2006/02/20 v1.0o Standard LaTeX Graphics (DPC,SPQR)

(/usr/share/texmf-texlive/tex/latex/graphics/trig.sty
Package: trig 1999/03/16 v1.09 sin cos tan (DPC)
)
(/etc/texmf/tex/latex/config/graphics.cfg
File: graphics.cfg 2007/01/18 v1.5 graphics configuration of teTeX/TeXLive
)
Package graphics Info: Driver file: dvips.def on input line 90.

(/usr/share/texmf-texlive/tex/latex/graphics/dvips.def
File: dvips.def 1999/02/16 v3.0i Driver-dependant file (DPC,SPQR)
))
\Gin@req@height=\dimen102
\Gin@req@width=\dimen103
)
\epsfxsize=\dimen104
\epsfysize=\dimen105
)
(/usr/share/texmf-texlive/tex/latex/amsfonts/amssymb.sty
Package: amssymb 2002/01/22 v2.2d

(/usr/share/texmf-texlive/tex/latex/amsfonts/amsfonts.sty
Package: amsfonts 2001/10/25 v2.2f
\@emptytoks=\toks15
\symAMSa=\mathgroup4
\symAMSb=\mathgroup5
LaTeX Font Info:    Overwriting math alphabet `\mathfrak' in version `bold'
(Font)                  U/euf/m/n --> U/euf/b/n on input line 132.
))
(/usr/share/texmf-texlive/tex/latex/amsmath/amsmath.sty
Package: amsmath 2000/07/18 v2.13 AMS math features
\@mathmargin=\skip41

For additional information on amsmath, use the `?' option.
(/usr/share/texmf-texlive/tex/latex/amsmath/amstext.sty
Package: amstext 2000/06/29 v2.01

(/usr/share/texmf-texlive/tex/latex/amsmath/amsgen.sty
File: amsgen.sty 1999/11/30 v2.0
\@emptytoks=\toks16
\ex@=\dimen106
))
(/usr/share/texmf-texlive/tex/latex/amsmath/amsbsy.sty
Package: amsbsy 1999/11/29 v1.2d
\pmbraise@=\dimen107
)
(/usr/share/texmf-texlive/tex/latex/amsmath/amsopn.sty
Package: amsopn 1999/12/14 v2.01 operator names
)
\inf@bad=\count79
LaTeX Info: Redefining \frac on input line 211.
\uproot@=\count80
\leftroot@=\count81
LaTeX Info: Redefining \overline on input line 307.
\classnum@=\count82
\DOTSCASE@=\count83
LaTeX Info: Redefining \ldots on input line 379.
LaTeX Info: Redefining \dots on input line 382.
LaTeX Info: Redefining \cdots on input line 467.
\Mathstrutbox@=\box26
\strutbox@=\box27
\big@size=\dimen108
LaTeX Font Info:    Redeclaring font encoding OML on input line 567.
LaTeX Font Info:    Redeclaring font encoding OMS on input line 568.
\macc@depth=\count84
\c@MaxMatrixCols=\count85
\dotsspace@=\muskip10
\c@parentequation=\count86
\dspbrk@lvl=\count87
\tag@help=\toks17
\row@=\count88
\column@=\count89
\maxfields@=\count90
\andhelp@=\toks18
\eqnshift@=\dimen109
\alignsep@=\dimen110
\tagshift@=\dimen111
\tagwidth@=\dimen112
\totwidth@=\dimen113
\lineht@=\dimen114
\@envbody=\toks19
\multlinegap=\skip42
\multlinetaggap=\skip43
\mathdisplay@stack=\toks20
LaTeX Info: Redefining \[ on input line 2666.
LaTeX Info: Redefining \] on input line 2667.
)
Document Class 'sig-alternate' <22nd. April '09>. Modified by G.K.M. Tobin/Gerr
y Murray
Based in part upon document Style `acmconf' <22 May 89>. Hacked 4/91 by
shivers@cs.cmu.edu, 4/93 by theobald@cs.mcgill.ca
Excerpts were taken from (Journal Style) 'esub2acm.cls'.
****** Bugs/comments/suggestions/technicalities to Gerry Murray -- murray@hq.ac
m.org ******
Questions on the style, SIGS policies, etc. to Adrienne Griscti griscti@acm.org

\footheight=\dimen115
\@maxsep=\dimen116
\@dblmaxsep=\dimen117
\aucount=\count91
\originalaucount=\count92
\auwidth=\dimen118
\auskip=\dimen119
\auskipcount=\count93
\auskip=\dimen120
\allauboxes=\dimen121
\addauthors=\toks21
\addauflag=\count94
\subtitletext=\toks22
\savesection=\count95
\sectioncntr=\count96
\c@figure=\count97
\c@table=\count98
\titleboxnotes=\toks23
\titleboxnoteflag=\count99
Document Class: sig-alternate 2009/04/22 - V2.4 - based on acmproc.cls V1.3 <No
v. 30 '99>
(/usr/share/texmf-texlive/tex/latex/base/latexsym.sty
Package: latexsym 1998/08/17 v2.2e Standard LaTeX package (lasy symbols)
\symlasy=\mathgroup6
LaTeX Font Info:    Overwriting symbol font `lasy' in version `bold'
(Font)                  U/lasy/m/n --> U/lasy/b/n on input line 47.
)
\@acmtitlebox=\box28
\titlenotecount=\count100
\tntoks=\toks24
\tntokstwo=\toks25
\tntoksthree=\toks26
\tntoksfour=\toks27
\tntoksfive=\toks28
\catcount=\count101
\copyrightnotice=\toks29
\conf=\toks30
\confinfo=\toks31
\c@part=\count102
\c@section=\count103
\c@subsection=\count104
\c@subsubsection=\count105
\c@paragraph=\count106

Using 'Abbrev' bibliography style
LaTeX Info: Redefining \cite on input line 1211.
\bibindent=\dimen122
\colcntr=\count107
\saveb@x=\box29
\copyrtyr=\toks32
\acmcopyr=\toks33
\boilerplate=\toks34
\copyrightetc=\toks35
(/usr/share/texmf-texlive/tex/latex/base/fontenc.sty
Package: fontenc 2005/09/27 v1.99g Standard LaTeX package

(/usr/share/texmf-texlive/tex/latex/base/t1enc.def
File: t1enc.def 2005/09/27 v1.99g Standard LaTeX file
LaTeX Font Info:    Redeclaring font encoding T1 on input line 43.
)
LaTeX Font Info:    Try loading font information for T1+aer on input line 100.

(/usr/share/texmf-texlive/tex/latex/ae/t1aer.fd
File: t1aer.fd 1997/11/16 Font definitions for T1/aer.
)))
(/usr/share/texmf-texlive/tex/latex/subfigure/subfigure.sty
Package: subfigure 2002/03/15 v2.1.5 subfigure package
\subfigtopskip=\skip44
\subfigcapskip=\skip45
\subfigcaptopadj=\dimen123
\subfigbottomskip=\skip46
\subfigcapmargin=\dimen124
\subfiglabelskip=\skip47
\c@subfigure=\count108
\c@lofdepth=\count109
\c@subtable=\count110
\c@lotdepth=\count111

****************************************
* Local config file subfigure.cfg used *
****************************************
(/usr/share/texmf-texlive/tex/latex/subfigure/subfigure.cfg)
\subfig@top=\skip48
\subfig@bottom=\skip49
)
(/usr/share/texmf-texlive/tex/latex/paralist/paralist.sty
Package: paralist 2002/03/18 v2.3b Extended list environments (BS)
\pltopsep=\skip50
\plpartopsep=\skip51
\plitemsep=\skip52
\plparsep=\skip53
\pl@lab=\toks36
)
(/usr/share/texmf-texlive/tex/latex/comment/comment.sty
\CommentStream=\write3

Excluding comment 'comment')
(/usr/share/texmf-texlive/tex/latex/tools/array.sty
Package: array 2005/08/23 v2.4b Tabular extension package (FMi)
\col@sep=\dimen125
\extrarowheight=\dimen126
\NC@list=\toks37
\extratabsurround=\skip54
\backup@length=\skip55
)
(/usr/share/texmf-texlive/tex/latex/cite/cite.sty
LaTeX Info: Redefining \cite on input line 149.
LaTeX Info: Redefining \nocite on input line 214.
Package: cite 2003/11/04  v 4.01
)
(/usr/share/texmf-texlive/tex/latex/ltxmisc/url.sty
\Urlmuskip=\muskip11
Package: url 2005/06/27  ver 3.2  Verb mode for urls, etc.
)
\c@clm=\count112
 (./SAC2012.aux)
\openout1 = `SAC2012.aux'.

LaTeX Font Info:    Checking defaults for OML/cmm/m/it on input line 24.
LaTeX Font Info:    ... okay on input line 24.
LaTeX Font Info:    Checking defaults for T1/cmr/m/n on input line 24.
LaTeX Font Info:    ... okay on input line 24.
LaTeX Font Info:    Checking defaults for OT1/cmr/m/n on input line 24.
LaTeX Font Info:    ... okay on input line 24.
LaTeX Font Info:    Checking defaults for OMS/cmsy/m/n on input line 24.
LaTeX Font Info:    ... okay on input line 24.
LaTeX Font Info:    Checking defaults for OMX/cmex/m/n on input line 24.
LaTeX Font Info:    ... okay on input line 24.
LaTeX Font Info:    Checking defaults for U/cmr/m/n on input line 24.
LaTeX Font Info:    ... okay on input line 24.
LaTeX Font Info:    Try loading font information for U+msa on input line 43.

(/usr/share/texmf-texlive/tex/latex/amsfonts/umsa.fd
File: umsa.fd 2002/01/19 v2.2g AMS font definitions
)
LaTeX Font Info:    Try loading font information for U+msb on input line 43.

(/usr/share/texmf-texlive/tex/latex/amsfonts/umsb.fd
File: umsb.fd 2002/01/19 v2.2g AMS font definitions
)
LaTeX Font Info:    Try loading font information for U+lasy on input line 43.

(/usr/share/texmf-texlive/tex/latex/base/ulasy.fd
File: ulasy.fd 1998/08/17 v2.2e LaTeX symbol font definitions
)
Overfull \hbox (525.59998pt too wide) in paragraph at lines 43--43
 [][][][] 
 []


Overfull \hbox (3.01114pt too wide) in paragraph at lines 53--54
\T1/aer/m/n/9 i-cal pro-cesses are con-cur-rent, com-pu-ta-tions that con-trol 
them
 []


Underfull \vbox (badness 10000) has occurred while \output is active []

 [1


]
Overfull \hbox (2.23015pt too wide) in paragraph at lines 76--81
[]\T1/aer/m/n/9 Transactional-like con-cur-rency con-trol with-out us-ing locks
,
 []

[2]
File: figures/figure9-a.eps Graphic file (type eps)
 <figures/figure9-a.eps>
Overfull \hbox (32.01558pt too wide) in paragraph at lines 155--156
 [][] 
 []

File: figures/figure9-b.eps Graphic file (type eps)
<figures/figure9-b.eps>
Overfull \hbox (32.01558pt too wide) in paragraph at lines 162--163
 [][] 
 []

File: figures/figure5-a.eps Graphic file (type eps)
<figures/figure5-a.eps>
File: figures/figure5-b-1.eps Graphic file (type eps)
 <figures/figure5-b-1.eps>
Underfull \hbox (badness 3838) in paragraph at lines 179--179
[]\T1/aer/m/n/9 (b) Lazy val-i-da-tion with
 []

File: figures/figure5-c-1.eps Graphic file (type eps)
<figures/figure5-c-1.eps>
Underfull \hbox (badness 10000) in paragraph at lines 183--183
[]\T1/aer/m/n/9 (c) Lazy val-i-da-tion with
 []

File: figures/figure6-a-1.eps Graphic file (type eps)
<figures/figure6-a-1.eps>
File: figures/figure6-b.eps Graphic file (type eps)
 <figures/figure6-b.eps>
File: figures/circle.eps Graphic file (type eps)
 <figures/circle.eps>
File: figures/dotted_circle.eps Graphic file (type eps)

<figures/dotted_circle.eps>
Overfull \hbox (4.431pt too wide) in paragraph at lines 275--277
\T1/aer/m/it/9 ex-cept $\OML/cmm/m/it/9 ^^\[]$\T1/aer/m/it/9 , ac-cess-ing $\OM
L/cmm/m/it/9 ^^R$\T1/aer/m/it/9 . $[]\OT1/cmr/m/n/9 (\OML/cmm/m/it/9 ^^R\OT1/cm
r/m/n/9 )$ \T1/aer/m/it/9 is the sec-ond max-i-mum atomic
 []

[3]
Overfull \hbox (10.3252pt too wide) in paragraph at lines 287--297
[]\T1/aer/m/n/9 To see why $[][][]\OT1/cmr/m/n/9 (\OML/cmm/m/it/9 ^^R\OT1/cmr/m
/n/9 )$ \T1/aer/m/n/9 is used in-stead of $\OML/cmm/m/it/9 s[]\OT1/cmr/m/n/9 (\
OML/cmm/m/it/9 ^^R\OT1/cmr/m/n/9 )$\T1/aer/m/n/9 , the maximum-
 []


Overfull \hbox (4.72801pt too wide) in paragraph at lines 287--297
\T1/aer/m/n/9 into an ar-ray, in non-increasing or-der of their lengths. $\OML/
cmm/m/it/9 s[]\OT1/cmr/m/n/9 (\OML/cmm/m/it/9 ^^R\OT1/cmr/m/n/9 )$
 []

File: figures/figure7.eps Graphic file (type eps)
<figures/figure7.eps> [4]
Overfull \hbox (7.1368pt too wide) detected at line 338
\OML/cmm/m/it/9 W[]\OT1/cmr/m/n/9 (\OML/cmm/m/it/9 L\OT1/cmr/m/n/9 ) = \OML/cmm
/m/it/9 max []
 []

File: figures/figure10.eps Graphic file (type eps)
<figures/figure10.eps>
Overfull \hbox (14.4098pt too wide) detected at line 382
\OML/cmm/m/it/9 RC [] \OMS/cmsy/m/n/9 ^^T [] \OML/cmm/m/it/9 min []
 []

[5]
File: figures/figure11.eps Graphic file (type eps)
 <figures/figure11.eps>
Overfull \hbox (24.84056pt too wide) in paragraph at lines 441--444
\T1/aer/m/n/9 tion $\OML/cmm/m/it/9 L$ \T1/aer/m/n/9 can be de-duced from Fig-u
re 7[] as $\OML/cmm/m/it/9 W[]\OT1/cmr/m/n/9 (\OML/cmm/m/it/9 L\OT1/cmr/m/n/9 )
 = [] \OML/cmm/m/it/9 c[]$\T1/aer/m/n/9 ,
 []


Overfull \hbox (1.44908pt too wide) in paragraph at lines 460--463
[]\T1/aer/m/n/9 Since the worst case in-ter-fer-ence pat-tern for RCM
 []

[6]
File: figures/figure14.eps Graphic file (type eps)
 <figures/figure14.eps> [7]
File: figures/figure15-a.eps Graphic file (type eps)
 <figures/figure15-a.eps>
File: figures/figure15-b.eps Graphic file (type eps)

<figures/figure15-b.eps> (./SAC2012.bbl) [8] (./SAC2012.aux) ) 
Here is how much of TeX's memory you used:
 2435 strings out of 95087
 28016 string characters out of 1183278
 85913 words of memory out of 1500000
 5559 multiletter control sequences out of 10000+50000
 41484 words of font info for 52 fonts, out of 1200000 for 2000
 28 hyphenation exceptions out of 8191
 39i,17n,26p,1465b,360s stack positions out of 5000i,500n,6000p,200000b,5000s

Output written on SAC2012.dvi (8 pages, 80344 bytes).
