This is pdfTeX, Version 3.1415926-1.40.10 (TeX Live 2009/Debian) (format=latex 2012.1.24)  13 MAR 2012 14:50
entering extended mode
 %&-line parsing enabled.
**DAC12.tex
(./DAC12.tex
LaTeX2e <2009/09/24>
Babel <v3.8l> and hyphenation patterns for english, usenglishmax, dumylang, noh
yphenation, loaded.
(./sig-alternate.cls (/usr/share/texmf-texlive/tex/latex/graphics/epsfig.sty
Package: epsfig 1999/02/16 v1.7a (e)psfig emulation (SPQR)

(/usr/share/texmf-texlive/tex/latex/graphics/graphicx.sty
Package: graphicx 1999/02/16 v1.0f Enhanced LaTeX Graphics (DPC,SPQR)

(/usr/share/texmf-texlive/tex/latex/graphics/keyval.sty
Package: keyval 1999/03/16 v1.13 key=value parser (DPC)
\KV@toks@=\toks14
)
(/usr/share/texmf-texlive/tex/latex/graphics/graphics.sty
Package: graphics 2009/02/05 v1.0o Standard LaTeX Graphics (DPC,SPQR)

(/usr/share/texmf-texlive/tex/latex/graphics/trig.sty
Package: trig 1999/03/16 v1.09 sin cos tan (DPC)
)
(/etc/texmf/tex/latex/config/graphics.cfg
File: graphics.cfg 2009/08/28 v1.8 graphics configuration of TeX Live
)
Package graphics Info: Driver file: dvips.def on input line 91.

(/usr/share/texmf-texlive/tex/latex/graphics/dvips.def
File: dvips.def 1999/02/16 v3.0i Driver-dependant file (DPC,SPQR)
))
\Gin@req@height=\dimen102
\Gin@req@width=\dimen103
)
\epsfxsize=\dimen104
\epsfysize=\dimen105
)
(/usr/share/texmf-texlive/tex/latex/amsfonts/amssymb.sty
Package: amssymb 2009/06/22 v3.00

(/usr/share/texmf-texlive/tex/latex/amsfonts/amsfonts.sty
Package: amsfonts 2009/06/22 v3.00 Basic AMSFonts support
\@emptytoks=\toks15
\symAMSa=\mathgroup4
\symAMSb=\mathgroup5
LaTeX Font Info:    Overwriting math alphabet `\mathfrak' in version `bold'
(Font)                  U/euf/m/n --> U/euf/b/n on input line 96.
))
(/usr/share/texmf-texlive/tex/latex/amsmath/amsmath.sty
Package: amsmath 2000/07/18 v2.13 AMS math features
\@mathmargin=\skip41

For additional information on amsmath, use the `?' option.
(/usr/share/texmf-texlive/tex/latex/amsmath/amstext.sty
Package: amstext 2000/06/29 v2.01

(/usr/share/texmf-texlive/tex/latex/amsmath/amsgen.sty
File: amsgen.sty 1999/11/30 v2.0
\@emptytoks=\toks16
\ex@=\dimen106
))
(/usr/share/texmf-texlive/tex/latex/amsmath/amsbsy.sty
Package: amsbsy 1999/11/29 v1.2d
\pmbraise@=\dimen107
)
(/usr/share/texmf-texlive/tex/latex/amsmath/amsopn.sty
Package: amsopn 1999/12/14 v2.01 operator names
)
\inf@bad=\count79
LaTeX Info: Redefining \frac on input line 211.
\uproot@=\count80
\leftroot@=\count81
LaTeX Info: Redefining \overline on input line 307.
\classnum@=\count82
\DOTSCASE@=\count83
LaTeX Info: Redefining \ldots on input line 379.
LaTeX Info: Redefining \dots on input line 382.
LaTeX Info: Redefining \cdots on input line 467.
\Mathstrutbox@=\box26
\strutbox@=\box27
\big@size=\dimen108
LaTeX Font Info:    Redeclaring font encoding OML on input line 567.
LaTeX Font Info:    Redeclaring font encoding OMS on input line 568.
\macc@depth=\count84
\c@MaxMatrixCols=\count85
\dotsspace@=\muskip10
\c@parentequation=\count86
\dspbrk@lvl=\count87
\tag@help=\toks17
\row@=\count88
\column@=\count89
\maxfields@=\count90
\andhelp@=\toks18
\eqnshift@=\dimen109
\alignsep@=\dimen110
\tagshift@=\dimen111
\tagwidth@=\dimen112
\totwidth@=\dimen113
\lineht@=\dimen114
\@envbody=\toks19
\multlinegap=\skip42
\multlinetaggap=\skip43
\mathdisplay@stack=\toks20
LaTeX Info: Redefining \[ on input line 2666.
LaTeX Info: Redefining \] on input line 2667.
)
Document Class 'sig-alternate' <22nd. April '09>. Modified by G.K.M. Tobin/Gerr
y Murray
Based in part upon document Style `acmconf' <22 May 89>. Hacked 4/91 by
shivers@cs.cmu.edu, 4/93 by theobald@cs.mcgill.ca
Excerpts were taken from (Journal Style) 'esub2acm.cls'.
****** Bugs/comments/suggestions/technicalities to Gerry Murray -- murray@hq.ac
m.org ******
Questions on the style, SIGS policies, etc. to Adrienne Griscti griscti@acm.org

\footheight=\dimen115
\@maxsep=\dimen116
\@dblmaxsep=\dimen117
\aucount=\count91
\originalaucount=\count92
\auwidth=\dimen118
\auskip=\dimen119
\auskipcount=\count93
\auskip=\dimen120
\allauboxes=\dimen121
\addauthors=\toks21
\addauflag=\count94
\subtitletext=\toks22
\savesection=\count95
\sectioncntr=\count96
\c@figure=\count97
\c@table=\count98
\titleboxnotes=\toks23
\titleboxnoteflag=\count99
Document Class: sig-alternate 2009/04/22 - V2.4 - based on acmproc.cls V1.3 <No
v. 30 '99>
(/usr/share/texmf-texlive/tex/latex/base/latexsym.sty
Package: latexsym 1998/08/17 v2.2e Standard LaTeX package (lasy symbols)
\symlasy=\mathgroup6
LaTeX Font Info:    Overwriting symbol font `lasy' in version `bold'
(Font)                  U/lasy/m/n --> U/lasy/b/n on input line 47.
)
\@acmtitlebox=\box28
\titlenotecount=\count100
\tntoks=\toks24
\tntokstwo=\toks25
\tntoksthree=\toks26
\tntoksfour=\toks27
\tntoksfive=\toks28
\catcount=\count101
\copyrightnotice=\toks29
\conf=\toks30
\confinfo=\toks31
\c@part=\count102
\c@section=\count103
\c@subsection=\count104
\c@subsubsection=\count105
\c@paragraph=\count106

Using 'Abbrev' bibliography style
LaTeX Info: Redefining \cite on input line 1211.
\bibindent=\dimen122
\colcntr=\count107
\saveb@x=\box29
\copyrtyr=\toks32
\acmcopyr=\toks33
\boilerplate=\toks34
\copyrightetc=\toks35
(/usr/share/texmf-texlive/tex/latex/base/fontenc.sty
Package: fontenc 2005/09/27 v1.99g Standard LaTeX package

(/usr/share/texmf-texlive/tex/latex/base/t1enc.def
File: t1enc.def 2005/09/27 v1.99g Standard LaTeX file
LaTeX Font Info:    Redeclaring font encoding T1 on input line 43.
)
LaTeX Font Info:    Try loading font information for T1+aer on input line 100.

(/usr/share/texmf-texlive/tex/latex/ae/t1aer.fd
File: t1aer.fd 1997/11/16 Font definitions for T1/aer.
)))
(/usr/share/texmf-texlive/tex/latex/paralist/paralist.sty
Package: paralist 2002/03/18 v2.3b Extended list environments (BS)
\pltopsep=\skip44
\plpartopsep=\skip45
\plitemsep=\skip46
\plparsep=\skip47
\pl@lab=\toks36
)
(/usr/share/texmf-texlive/tex/latex/comment/comment.sty
\CommentStream=\write3

Excluding comment 'comment') (/usr/share/texmf-texlive/tex/latex/cite/cite.sty
LaTeX Info: Redefining \cite on input line 285.
LaTeX Info: Redefining \nocite on input line 356.
Package: cite 2009/08/29  v 5.2
) (/usr/share/texmf-texlive/tex/latex/subfigure/subfigure.sty
Package: subfigure 2002/03/15 v2.1.5 subfigure package
\subfigtopskip=\skip48
\subfigcapskip=\skip49
\subfigcaptopadj=\dimen123
\subfigbottomskip=\skip50
\subfigcapmargin=\dimen124
\subfiglabelskip=\skip51
\c@subfigure=\count108
\c@lofdepth=\count109
\c@subtable=\count110
\c@lotdepth=\count111

****************************************
* Local config file subfigure.cfg used *
****************************************
(/usr/share/texmf-texlive/tex/latex/subfigure/subfigure.cfg)
\subfig@top=\skip52
\subfig@bottom=\skip53
)
(/usr/share/texmf-texlive/tex/latex/ltxmisc/url.sty
\Urlmuskip=\muskip11
Package: url 2006/04/12  ver 3.3  Verb mode for urls, etc.
) (./algorithm2e.sty
Package: algorithm2e 2008/00/00 v3.10 algorithms environments
\c@AlgoLine=\count112

(/usr/share/texmf-texlive/tex/latex/base/ifthen.sty
Package: ifthen 2001/05/26 v1.1c Standard LaTeX ifthen package (DPC)
)
(/usr/share/texmf-texlive/tex/latex/tools/xspace.sty
Package: xspace 2006/05/08 v1.12 Space after command names (DPC,MH)
)
(/usr/share/texmf-texlive/tex/latex/ltxmisc/relsize.sty
Package: relsize 2003/07/04 ver 3.1


Package relsize Warning: Failed to get list of font sizes.
(relsize)                Falling back to old definition. on input line 81.

)
********************************************************
Package `algorithm2e' Release 4.01 -- december 14 2009 --
- algorithm2e-announce@lirmm.fr mailing list for announcement about releases
- algorithm2e-discussion@lirmm.fr mailing list for discussion about package
subscribe by emailing sympa@lirmm.fr with 'subscribe <list> <firstname name>'
- Author: Christophe Fiorio (fiorio@lirmm.fr)
********************************************************
\skiptotal=\skip54
\skiplinenumber=\skip55
\skiprule=\skip56
\skiphlne=\skip57
\skiptext=\skip58
\skiplength=\skip59
\algomargin=\skip60
\skipalgocfslide=\skip61
\algowidth=\dimen125
\inoutsize=\dimen126
\inoutline=\dimen127
\interspacetitleruled=\dimen128
\interspacealgoruled=\dimen129
\interspacetitleboxruled=\dimen130
\algocf@inoutbox=\box30
\algocf@inputbox=\box31
\AlCapSkip=\skip62
\AlCapHSkip=\skip63
\algocf@nlbox=\box32
\algocf@hangingbox=\box33
\algocf@capbox=\box34
\algoheightruledefault=\skip64
\algoheightrule=\skip65
\algotitleheightruledefault=\skip66
\algotitleheightrule=\skip67
\c@algocfline=\count113
\c@algocfproc=\count114
\c@algocf=\count115
\algocf@algoframe=\box35
\algocf@algobox=\box36
)
\c@clm=\count116
 (./DAC12.aux)
\openout1 = `DAC12.aux'.

LaTeX Font Info:    Checking defaults for OML/cmm/m/it on input line 31.
LaTeX Font Info:    ... okay on input line 31.
LaTeX Font Info:    Checking defaults for T1/cmr/m/n on input line 31.
LaTeX Font Info:    ... okay on input line 31.
LaTeX Font Info:    Checking defaults for OT1/cmr/m/n on input line 31.
LaTeX Font Info:    ... okay on input line 31.
LaTeX Font Info:    Checking defaults for OMS/cmsy/m/n on input line 31.
LaTeX Font Info:    ... okay on input line 31.
LaTeX Font Info:    Checking defaults for OMX/cmex/m/n on input line 31.
LaTeX Font Info:    ... okay on input line 31.
LaTeX Font Info:    Checking defaults for U/cmr/m/n on input line 31.
LaTeX Font Info:    ... okay on input line 31.
LaTeX Font Info:    Try loading font information for U+msa on input line 65.
 (/usr/share/texmf-texlive/tex/latex/amsfonts/umsa.fd
File: umsa.fd 2009/06/22 v3.00 AMS symbols A
)
LaTeX Font Info:    Try loading font information for U+msb on input line 65.

(/usr/share/texmf-texlive/tex/latex/amsfonts/umsb.fd
File: umsb.fd 2009/06/22 v3.00 AMS symbols B
)
LaTeX Font Info:    Try loading font information for U+lasy on input line 65.

(/usr/share/texmf-texlive/tex/latex/base/ulasy.fd
File: ulasy.fd 1998/08/17 v2.2e LaTeX symbol font definitions
)
Overfull \hbox (1.68747pt too wide) in paragraph at lines 68--70
\T1/aer/m/n/9 con-flicts, called length-based CM (or LCM). We up-per bound
 []


Overfull \hbox (7.03629pt too wide) in paragraph at lines 77--91
\T1/aer/m/n/9 cul-ties. With TM, pro-gram-mers or-ga-nize code that read/write
 []


Overfull \hbox (3.79413pt too wide) in paragraph at lines 77--91
\T1/aer/m/n/9 shared ob-jects as trans-ac-tions, which ap-pear to ex-e-cute ato
m-
 []


Overfull \hbox (14.09143pt too wide) in paragraph at lines 95--97
\T1/aer/m/n/9 CM (ECM) and Rate Mono-tonic Assignment-based CM (RCM),
 []


Overfull \hbox (2.23015pt too wide) in paragraph at lines 107--111
[]\T1/aer/m/n/9 Transactional-like con-cur-rency con-trol with-out us-ing locks
,
 []

[1


] [2]
Overfull \hbox (2.25826pt too wide) in paragraph at lines 194--197
[]\T1/aer/m/n/9 On the other hand, as $\OML/cmm/m/it/9 s[]\OT1/cmr/m/n/9 (\OML/
cmm/m/it/9 ^^R\OT1/cmr/m/n/9 )$ \T1/aer/m/n/9 is in-ter-fered early, or $\OML/c
mm/m/it/9 len\OT1/cmr/m/n/9 (\OML/cmm/m/it/9 s[]\OT1/cmr/m/n/9 (\OML/cmm/m/it/9
 ^^R\OT1/cmr/m/n/9 ))$
 []

File: figures/figure16.eps Graphic file (type eps)
<figures/figure16.eps>
Overfull \hbox (2.9276pt too wide) in paragraph at lines 226--229
[]\T1/aer/m/it/9 Let $\OML/cmm/m/it/9 s[]\OT1/cmr/m/n/9 (\OML/cmm/m/it/9 ^^R\OT
1/cmr/m/n/9 )$ \T1/aer/m/it/9 in-ter-fere once with $\OML/cmm/m/it/9 s[]\OT1/cm
r/m/n/9 (\OML/cmm/m/it/9 ^^R\OT1/cmr/m/n/9 )$ \T1/aer/m/it/9 at $\OML/cmm/m/it/
9 []$\T1/aer/m/it/9 . Then,
 []

File: figures/figure18.eps Graphic file (type eps)
<figures/figure18.eps> [3]
Overfull \hbox (3.24904pt too wide) in paragraph at lines 341--343
\T1/aer/m/n/9 men-ta-tions of ECM, RCM, G-EDF/LCM, and G-RMA/LCM
 []

[4]
File: figures/Abr_dur_5t_nl_g_30_0.5_0.5_0.5_1.eps Graphic file (type eps)
 <figures/Abr_dur_5t_nl_g_30_0.5_0.5_0.5_1.eps>
File: figures/Abr_dur_10t_nl_g_30_0.5_0.5_0.5_1.eps Graphic file (type eps)

<figures/Abr_dur_10t_nl_g_30_0.5_0.5_0.5_1.eps>
File: figures/Abr_dur_12t_nl_g_30_0.5_0.5_0.5_1.eps Graphic file (type eps)

<figures/Abr_dur_12t_nl_g_30_0.5_0.5_0.5_1.eps>
Underfull \vbox (badness 3428) has occurred while \output is active []

 [5]
File: figures/Res_Time_5t_nl_g_30_0.5_0.5_0.5_1.eps Graphic file (type eps)

<figures/Res_Time_5t_nl_g_30_0.5_0.5_0.5_1.eps>
File: figures/Res_Time_10t_nl_g_30_0.5_0.5_0.5_1.eps Graphic file (type eps)

<figures/Res_Time_10t_nl_g_30_0.5_0.5_0.5_1.eps>
File: figures/Res_Time_12t_nl_g_30_0.5_0.5_0.5_1.eps Graphic file (type eps)

<figures/Res_Time_12t_nl_g_30_0.5_0.5_0.5_1.eps>
Underfull \hbox (badness 10000) in paragraph at lines 477--486
[][]
 []


Underfull \hbox (badness 10000) in paragraph at lines 477--486
[]
 []

(./DAC12.bbl
LaTeX Font Info:    Try loading font information for T1+aett on input line 37.
 (/usr/share/texmf-texlive/tex/latex/ae/t1aett.fd
File: t1aett.fd 1997/11/16 Font definitions for T1/aett.
)) [6]
Overfull \hbox (3.8432pt too wide) in paragraph at lines 568--569
[]\T1/aer/m/n/9 The max-i-mum num-ber of higher pri-or-ity in-stances
 []

[7]
Overfull \hbox (3.76762pt too wide) in alignment at lines 709--711
 [][][] []
 []

[8]
File: figures/Abr_dur_5t_nl_g_30_0.5_0.2_0.2_1.eps Graphic file (type eps)
 <figures/Abr_dur_5t_nl_g_30_0.5_0.2_0.2_1.eps>
File: figures/Abr_dur_10t_nl_g_30_0.5_0.2_0.2_1.eps Graphic file (type eps)

<figures/Abr_dur_10t_nl_g_30_0.5_0.2_0.2_1.eps>
File: figures/Abr_dur_12t_nl_g_30_0.5_0.2_0.2_1.eps Graphic file (type eps)

<figures/Abr_dur_12t_nl_g_30_0.5_0.2_0.2_1.eps>
File: figures/Res_Time_5t_nl_g_30_0.5_0.2_0.2_1.eps Graphic file (type eps)

<figures/Res_Time_5t_nl_g_30_0.5_0.2_0.2_1.eps>
File: figures/Res_Time_10t_nl_g_30_0.5_0.2_0.2_1.eps Graphic file (type eps)

<figures/Res_Time_10t_nl_g_30_0.5_0.2_0.2_1.eps>
File: figures/Res_Time_12t_nl_g_30_0.5_0.2_0.2_1.eps Graphic file (type eps)

<figures/Res_Time_12t_nl_g_30_0.5_0.2_0.2_1.eps>
Underfull \hbox (badness 10000) in paragraph at lines 740--749
[][]
 []


Underfull \hbox (badness 10000) in paragraph at lines 740--749
[]
 []

File: figures/Abr_dur_5t_nl_g_30_0.8_0.5_0.2_1.eps Graphic file (type eps)
<figures/Abr_dur_5t_nl_g_30_0.8_0.5_0.2_1.eps>
File: figures/Abr_dur_10t_nl_g_30_0.8_0.5_0.2_1.eps Graphic file (type eps)

<figures/Abr_dur_10t_nl_g_30_0.8_0.5_0.2_1.eps>
File: figures/Abr_dur_12t_nl_g_30_0.8_0.5_0.2_1.eps Graphic file (type eps)

<figures/Abr_dur_12t_nl_g_30_0.8_0.5_0.2_1.eps>
File: figures/Res_Time_5t_nl_g_30_0.8_0.5_0.2_1.eps Graphic file (type eps)

<figures/Res_Time_5t_nl_g_30_0.8_0.5_0.2_1.eps>
File: figures/Res_Time_10t_nl_g_30_0.8_0.5_0.2_1.eps Graphic file (type eps)

<figures/Res_Time_10t_nl_g_30_0.8_0.5_0.2_1.eps>
File: figures/Res_Time_12t_nl_g_30_0.8_0.5_0.2_1.eps Graphic file (type eps)

<figures/Res_Time_12t_nl_g_30_0.8_0.5_0.2_1.eps>
Underfull \hbox (badness 10000) in paragraph at lines 776--785
[][]
 []


Underfull \hbox (badness 10000) in paragraph at lines 776--785
[]
 []

[9] [10] (./DAC12.aux) ) 
Here is how much of TeX's memory you used:
 3663 strings out of 495062
 45898 string characters out of 1182644
 128306 words of memory out of 3000000
 6765 multiletter control sequences out of 15000+50000
 48242 words of font info for 63 fonts, out of 3000000 for 9000
 28 hyphenation exceptions out of 8191
 39i,14n,27p,783b,453s stack positions out of 5000i,500n,10000p,200000b,50000s

Output written on DAC12.dvi (10 pages, 77440 bytes).
