This is pdfTeX, Version 3.1415926-1.40.10 (TeX Live 2009/Debian) (format=latex 2012.1.24)  13 MAR 2012 14:37
entering extended mode
 %&-line parsing enabled.
**DAC12_old.tex
(./DAC12_old.tex
LaTeX2e <2009/09/24>
Babel <v3.8l> and hyphenation patterns for english, usenglishmax, dumylang, noh
yphenation, loaded.
(./sig-alternate.cls (/usr/share/texmf-texlive/tex/latex/graphics/epsfig.sty
Package: epsfig 1999/02/16 v1.7a (e)psfig emulation (SPQR)

(/usr/share/texmf-texlive/tex/latex/graphics/graphicx.sty
Package: graphicx 1999/02/16 v1.0f Enhanced LaTeX Graphics (DPC,SPQR)

(/usr/share/texmf-texlive/tex/latex/graphics/keyval.sty
Package: keyval 1999/03/16 v1.13 key=value parser (DPC)
\KV@toks@=\toks14
)
(/usr/share/texmf-texlive/tex/latex/graphics/graphics.sty
Package: graphics 2009/02/05 v1.0o Standard LaTeX Graphics (DPC,SPQR)

(/usr/share/texmf-texlive/tex/latex/graphics/trig.sty
Package: trig 1999/03/16 v1.09 sin cos tan (DPC)
)
(/etc/texmf/tex/latex/config/graphics.cfg
File: graphics.cfg 2009/08/28 v1.8 graphics configuration of TeX Live
)
Package graphics Info: Driver file: dvips.def on input line 91.

(/usr/share/texmf-texlive/tex/latex/graphics/dvips.def
File: dvips.def 1999/02/16 v3.0i Driver-dependant file (DPC,SPQR)
))
\Gin@req@height=\dimen102
\Gin@req@width=\dimen103
)
\epsfxsize=\dimen104
\epsfysize=\dimen105
)
(/usr/share/texmf-texlive/tex/latex/amsfonts/amssymb.sty
Package: amssymb 2009/06/22 v3.00

(/usr/share/texmf-texlive/tex/latex/amsfonts/amsfonts.sty
Package: amsfonts 2009/06/22 v3.00 Basic AMSFonts support
\@emptytoks=\toks15
\symAMSa=\mathgroup4
\symAMSb=\mathgroup5
LaTeX Font Info:    Overwriting math alphabet `\mathfrak' in version `bold'
(Font)                  U/euf/m/n --> U/euf/b/n on input line 96.
))
(/usr/share/texmf-texlive/tex/latex/amsmath/amsmath.sty
Package: amsmath 2000/07/18 v2.13 AMS math features
\@mathmargin=\skip41

For additional information on amsmath, use the `?' option.
(/usr/share/texmf-texlive/tex/latex/amsmath/amstext.sty
Package: amstext 2000/06/29 v2.01

(/usr/share/texmf-texlive/tex/latex/amsmath/amsgen.sty
File: amsgen.sty 1999/11/30 v2.0
\@emptytoks=\toks16
\ex@=\dimen106
))
(/usr/share/texmf-texlive/tex/latex/amsmath/amsbsy.sty
Package: amsbsy 1999/11/29 v1.2d
\pmbraise@=\dimen107
)
(/usr/share/texmf-texlive/tex/latex/amsmath/amsopn.sty
Package: amsopn 1999/12/14 v2.01 operator names
)
\inf@bad=\count79
LaTeX Info: Redefining \frac on input line 211.
\uproot@=\count80
\leftroot@=\count81
LaTeX Info: Redefining \overline on input line 307.
\classnum@=\count82
\DOTSCASE@=\count83
LaTeX Info: Redefining \ldots on input line 379.
LaTeX Info: Redefining \dots on input line 382.
LaTeX Info: Redefining \cdots on input line 467.
\Mathstrutbox@=\box26
\strutbox@=\box27
\big@size=\dimen108
LaTeX Font Info:    Redeclaring font encoding OML on input line 567.
LaTeX Font Info:    Redeclaring font encoding OMS on input line 568.
\macc@depth=\count84
\c@MaxMatrixCols=\count85
\dotsspace@=\muskip10
\c@parentequation=\count86
\dspbrk@lvl=\count87
\tag@help=\toks17
\row@=\count88
\column@=\count89
\maxfields@=\count90
\andhelp@=\toks18
\eqnshift@=\dimen109
\alignsep@=\dimen110
\tagshift@=\dimen111
\tagwidth@=\dimen112
\totwidth@=\dimen113
\lineht@=\dimen114
\@envbody=\toks19
\multlinegap=\skip42
\multlinetaggap=\skip43
\mathdisplay@stack=\toks20
LaTeX Info: Redefining \[ on input line 2666.
LaTeX Info: Redefining \] on input line 2667.
)
Document Class 'sig-alternate' <22nd. April '09>. Modified by G.K.M. Tobin/Gerr
y Murray
Based in part upon document Style `acmconf' <22 May 89>. Hacked 4/91 by
shivers@cs.cmu.edu, 4/93 by theobald@cs.mcgill.ca
Excerpts were taken from (Journal Style) 'esub2acm.cls'.
****** Bugs/comments/suggestions/technicalities to Gerry Murray -- murray@hq.ac
m.org ******
Questions on the style, SIGS policies, etc. to Adrienne Griscti griscti@acm.org

\footheight=\dimen115
\@maxsep=\dimen116
\@dblmaxsep=\dimen117
\aucount=\count91
\originalaucount=\count92
\auwidth=\dimen118
\auskip=\dimen119
\auskipcount=\count93
\auskip=\dimen120
\allauboxes=\dimen121
\addauthors=\toks21
\addauflag=\count94
\subtitletext=\toks22
\savesection=\count95
\sectioncntr=\count96
\c@figure=\count97
\c@table=\count98
\titleboxnotes=\toks23
\titleboxnoteflag=\count99
Document Class: sig-alternate 2009/04/22 - V2.4 - based on acmproc.cls V1.3 <No
v. 30 '99>
(/usr/share/texmf-texlive/tex/latex/base/latexsym.sty
Package: latexsym 1998/08/17 v2.2e Standard LaTeX package (lasy symbols)
\symlasy=\mathgroup6
LaTeX Font Info:    Overwriting symbol font `lasy' in version `bold'
(Font)                  U/lasy/m/n --> U/lasy/b/n on input line 47.
)
\@acmtitlebox=\box28
\titlenotecount=\count100
\tntoks=\toks24
\tntokstwo=\toks25
\tntoksthree=\toks26
\tntoksfour=\toks27
\tntoksfive=\toks28
\catcount=\count101
\copyrightnotice=\toks29
\conf=\toks30
\confinfo=\toks31
\c@part=\count102
\c@section=\count103
\c@subsection=\count104
\c@subsubsection=\count105
\c@paragraph=\count106

Using 'Abbrev' bibliography style
LaTeX Info: Redefining \cite on input line 1211.
\bibindent=\dimen122
\colcntr=\count107
\saveb@x=\box29
\copyrtyr=\toks32
\acmcopyr=\toks33
\boilerplate=\toks34
\copyrightetc=\toks35
(/usr/share/texmf-texlive/tex/latex/base/fontenc.sty
Package: fontenc 2005/09/27 v1.99g Standard LaTeX package

(/usr/share/texmf-texlive/tex/latex/base/t1enc.def
File: t1enc.def 2005/09/27 v1.99g Standard LaTeX file
LaTeX Font Info:    Redeclaring font encoding T1 on input line 43.
)
LaTeX Font Info:    Try loading font information for T1+aer on input line 100.

(/usr/share/texmf-texlive/tex/latex/ae/t1aer.fd
File: t1aer.fd 1997/11/16 Font definitions for T1/aer.
)))
(/usr/share/texmf-texlive/tex/latex/subfigure/subfigure.sty
Package: subfigure 2002/03/15 v2.1.5 subfigure package
\subfigtopskip=\skip44
\subfigcapskip=\skip45
\subfigcaptopadj=\dimen123
\subfigbottomskip=\skip46
\subfigcapmargin=\dimen124
\subfiglabelskip=\skip47
\c@subfigure=\count108
\c@lofdepth=\count109
\c@subtable=\count110
\c@lotdepth=\count111

****************************************
* Local config file subfigure.cfg used *
****************************************
(/usr/share/texmf-texlive/tex/latex/subfigure/subfigure.cfg)
\subfig@top=\skip48
\subfig@bottom=\skip49
)
(/usr/share/texmf-texlive/tex/latex/paralist/paralist.sty
Package: paralist 2002/03/18 v2.3b Extended list environments (BS)
\pltopsep=\skip50
\plpartopsep=\skip51
\plitemsep=\skip52
\plparsep=\skip53
\pl@lab=\toks36
)
(/usr/share/texmf-texlive/tex/latex/comment/comment.sty
\CommentStream=\write3

Excluding comment 'comment')
(/usr/share/texmf-texlive/tex/latex/tools/array.sty
Package: array 2008/09/09 v2.4c Tabular extension package (FMi)
\col@sep=\dimen125
\extrarowheight=\dimen126
\NC@list=\toks37
\extratabsurround=\skip54
\backup@length=\skip55
)
(/usr/share/texmf-texlive/tex/latex/cite/cite.sty
LaTeX Info: Redefining \cite on input line 285.
LaTeX Info: Redefining \nocite on input line 356.
Package: cite 2009/08/29  v 5.2
)
(/usr/share/texmf-texlive/tex/latex/ltxmisc/url.sty
\Urlmuskip=\muskip11
Package: url 2006/04/12  ver 3.3  Verb mode for urls, etc.
)
\c@clm=\count112


LaTeX Warning: Unused global option(s):
    [conference].

(./DAC12_old.aux)
\openout1 = `DAC12_old.aux'.

LaTeX Font Info:    Checking defaults for OML/cmm/m/it on input line 24.
LaTeX Font Info:    ... okay on input line 24.
LaTeX Font Info:    Checking defaults for T1/cmr/m/n on input line 24.
LaTeX Font Info:    ... okay on input line 24.
LaTeX Font Info:    Checking defaults for OT1/cmr/m/n on input line 24.
LaTeX Font Info:    ... okay on input line 24.
LaTeX Font Info:    Checking defaults for OMS/cmsy/m/n on input line 24.
LaTeX Font Info:    ... okay on input line 24.
LaTeX Font Info:    Checking defaults for OMX/cmex/m/n on input line 24.
LaTeX Font Info:    ... okay on input line 24.
LaTeX Font Info:    Checking defaults for U/cmr/m/n on input line 24.
LaTeX Font Info:    ... okay on input line 24.
LaTeX Font Info:    Try loading font information for U+msa on input line 49.
 (/usr/share/texmf-texlive/tex/latex/amsfonts/umsa.fd
File: umsa.fd 2009/06/22 v3.00 AMS symbols A
)
LaTeX Font Info:    Try loading font information for U+msb on input line 49.

(/usr/share/texmf-texlive/tex/latex/amsfonts/umsb.fd
File: umsb.fd 2009/06/22 v3.00 AMS symbols B
)
LaTeX Font Info:    Try loading font information for U+lasy on input line 49.

(/usr/share/texmf-texlive/tex/latex/base/ulasy.fd
File: ulasy.fd 1998/08/17 v2.2e LaTeX symbol font definitions
)

LaTeX Warning: No \author given.


Overfull \hbox (1.68747pt too wide) in paragraph at lines 52--55
\T1/aer/m/n/9 con-flicts, called length-based CM (or LCM). We up-per bound
 []


Overfull \hbox (22.43506pt too wide) in paragraph at lines 61--74
\T1/aer/m/n/9 dif-fi-cul-ties. With TM, pro-gram-mers or-ga-nize code that read
/write
 []


Overfull \hbox (3.79413pt too wide) in paragraph at lines 61--74
\T1/aer/m/n/9 shared ob-jects as trans-ac-tions, which ap-pear to ex-e-cute ato
m-
 []


Overfull \hbox (14.09041pt too wide) in paragraph at lines 78--80
\T1/aer/m/n/9 CM (ECM) and Rate Mono-tonic Assignment-based CM (RCM),
 []


Overfull \hbox (2.23015pt too wide) in paragraph at lines 86--90
[]\T1/aer/m/n/9 Transactional-like con-cur-rency con-trol with-out us-ing locks
,
 []

[1


]
File: figures/figure16.eps Graphic file (type eps)
 <figures/figure16.eps> [2] [3]
Overfull \hbox (17.23308pt too wide) in paragraph at lines 267--268
[]$\OML/cmm/m/it/9 RC\OT1/cmr/m/n/9 (\OML/cmm/m/it/9 T[]\OT1/cmr/m/n/9 )$ \T1/a
er/m/it/9 for $\OML/cmm/m/it/9 ^^\[]$ \T1/aer/m/it/9 un-der G-EDF/LCM is up-per
 bounded
 []


Overfull \hbox (5.5673pt too wide) in paragraph at lines 274--275
[]\T1/aer/m/it/9 where $\OML/cmm/m/it/9 s[]\OT1/cmr/m/n/9 (\OML/cmm/m/it/9 ^^R\
OT1/cmr/m/n/9 )$ \T1/aer/m/it/9 ($\OML/cmm/m/it/9 s[]\OT1/cmr/m/n/9 (\OML/cmm/m
/it/9 ^^R\OT1/cmr/m/n/9 )$\T1/aer/m/it/9 ) is the max-i-mum (min-i-mum) length
 []


Overfull \hbox (3.08475pt too wide) in paragraph at lines 274--275
\T1/aer/m/it/9 is $\OML/cmm/m/it/9 $ \T1/aer/m/it/9 value that cor-re-sponds t
o $\OML/cmm/m/it/9  $ \T1/aer/m/it/9 due to in-ter-fer-ence of $\OML/cmm/m/it/9
 s[]\OT1/cmr/m/n/9 (\OML/cmm/m/it/9 ^^R\OT1/cmr/m/n/9 )$
 []


Overfull \hbox (3.8432pt too wide) in paragraph at lines 278--279
[]\T1/aer/m/n/9 The max-i-mum num-ber of higher pri-or-ity in-stances
 []

File: figures/figure18.eps Graphic file (type eps)
<figures/figure18.eps>
Overfull \hbox (5.85371pt too wide) in paragraph at lines 292--292
[]\secfnt Schedulability com-par-i-son of G-EDF/LCM
 []


Overfull \hbox (53.23962pt too wide) in paragraph at lines 320--324
\T1/aer/m/it/9 where $\OML/cmm/m/it/9 ^^R$ \T1/aer/m/it/9 is shared with an-oth
er task\T1/aer/m/n/9 . Then $\OML/cmm/m/it/9 ^^L[] \OT1/cmr/m/n/9 = \OML/cmm/m/
it/9 max\OMS/cmsy/m/n/9 f\OML/cmm/m/it/9 max[]\OMS/cmsy/m/n/9 f\OML/cmm/m/it/9 
^^L[]\OMS/cmsy/m/n/9 g\OML/cmm/m/it/9 ; ^^L[]\OMS/cmsy/m/n/9 g$
 []

[4]
Overfull \hbox (5.92508pt too wide) in paragraph at lines 348--348
[]\secfnt G-EDF/LCM ver-sus lock-free syn-chro-niza-
 []


Overfull \hbox (4.13016pt too wide) in paragraph at lines 353--355
\T1/aer/m/it/9 EDF/LCM achieves higher schedu-la-bil-ity than retry-loop lock-
 []


Overfull \hbox (3.21939pt too wide) in paragraph at lines 414--415
[]\T1/aer/m/n/9 So, from the pre-vi-ous cases, the up-per bound on $\OML/cmm/m/
it/9 s[]=r[]$
 []


Overfull \hbox (22.46732pt too wide) in paragraph at lines 421--422
[]\T1/aer/m/it/9 Let $\OML/cmm/m/it/9 ^^U[]\OT1/cmr/m/n/9 (\OML/cmm/m/it/9 j; ^
^R\OT1/cmr/m/n/9 ) = [][] \OML/cmm/m/it/9 len\OT1/cmr/m/n/9 (\OML/cmm/m/it/9 s[
]\OT1/cmr/m/n/9 (\OML/cmm/m/it/9 ^^R\OT1/cmr/m/n/9 )) + \OML/cmm/m/it/9 []len\
OT1/cmr/m/n/9 (\OML/cmm/m/it/9 s[]\OT1/cmr/m/n/9 (\OML/cmm/m/it/9 ^^R\OT1/cmr/m
/n/9 ))$
 []

[5]
Overfull \hbox (13.84573pt too wide) in paragraph at lines 440--440
[]\secfnt Schedulability Com-par-i-son of G-RMA/LCM
 []


Overfull \hbox (3.76762pt too wide) in alignment at lines 462--464
 [][][] []
 []

(./DAC12_old.bbl [6]) [7

] (./DAC12_old.aux) ) 
Here is how much of TeX's memory you used:
 2419 strings out of 495062
 27738 string characters out of 1182644
 92555 words of memory out of 3000000
 5560 multiletter control sequences out of 15000+50000
 41475 words of font info for 52 fonts, out of 3000000 for 9000
 28 hyphenation exceptions out of 8191
 39i,12n,26p,867b,281s stack positions out of 5000i,500n,10000p,200000b,50000s

Output written on DAC12_old.dvi (7 pages, 61316 bytes).
